Label	Class	n_sample
0	dogs	791
1	cats	791

Epoch	AvgTrainLoss	AvgTrainAcc	AvgValLoss	AvgValAcc
1	6.9316667318e-01	4.7649016976e-01	6.9314718246e-01	5.0000000000e-01
2	6.9314861298e-01	4.9688947201e-01	6.9314831495e-01	5.0000000000e-01
3	6.9317913055e-01	5.0556999445e-01	6.9314748049e-01	5.0000000000e-01
4	6.9313287735e-01	5.0607639551e-01	6.9314944744e-01	5.0000000000e-01
5	6.9317102432e-01	4.9797454476e-01	6.9316005707e-01	5.0000000000e-01
6	6.9315069914e-01	5.0202542543e-01	6.9316339493e-01	5.0000000000e-01
7	6.9330579042e-01	4.9088540673e-01	6.9316440821e-01	5.0000000000e-01
8	6.9315099716e-01	5.0151908398e-01	6.9315069914e-01	5.0000000000e-01
9	6.9318455458e-01	4.9276623130e-01	6.9314718246e-01	5.0000000000e-01
10	6.9315934181e-01	5.0202542543e-01	6.9314748049e-01	5.0000000000e-01
11	6.9315123558e-01	5.0202542543e-01	6.9314742088e-01	5.0000000000e-01
12	6.9316387177e-01	4.8256656528e-01	6.9314712286e-01	5.0000000000e-01
13	6.9316679239e-01	4.9254918098e-01	6.9314789772e-01	5.0000000000e-01
14	6.9318032265e-01	4.8177084327e-01	6.9314748049e-01	5.0000000000e-01
15	6.9315606356e-01	5.0151908398e-01	6.9314718246e-01	5.0000000000e-01
16	6.9315272570e-01	5.0000000000e-01	6.9314742088e-01	5.0000000000e-01
17	6.9315695763e-01	5.0101274252e-01	6.9314807653e-01	5.0000000000e-01
18	6.9319719076e-01	4.9746814370e-01	6.9315063953e-01	5.0000000000e-01
19	6.9317311049e-01	4.9746814370e-01	6.9314718246e-01	5.0000000000e-01
20	6.9316214323e-01	4.8857060075e-01	6.9314843416e-01	5.0000000000e-01
21	6.9315832853e-01	5.0101274252e-01	6.9314777851e-01	5.0000000000e-01
22	6.9317483902e-01	4.9442997575e-01	6.9314765930e-01	5.0000000000e-01
23	6.9315212965e-01	5.0180846453e-01	6.9314724207e-01	5.0000000000e-01
24	6.9316339493e-01	4.8328992724e-01	6.9314724207e-01	5.0000000000e-01
25	6.9316393137e-01	4.8726853728e-01	6.9314754009e-01	5.0000000000e-01
26	6.9315844774e-01	4.9898728728e-01	6.9314801693e-01	5.0000000000e-01
27	6.9316244125e-01	5.0000000000e-01	6.9314801693e-01	5.0000000000e-01
28	6.9315719604e-01	4.9457466602e-01	6.9314718246e-01	5.0000000000e-01
29	6.9315332174e-01	5.0000000000e-01	6.9314736128e-01	5.0000000000e-01
30	6.9315546751e-01	4.7952833772e-01	6.9314718246e-01	5.0000000000e-01
31	6.9316071272e-01	5.0506365299e-01	6.9314843416e-01	5.0000000000e-01
32	6.9316673279e-01	4.9949362874e-01	6.9315326214e-01	5.0000000000e-01
33	6.9319897890e-01	4.9544271827e-01	6.9315046072e-01	5.0000000000e-01
34	6.9314914942e-01	5.0151908398e-01	6.9314819574e-01	5.0000000000e-01
35	6.9319540262e-01	4.7352430224e-01	6.9314724207e-01	5.0000000000e-01
36	6.9315034151e-01	4.9645543098e-01	6.9314730167e-01	5.0000000000e-01
37	6.9315022230e-01	5.0050634146e-01	6.9314974546e-01	5.0000000000e-01
38	6.9314700365e-01	5.0253182650e-01	6.9315421581e-01	5.0000000000e-01
39	6.9316679239e-01	5.0303822756e-01	6.9315201044e-01	5.0000000000e-01
40	6.9317954779e-01	4.9848091602e-01	6.9315809011e-01	5.0000000000e-01
41	6.9317513704e-01	4.9898728728e-01	6.9315701723e-01	5.0000000000e-01
42	6.9319200516e-01	5.0506365299e-01	6.9314873219e-01	5.0000000000e-01
43	6.9316309690e-01	4.9746814370e-01	6.9314992428e-01	5.0000000000e-01
44	6.9316941500e-01	4.9746814370e-01	6.9314885139e-01	5.0000000000e-01
45	6.9315582514e-01	4.9949362874e-01	6.9314742088e-01	5.0000000000e-01
46	6.9315022230e-01	4.9710646272e-01	6.9314718246e-01	5.0000000000e-01
47	6.9315403700e-01	4.8907697201e-01	6.9314718246e-01	5.0000000000e-01
48	6.9319128990e-01	4.6932873130e-01	6.9314765930e-01	5.0000000000e-01
49	6.9315344095e-01	4.9168112874e-01	6.9314754009e-01	5.0000000000e-01
50	6.9315320253e-01	4.9898728728e-01	6.9314777851e-01	5.0000000000e-01
51	6.9315129519e-01	5.0101274252e-01	6.9314765930e-01	5.0000000000e-01
52	6.9315487146e-01	4.9797454476e-01	6.9314754009e-01	5.0000000000e-01
53	6.9316434860e-01	4.9645543098e-01	6.9314754009e-01	5.0000000000e-01
54	6.9315749407e-01	4.9942126870e-01	6.9314759970e-01	5.0000000000e-01
55	6.9317728281e-01	5.0050634146e-01	6.9314748049e-01	5.0000000000e-01
56	6.9315689802e-01	5.0101274252e-01	6.9314944744e-01	5.0000000000e-01
57	6.9318866730e-01	4.9544271827e-01	6.9315129519e-01	5.0000000000e-01
58	6.9317573309e-01	4.9696180224e-01	6.9314968586e-01	5.0000000000e-01
59	6.9316238165e-01	5.0000000000e-01	6.9314754009e-01	5.0000000000e-01
60	6.9314962626e-01	5.0122976303e-01	6.9314742088e-01	5.0000000000e-01
61	6.9314473867e-01	5.0253182650e-01	6.9315028191e-01	5.0000000000e-01
62	6.9315320253e-01	5.0050634146e-01	6.9315135479e-01	5.0000000000e-01
63	6.9316869974e-01	5.0506365299e-01	6.9314980507e-01	5.0000000000e-01
64	6.9321584702e-01	4.9696180224e-01	6.9316065311e-01	5.0000000000e-01
65	6.9317430258e-01	4.9848091602e-01	6.9315594435e-01	5.0000000000e-01
66	6.9319051504e-01	4.9746814370e-01	6.9315332174e-01	5.0000000000e-01
67	6.9314962626e-01	5.0455731153e-01	6.9314801693e-01	5.0000000000e-01
68	6.9317406416e-01	4.9594905972e-01	6.9314795732e-01	5.0000000000e-01
69	6.9316345453e-01	5.0253182650e-01	6.9314718246e-01	5.0000000000e-01
70	6.9317287207e-01	4.9696180224e-01	6.9314718246e-01	5.0000000000e-01
71	6.9315141439e-01	5.0238716602e-01	6.9314730167e-01	5.0000000000e-01
72	6.9317013025e-01	4.9848091602e-01	6.9314843416e-01	5.0000000000e-01
73	6.9315916300e-01	5.0405091047e-01	6.9314718246e-01	5.0000000000e-01
74	6.9315201044e-01	5.0253182650e-01	6.9314855337e-01	5.0000000000e-01
75	6.9317549467e-01	5.0000000000e-01	6.9315296412e-01	5.0000000000e-01
76	6.9315439463e-01	5.0506365299e-01	6.9314908981e-01	5.0000000000e-01
77	6.9315618277e-01	4.9898728728e-01	6.9315135479e-01	5.0000000000e-01
78	6.9315123558e-01	5.0354456902e-01	6.9314920902e-01	5.0000000000e-01
79	6.9314289093e-01	5.0151908398e-01	6.9315201044e-01	5.0000000000e-01
80	6.9313949347e-01	5.0253182650e-01	6.9315218925e-01	5.0000000000e-01
81	6.9317466021e-01	4.9848091602e-01	6.9315481186e-01	5.0000000000e-01
82	6.9314950705e-01	5.0202542543e-01	6.9315218925e-01	5.0000000000e-01
83	6.9317197800e-01	4.9746814370e-01	6.9315123558e-01	5.0000000000e-01
84	6.9316738844e-01	4.9898728728e-01	6.9315093756e-01	5.0000000000e-01
85	6.9317585230e-01	4.9544271827e-01	6.9314801693e-01	5.0000000000e-01
86	6.9315671921e-01	4.9696180224e-01	6.9314718246e-01	5.0000000000e-01
87	6.9317346811e-01	5.0050634146e-01	6.9315242767e-01	5.0000000000e-01
88	6.9313496351e-01	5.0506365299e-01	6.9315552711e-01	5.0000000000e-01
89	6.9311118126e-01	5.0759547949e-01	6.9315689802e-01	5.0000000000e-01
90	6.9311094284e-01	5.0506365299e-01	6.9316136837e-01	5.0000000000e-01
91	6.9312983751e-01	5.0303822756e-01	6.9317150116e-01	5.0000000000e-01
92	6.9319945574e-01	5.0000000000e-01	6.9318872690e-01	5.0000000000e-01
93	6.9318342209e-01	5.0050634146e-01	6.9318592548e-01	5.0000000000e-01
94	6.9316577911e-01	5.0151908398e-01	6.9317197800e-01	5.0000000000e-01
95	6.9316643476e-01	5.0101274252e-01	6.9316083193e-01	5.0000000000e-01
96	6.9317084551e-01	5.0000000000e-01	6.9315397739e-01	5.0000000000e-01
97	6.9313144684e-01	5.0455731153e-01	6.9315296412e-01	5.0000000000e-01
98	6.9315820932e-01	5.0000000000e-01	6.9315427542e-01	5.0000000000e-01
99	6.9318312407e-01	5.0202542543e-01	6.9314920902e-01	5.0000000000e-01
100	6.9316625595e-01	4.9797454476e-01	6.9315052032e-01	5.0000000000e-01
101	6.9315773249e-01	4.9949362874e-01	6.9314998388e-01	5.0000000000e-01
102	6.9319725037e-01	4.9544271827e-01	6.9315087795e-01	5.0000000000e-01
103	6.9317799807e-01	4.8907697201e-01	6.9314742088e-01	5.0000000000e-01
104	6.9314998388e-01	5.0405091047e-01	6.9314765930e-01	5.0000000000e-01
105	6.9321680069e-01	4.9696180224e-01	6.9315463305e-01	5.0000000000e-01
106	6.9320821762e-01	5.0202542543e-01	6.9314801693e-01	5.0000000000e-01
107	6.9315129519e-01	5.0151908398e-01	6.9314968586e-01	5.0000000000e-01
108	6.9316166639e-01	4.9848091602e-01	6.9314968586e-01	5.0000000000e-01
109	6.9315522909e-01	5.0455731153e-01	6.9314825535e-01	5.0000000000e-01
110	6.9313979149e-01	5.0253182650e-01	6.9314956665e-01	5.0000000000e-01
111	6.9322156906e-01	4.9594905972e-01	6.9315528870e-01	5.0000000000e-01
112	6.9321227074e-01	4.9645543098e-01	6.9315540791e-01	5.0000000000e-01
113	6.9314646721e-01	5.0050634146e-01	6.9314819574e-01	5.0000000000e-01
114	6.9314604998e-01	5.0000000000e-01	6.9314712286e-01	5.0000000000e-01
115	6.9316357374e-01	4.9500867724e-01	6.9314718246e-01	5.0000000000e-01
116	6.9316047430e-01	4.9450230598e-01	6.9314837456e-01	5.0000000000e-01
117	6.9316941500e-01	4.9797454476e-01	6.9314962626e-01	5.0000000000e-01
118	6.9316506386e-01	4.9746814370e-01	6.9314873219e-01	5.0000000000e-01
119	6.9314938784e-01	4.9848091602e-01	6.9314718246e-01	5.0000000000e-01
120	6.9323533773e-01	4.9066841602e-01	6.9315189123e-01	5.0000000000e-01
121	6.9315004349e-01	5.0050634146e-01	6.9314932823e-01	5.0000000000e-01
122	6.9315892458e-01	4.9898728728e-01	6.9314759970e-01	5.0000000000e-01
123	6.9315624237e-01	4.9746814370e-01	6.9314748049e-01	5.0000000000e-01
124	6.9316285849e-01	4.9269387126e-01	6.9314771891e-01	5.0000000000e-01
125	6.9319027662e-01	4.9797454476e-01	6.9315046072e-01	5.0000000000e-01
126	6.9316506386e-01	4.9645543098e-01	6.9314801693e-01	5.0000000000e-01
127	6.9316023588e-01	4.8900461197e-01	6.9314777851e-01	5.0000000000e-01
128	6.9315916300e-01	5.0202542543e-01	6.9314748049e-01	5.0000000000e-01
129	6.9313979149e-01	5.0202542543e-01	6.9314885139e-01	5.0000000000e-01
130	6.9316858053e-01	4.9746814370e-01	6.9315195084e-01	5.0000000000e-01
131	6.9314771891e-01	5.0101274252e-01	6.9315147400e-01	5.0000000000e-01
132	6.9323682785e-01	4.9848091602e-01	6.9315683842e-01	5.0000000000e-01
133	6.9316148758e-01	5.0202542543e-01	6.9314962626e-01	5.0000000000e-01
134	6.9316834211e-01	5.0303822756e-01	6.9314736128e-01	5.0000000000e-01
135	6.9315236807e-01	5.0303822756e-01	6.9314736128e-01	5.0000000000e-01
136	6.9318062067e-01	4.9645543098e-01	6.9315046072e-01	5.0000000000e-01
137	6.9317299128e-01	4.9797454476e-01	6.9314783812e-01	5.0000000000e-01
138	6.9316118956e-01	4.8835358024e-01	6.9314718246e-01	5.0000000000e-01
139	6.9318348169e-01	4.9848091602e-01	6.9314789772e-01	5.0000000000e-01
140	6.9315415621e-01	5.0151908398e-01	6.9314718246e-01	5.0000000000e-01
141	6.9316524267e-01	5.0050634146e-01	6.9314789772e-01	5.0000000000e-01
142	6.9316124916e-01	4.9848091602e-01	6.9314765930e-01	5.0000000000e-01
143	6.9317084551e-01	4.9645543098e-01	6.9314765930e-01	5.0000000000e-01
144	6.9322270155e-01	4.8451969028e-01	6.9314891100e-01	5.0000000000e-01
145	6.9315892458e-01	4.9696180224e-01	6.9314765930e-01	5.0000000000e-01
146	6.9315725565e-01	4.8914930224e-01	6.9314724207e-01	5.0000000000e-01
147	6.9315004349e-01	5.0253182650e-01	6.9314742088e-01	5.0000000000e-01
148	6.9315052032e-01	4.9949362874e-01	6.9314843416e-01	5.0000000000e-01
149	6.9317126274e-01	4.9746814370e-01	6.9314861298e-01	5.0000000000e-01
150	6.9315749407e-01	5.0253182650e-01	6.9314718246e-01	5.0000000000e-01
151	6.9316148758e-01	4.8495373130e-01	6.9314718246e-01	5.0000000000e-01
152	6.9318777323e-01	4.9124708772e-01	6.9314867258e-01	5.0000000000e-01
153	6.9316691160e-01	5.0607639551e-01	6.9314730167e-01	5.0000000000e-01
154	6.9314950705e-01	5.0000000000e-01	6.9314879179e-01	5.0000000000e-01
155	6.9314044714e-01	5.0506365299e-01	6.9314944744e-01	5.0000000000e-01
156	6.9322997332e-01	4.9645543098e-01	6.9315713644e-01	5.0000000000e-01
157	6.9318962097e-01	4.9645543098e-01	6.9315361977e-01	5.0000000000e-01
158	6.9315212965e-01	5.0101274252e-01	6.9314825535e-01	5.0000000000e-01
159	6.9315928221e-01	4.7851562500e-01	6.9314718246e-01	5.0000000000e-01
160	6.9319933653e-01	4.9797454476e-01	6.9315165281e-01	5.0000000000e-01
161	6.9318294525e-01	5.0354456902e-01	6.9314807653e-01	5.0000000000e-01
162	6.9314646721e-01	5.0253182650e-01	6.9314837456e-01	5.0000000000e-01
163	6.9315820932e-01	5.0101274252e-01	6.9314986467e-01	5.0000000000e-01
164	6.9322913885e-01	4.9696180224e-01	6.9315773249e-01	5.0000000000e-01
165	6.9319629669e-01	4.9544271827e-01	6.9315242767e-01	5.0000000000e-01
166	6.9316458702e-01	4.9696180224e-01	6.9314742088e-01	5.0000000000e-01
167	6.9320535660e-01	4.7844329476e-01	6.9315010309e-01	5.0000000000e-01
168	6.9315242767e-01	5.0050634146e-01	6.9315099716e-01	5.0000000000e-01
169	6.9315767288e-01	5.0050634146e-01	6.9315123558e-01	5.0000000000e-01
170	6.9315141439e-01	5.0455731153e-01	6.9314891100e-01	5.0000000000e-01
171	6.9316053391e-01	4.9949362874e-01	6.9315117598e-01	5.0000000000e-01
172	6.9321250916e-01	4.9898728728e-01	6.9315552711e-01	5.0000000000e-01
173	6.9315415621e-01	5.0151908398e-01	6.9315195084e-01	5.0000000000e-01
174	6.9315141439e-01	5.0202542543e-01	6.9314819574e-01	5.0000000000e-01
175	6.9317454100e-01	4.9949362874e-01	6.9314968586e-01	5.0000000000e-01
176	6.9315499067e-01	5.0000000000e-01	6.9314765930e-01	5.0000000000e-01
177	6.9315022230e-01	4.9949362874e-01	6.9314712286e-01	5.0000000000e-01
178	6.9316405058e-01	4.9898728728e-01	6.9314730167e-01	5.0000000000e-01
179	6.9317388535e-01	4.9797454476e-01	6.9314736128e-01	5.0000000000e-01
180	6.9314932823e-01	4.9240449071e-01	6.9314789772e-01	5.0000000000e-01
181	6.9320076704e-01	4.9341726303e-01	6.9315040112e-01	5.0000000000e-01
182	6.9315677881e-01	5.0000000000e-01	6.9314819574e-01	5.0000000000e-01
183	6.9315958023e-01	5.0000000000e-01	6.9314712286e-01	5.0000000000e-01
184	6.9316220284e-01	5.0101274252e-01	6.9314825535e-01	5.0000000000e-01
185	6.9318151474e-01	4.9746814370e-01	6.9314908981e-01	5.0000000000e-01
186	6.9316744804e-01	5.0101274252e-01	6.9314718246e-01	5.0000000000e-01
187	6.9318598509e-01	4.8300060630e-01	6.9314742088e-01	5.0000000000e-01
188	6.9317132235e-01	4.9884259701e-01	6.9314813614e-01	5.0000000000e-01
189	6.9317942858e-01	4.9442997575e-01	6.9314843416e-01	5.0000000000e-01
190	6.9316214323e-01	4.8987269402e-01	6.9314777851e-01	5.0000000000e-01
191	6.9315034151e-01	5.0000000000e-01	6.9314765930e-01	5.0000000000e-01
192	6.9315004349e-01	5.0000000000e-01	6.9314754009e-01	5.0000000000e-01
193	6.9315201044e-01	4.9898728728e-01	6.9314777851e-01	5.0000000000e-01
194	6.9317644835e-01	4.9645543098e-01	6.9314873219e-01	5.0000000000e-01
195	6.9315558672e-01	4.9898728728e-01	6.9314718246e-01	5.0000000000e-01
196	6.9315379858e-01	4.9095773697e-01	6.9314718246e-01	5.0000000000e-01
197	6.9315361977e-01	4.8574939370e-01	6.9314712286e-01	5.0000000000e-01
198	6.9314503670e-01	5.0101274252e-01	6.9314765930e-01	5.0000000000e-01
199	6.9315791130e-01	5.0303822756e-01	6.9315028191e-01	5.0000000000e-01
200	6.9317388535e-01	4.9848091602e-01	6.9314920902e-01	5.0000000000e-01
201	6.9315987825e-01	4.9898728728e-01	6.9315016270e-01	5.0000000000e-01
202	6.9315093756e-01	5.0050634146e-01	6.9314879179e-01	5.0000000000e-01
203	6.9317084551e-01	5.0253182650e-01	6.9314730167e-01	5.0000000000e-01
204	6.9314986467e-01	5.0303822756e-01	6.9314825535e-01	5.0000000000e-01
205	6.9329863787e-01	4.9442997575e-01	6.9315719604e-01	5.0000000000e-01
206	6.9317746162e-01	4.9949362874e-01	6.9314825535e-01	5.0000000000e-01
207	6.9317501783e-01	4.9696180224e-01	6.9314819574e-01	5.0000000000e-01
208	6.9318836927e-01	4.8083043098e-01	6.9314843416e-01	5.0000000000e-01
209	6.9319534302e-01	4.9442997575e-01	6.9314968586e-01	5.0000000000e-01
210	6.9315028191e-01	5.0151908398e-01	6.9314718246e-01	5.0000000000e-01
211	6.9315510988e-01	4.9139177799e-01	6.9314789772e-01	5.0000000000e-01
212	6.9315975904e-01	4.9898728728e-01	6.9314742088e-01	5.0000000000e-01
213	6.9315147400e-01	5.0151908398e-01	6.9314765930e-01	5.0000000000e-01
214	6.9318896532e-01	4.6853300929e-01	6.9314712286e-01	5.0000000000e-01
215	6.9314795732e-01	4.9811920524e-01	6.9314730167e-01	5.0000000000e-01
216	6.9315737486e-01	4.9848091602e-01	6.9314908981e-01	5.0000000000e-01
217	6.9315624237e-01	4.9848091602e-01	6.9314873219e-01	5.0000000000e-01
218	6.9314503670e-01	5.0202542543e-01	6.9314819574e-01	5.0000000000e-01
219	6.9315141439e-01	4.9949362874e-01	6.9314837456e-01	5.0000000000e-01
220	6.9314986467e-01	5.0405091047e-01	6.9314789772e-01	5.0000000000e-01
221	6.9314557314e-01	5.0151908398e-01	6.9314825535e-01	5.0000000000e-01
222	6.9314414263e-01	5.0202542543e-01	6.9314968586e-01	5.0000000000e-01
223	6.9314765930e-01	5.0253182650e-01	6.9315326214e-01	5.0000000000e-01
224	6.9316720963e-01	5.0303822756e-01	6.9314992428e-01	5.0000000000e-01
225	6.9319444895e-01	4.9645543098e-01	6.9315534830e-01	5.0000000000e-01
226	6.9315099716e-01	5.0101274252e-01	6.9315302372e-01	5.0000000000e-01
227	6.9315379858e-01	5.0050634146e-01	6.9315230846e-01	5.0000000000e-01
228	6.9315618277e-01	5.0202542543e-01	6.9314843416e-01	5.0000000000e-01
229	6.9316989183e-01	4.9949362874e-01	6.9315040112e-01	5.0000000000e-01
230	6.9318675995e-01	5.0101274252e-01	6.9314718246e-01	5.0000000000e-01
231	6.9321256876e-01	4.8003470898e-01	6.9314801693e-01	5.0000000000e-01
232	6.9318336248e-01	4.8365163803e-01	6.9314849377e-01	5.0000000000e-01
233	6.9315844774e-01	5.0050634146e-01	6.9314873219e-01	5.0000000000e-01
234	6.9317001104e-01	4.9797454476e-01	6.9314992428e-01	5.0000000000e-01
235	6.9315069914e-01	5.0354456902e-01	6.9314897060e-01	5.0000000000e-01
236	6.9315701723e-01	4.9949362874e-01	6.9314908981e-01	5.0000000000e-01
237	6.9315844774e-01	5.0000000000e-01	6.9314730167e-01	5.0000000000e-01
238	6.9315701723e-01	5.0151908398e-01	6.9314748049e-01	5.0000000000e-01
239	6.9316554070e-01	5.0202542543e-01	6.9314873219e-01	5.0000000000e-01
240	6.9314950705e-01	5.0405091047e-01	6.9314920902e-01	5.0000000000e-01
241	6.9314640760e-01	5.0354456902e-01	6.9314891100e-01	5.0000000000e-01
242	6.9319009781e-01	5.0101274252e-01	6.9315624237e-01	5.0000000000e-01
243	6.9320899248e-01	4.9645543098e-01	6.9315880537e-01	5.0000000000e-01
244	6.9318705797e-01	4.9594905972e-01	6.9315302372e-01	5.0000000000e-01
245	6.9318205118e-01	5.0723379850e-01	6.9314736128e-01	5.0000000000e-01
246	6.9314581156e-01	5.0101274252e-01	6.9314968586e-01	5.0000000000e-01
247	6.9315618277e-01	5.0101274252e-01	6.9315040112e-01	5.0000000000e-01
248	6.9314575195e-01	5.0101274252e-01	6.9315278530e-01	5.0000000000e-01
249	6.9315767288e-01	4.9949362874e-01	6.9315302372e-01	5.0000000000e-01
250	6.9317483902e-01	4.9746814370e-01	6.9315278530e-01	5.0000000000e-01
251	6.9324016571e-01	4.9189814925e-01	6.9315195084e-01	5.0000000000e-01
252	6.9313120842e-01	5.0050634146e-01	6.9314718246e-01	5.0000000000e-01
253	6.9316190481e-01	4.6491608024e-01	6.9314742088e-01	5.0000000000e-01
254	6.9316005707e-01	4.9797454476e-01	6.9315242767e-01	5.0000000000e-01
255	6.9316601753e-01	4.9949362874e-01	6.9315439463e-01	5.0000000000e-01
256	6.9315290451e-01	5.0303822756e-01	6.9315069914e-01	5.0000000000e-01
257	6.9315880537e-01	4.9949362874e-01	6.9315302372e-01	5.0000000000e-01
258	6.9314438105e-01	5.0354456902e-01	6.9315057993e-01	5.0000000000e-01
259	6.9320058823e-01	4.9645543098e-01	6.9315552711e-01	5.0000000000e-01
260	6.9317960739e-01	4.9848091602e-01	6.9315427542e-01	5.0000000000e-01
261	6.9315463305e-01	4.9848091602e-01	6.9314843416e-01	5.0000000000e-01
262	6.9315308332e-01	4.9594905972e-01	6.9314724207e-01	5.0000000000e-01
263	6.9316023588e-01	4.9797454476e-01	6.9314932823e-01	5.0000000000e-01
264	6.9315314293e-01	5.0253182650e-01	6.9315040112e-01	5.0000000000e-01
265	6.9313955307e-01	5.0556999445e-01	6.9315093756e-01	5.0000000000e-01
266	6.9314903021e-01	5.0101274252e-01	6.9315648079e-01	5.0000000000e-01
267	6.9314998388e-01	5.0101274252e-01	6.9315850735e-01	5.0000000000e-01
268	6.9318646193e-01	4.9797454476e-01	6.9316035509e-01	5.0000000000e-01
269	6.9318461418e-01	4.9848091602e-01	6.9315761328e-01	5.0000000000e-01
270	6.9316697121e-01	4.9797454476e-01	6.9314932823e-01	5.0000000000e-01
271	6.9315052032e-01	4.9696180224e-01	6.9314718246e-01	5.0000000000e-01
272	6.9314533472e-01	5.0470197201e-01	6.9314789772e-01	5.0000000000e-01
273	6.9315630198e-01	4.9898728728e-01	6.9315004349e-01	5.0000000000e-01
274	6.9317752123e-01	5.0000000000e-01	6.9315350056e-01	5.0000000000e-01
275	6.9314390421e-01	5.0202542543e-01	6.9315069914e-01	5.0000000000e-01
276	6.9315999746e-01	4.9848091602e-01	6.9314926863e-01	5.0000000000e-01
277	6.9314736128e-01	5.0151908398e-01	6.9314867258e-01	5.0000000000e-01
278	6.9315248728e-01	5.0050634146e-01	6.9314759970e-01	5.0000000000e-01
279	6.9327849150e-01	4.9442997575e-01	6.9315159321e-01	5.0000000000e-01
280	6.9340246916e-01	4.5797166228e-01	6.9315195084e-01	5.0000000000e-01
281	6.9315141439e-01	5.0253182650e-01	6.9314843416e-01	5.0000000000e-01
282	6.9317513704e-01	4.9594905972e-01	6.9314873219e-01	5.0000000000e-01
283	6.9315856695e-01	4.9095773697e-01	6.9314718246e-01	5.0000000000e-01
284	6.9314956665e-01	5.0455731153e-01	6.9314730167e-01	5.0000000000e-01
285	6.9317483902e-01	4.9645543098e-01	6.9314944744e-01	5.0000000000e-01
286	6.9316196442e-01	4.9696180224e-01	6.9314819574e-01	5.0000000000e-01
287	6.9316834211e-01	4.9949362874e-01	6.9314807653e-01	5.0000000000e-01
288	6.9315403700e-01	4.9529802799e-01	6.9314730167e-01	5.0000000000e-01
289	6.9315433502e-01	5.0253182650e-01	6.9314843416e-01	5.0000000000e-01
290	6.9316917658e-01	5.0101274252e-01	6.9314825535e-01	5.0000000000e-01
291	6.9320470095e-01	4.9291086197e-01	6.9315057993e-01	5.0000000000e-01
292	6.9315433502e-01	5.0303822756e-01	6.9314748049e-01	5.0000000000e-01
293	6.9317048788e-01	4.9392363429e-01	6.9314730167e-01	5.0000000000e-01
294	6.9314640760e-01	5.0636571646e-01	6.9314795732e-01	5.0000000000e-01
295	6.9314831495e-01	5.0000000000e-01	6.9315093756e-01	5.0000000000e-01
296	6.9314521551e-01	5.0101274252e-01	6.9315338135e-01	5.0000000000e-01
297	6.9315654039e-01	5.0101274252e-01	6.9315749407e-01	5.0000000000e-01
298	6.9317418337e-01	4.9898728728e-01	6.9315302372e-01	5.0000000000e-01
299	6.9317132235e-01	5.0050634146e-01	6.9314903021e-01	5.0000000000e-01
300	6.9315171242e-01	5.0253182650e-01	6.9314807653e-01	5.0000000000e-01
301	6.9315832853e-01	5.0101274252e-01	6.9315040112e-01	5.0000000000e-01
302	6.9315296412e-01	5.0101274252e-01	6.9314926863e-01	5.0000000000e-01
303	6.9315266609e-01	5.0101274252e-01	6.9314920902e-01	5.0000000000e-01
304	6.9316625595e-01	5.0101274252e-01	6.9315278530e-01	5.0000000000e-01
305	6.9319987297e-01	4.9594905972e-01	6.9315087795e-01	5.0000000000e-01
306	6.9314783812e-01	5.0050634146e-01	6.9314867258e-01	5.0000000000e-01
307	6.9314789772e-01	5.0000000000e-01	6.9314748049e-01	5.0000000000e-01
308	6.9314867258e-01	5.0101274252e-01	6.9314730167e-01	5.0000000000e-01
309	6.9315248728e-01	4.9066841602e-01	6.9314724207e-01	5.0000000000e-01
310	6.9315177202e-01	4.8654511571e-01	6.9314718246e-01	5.0000000000e-01
311	6.9315844774e-01	4.8618343472e-01	6.9314718246e-01	5.0000000000e-01
312	6.9318538904e-01	4.9095773697e-01	6.9314867258e-01	5.0000000000e-01
313	6.9315379858e-01	4.9797454476e-01	6.9314789772e-01	5.0000000000e-01
314	6.9317215681e-01	4.8068574071e-01	6.9314759970e-01	5.0000000000e-01
315	6.9315773249e-01	4.9898728728e-01	6.9314891100e-01	5.0000000000e-01
316	6.9316333532e-01	4.9848091602e-01	6.9314962626e-01	5.0000000000e-01
317	6.9317215681e-01	5.0253182650e-01	6.9314718246e-01	5.0000000000e-01
318	6.9319039583e-01	4.8553240299e-01	6.9314759970e-01	5.0000000000e-01
319	6.9315224886e-01	4.9247685075e-01	6.9314765930e-01	5.0000000000e-01
320	6.9315481186e-01	5.0050634146e-01	6.9314861298e-01	5.0000000000e-01
321	6.9316083193e-01	4.9797454476e-01	6.9314944744e-01	5.0000000000e-01
322	6.9315105677e-01	5.0050634146e-01	6.9314891100e-01	5.0000000000e-01
323	6.9316130877e-01	4.9797454476e-01	6.9314765930e-01	5.0000000000e-01
324	6.9315260649e-01	4.9797454476e-01	6.9314730167e-01	5.0000000000e-01
325	6.9317746162e-01	4.9016204476e-01	6.9314843416e-01	5.0000000000e-01
326	6.9316345453e-01	5.0354456902e-01	6.9314718246e-01	5.0000000000e-01
327	6.9318169355e-01	4.9493634701e-01	6.9314837456e-01	5.0000000000e-01
328	6.9316893816e-01	4.9949362874e-01	6.9314879179e-01	5.0000000000e-01
329	6.9314843416e-01	5.0253182650e-01	6.9314730167e-01	5.0000000000e-01
330	6.9316792488e-01	5.0556999445e-01	6.9314736128e-01	5.0000000000e-01
331	6.9314646721e-01	5.0050634146e-01	6.9314831495e-01	5.0000000000e-01
332	6.9315975904e-01	4.9848091602e-01	6.9314944744e-01	5.0000000000e-01
333	6.9319754839e-01	4.9392363429e-01	6.9315004349e-01	5.0000000000e-01
334	6.9318532944e-01	4.8835358024e-01	6.9314759970e-01	5.0000000000e-01
335	6.9317561388e-01	4.9645543098e-01	6.9314795732e-01	5.0000000000e-01
336	6.9316166639e-01	4.9450230598e-01	6.9314718246e-01	5.0000000000e-01
337	6.9317895174e-01	4.9696180224e-01	6.9314825535e-01	5.0000000000e-01
338	6.9315004349e-01	5.0354456902e-01	6.9314730167e-01	5.0000000000e-01
339	6.9317644835e-01	4.9594905972e-01	6.9314795732e-01	5.0000000000e-01
340	6.9316858053e-01	4.8683449626e-01	6.9314742088e-01	5.0000000000e-01
341	6.9316536188e-01	4.8654511571e-01	6.9314742088e-01	5.0000000000e-01
342	6.9317024946e-01	4.9189814925e-01	6.9314718246e-01	5.0000000000e-01
343	6.9313341379e-01	5.0303822756e-01	6.9314855337e-01	5.0000000000e-01
344	6.9313073158e-01	5.0151908398e-01	6.9315254688e-01	5.0000000000e-01
345	6.9325286150e-01	4.9797454476e-01	6.9316804409e-01	5.0000000000e-01
346	6.9319337606e-01	4.9848091602e-01	6.9316524267e-01	5.0000000000e-01
347	6.9317364693e-01	4.9848091602e-01	6.9315743446e-01	5.0000000000e-01
348	6.9319361448e-01	5.0202542543e-01	6.9314754009e-01	5.0000000000e-01
349	6.9316297770e-01	4.8994502425e-01	6.9314718246e-01	5.0000000000e-01
350	6.9316881895e-01	4.9088540673e-01	6.9314885139e-01	5.0000000000e-01
351	6.9315832853e-01	5.0151908398e-01	6.9314759970e-01	5.0000000000e-01
352	6.9314187765e-01	5.0303822756e-01	6.9314843416e-01	5.0000000000e-01
353	6.9320344925e-01	4.9746814370e-01	6.9315403700e-01	5.0000000000e-01
354	6.9317460060e-01	5.0151908398e-01	6.9314807653e-01	5.0000000000e-01
355	6.9314932823e-01	5.0000000000e-01	6.9314789772e-01	5.0000000000e-01
356	6.9317382574e-01	4.9949362874e-01	6.9314968586e-01	5.0000000000e-01
357	6.9315171242e-01	5.0050634146e-01	6.9314807653e-01	5.0000000000e-01
358	6.9316810369e-01	4.7829863429e-01	6.9314718246e-01	5.0000000000e-01
359	6.9317346811e-01	4.9848091602e-01	6.9315004349e-01	5.0000000000e-01
360	6.9319921732e-01	4.9746814370e-01	6.9315290451e-01	5.0000000000e-01
361	6.9318050146e-01	5.0455731153e-01	6.9314742088e-01	5.0000000000e-01
362	6.9314748049e-01	5.0151908398e-01	6.9314819574e-01	5.0000000000e-01
363	6.9315624237e-01	4.9898728728e-01	6.9314944744e-01	5.0000000000e-01
364	6.9316816330e-01	4.9746814370e-01	6.9314950705e-01	5.0000000000e-01
365	6.9314604998e-01	5.0303822756e-01	6.9314759970e-01	5.0000000000e-01
366	6.9319564104e-01	4.9341726303e-01	6.9314819574e-01	5.0000000000e-01
367	6.9315195084e-01	5.0043404102e-01	6.9314754009e-01	5.0000000000e-01
368	6.9313532114e-01	5.0354456902e-01	6.9314903021e-01	5.0000000000e-01
369	6.9322949648e-01	4.9797454476e-01	6.9316136837e-01	5.0000000000e-01
370	6.9317626953e-01	5.0000000000e-01	6.9315516949e-01	5.0000000000e-01
371	6.9315940142e-01	5.0202542543e-01	6.9315087795e-01	5.0000000000e-01
372	6.9316244125e-01	5.0253182650e-01	6.9314861298e-01	5.0000000000e-01
373	6.9316649437e-01	4.9797454476e-01	6.9315099716e-01	5.0000000000e-01
374	6.9315212965e-01	5.0050634146e-01	6.9315105677e-01	5.0000000000e-01
375	6.9315791130e-01	4.9898728728e-01	6.9315046072e-01	5.0000000000e-01
376	6.9316440821e-01	4.9949362874e-01	6.9314843416e-01	5.0000000000e-01
377	6.9314783812e-01	5.0151908398e-01	6.9314783812e-01	5.0000000000e-01
378	6.9318485260e-01	4.8350694776e-01	6.9314742088e-01	5.0000000000e-01
379	6.9314545393e-01	5.0253182650e-01	6.9314777851e-01	5.0000000000e-01
380	6.9315391779e-01	4.9898728728e-01	6.9314891100e-01	5.0000000000e-01
381	6.9316864014e-01	4.9797454476e-01	6.9314789772e-01	5.0000000000e-01
382	6.9317084551e-01	4.7706887126e-01	6.9314730167e-01	5.0000000000e-01
383	6.9315218925e-01	4.8726853728e-01	6.9314718246e-01	5.0000000000e-01
384	6.9316357374e-01	5.0050634146e-01	6.9314754009e-01	5.0000000000e-01
385	6.9320631027e-01	4.7157117724e-01	6.9314807653e-01	5.0000000000e-01
386	6.9315987825e-01	5.0202542543e-01	6.9314789772e-01	5.0000000000e-01
387	6.9318312407e-01	4.7294560075e-01	6.9314712286e-01	5.0000000000e-01
388	6.9316309690e-01	5.0202542543e-01	6.9314825535e-01	5.0000000000e-01
389	6.9317412376e-01	4.9594905972e-01	6.9314914942e-01	5.0000000000e-01
390	6.9315129519e-01	5.0455731153e-01	6.9314777851e-01	5.0000000000e-01
391	6.9316679239e-01	4.9645543098e-01	6.9314789772e-01	5.0000000000e-01
392	6.9316035509e-01	5.0050634146e-01	6.9314825535e-01	5.0000000000e-01
393	6.9318217039e-01	4.8227718472e-01	6.9314718246e-01	5.0000000000e-01
394	6.9316571951e-01	4.9696180224e-01	6.9314765930e-01	5.0000000000e-01
395	6.9317191839e-01	4.8668980598e-01	6.9314748049e-01	5.0000000000e-01
396	6.9315880537e-01	4.9797454476e-01	6.9314813614e-01	5.0000000000e-01
397	6.9317197800e-01	5.0151908398e-01	6.9314730167e-01	5.0000000000e-01
398	6.9315987825e-01	4.9949362874e-01	6.9314807653e-01	5.0000000000e-01
399	6.9318026304e-01	4.8459199071e-01	6.9314730167e-01	5.0000000000e-01
400	6.9314813614e-01	5.0050634146e-01	6.9314718246e-01	5.0000000000e-01
401	6.9317197800e-01	5.0506365299e-01	6.9314736128e-01	5.0000000000e-01
402	6.9315153360e-01	4.9898728728e-01	6.9314777851e-01	5.0000000000e-01
403	6.9316560030e-01	5.0151908398e-01	6.9315046072e-01	5.0000000000e-01
404	6.9316095114e-01	5.0759547949e-01	6.9314873219e-01	5.0000000000e-01
405	6.9313454628e-01	5.0354456902e-01	6.9315075874e-01	5.0000000000e-01
406	6.9310760498e-01	5.0506365299e-01	6.9315761328e-01	5.0000000000e-01
407	6.9317644835e-01	4.9898728728e-01	6.9317013025e-01	5.0000000000e-01
408	6.9318884611e-01	4.9898728728e-01	6.9317048788e-01	5.0000000000e-01
409	6.9320088625e-01	4.9848091602e-01	6.9316595793e-01	5.0000000000e-01
410	6.9322198629e-01	4.9594905972e-01	6.9316130877e-01	5.0000000000e-01
411	6.9315576553e-01	4.9949362874e-01	6.9314932823e-01	5.0000000000e-01
412	6.9316226244e-01	4.8914930224e-01	6.9314742088e-01	5.0000000000e-01
413	6.9314718246e-01	5.0101274252e-01	6.9314765930e-01	5.0000000000e-01
414	6.9315356016e-01	5.0101274252e-01	6.9314742088e-01	5.0000000000e-01
415	6.9317060709e-01	4.9645543098e-01	6.9314849377e-01	5.0000000000e-01
416	6.9317364693e-01	5.0303822756e-01	6.9314736128e-01	5.0000000000e-01
417	6.9316416979e-01	4.8133680224e-01	6.9314718246e-01	5.0000000000e-01
418	6.9315606356e-01	4.7641780972e-01	6.9314724207e-01	5.0000000000e-01
419	6.9315296412e-01	5.0050634146e-01	6.9315165281e-01	5.0000000000e-01
420	6.9323915243e-01	4.9594905972e-01	6.9316017628e-01	5.0000000000e-01
421	6.9317764044e-01	4.9746814370e-01	6.9315427542e-01	5.0000000000e-01
422	6.9314998388e-01	4.9949362874e-01	6.9314932823e-01	5.0000000000e-01
423	6.9329589605e-01	4.8936632276e-01	6.9315028191e-01	5.0000000000e-01
424	6.9315719604e-01	5.0817418098e-01	6.9315063953e-01	5.0000000000e-01
425	6.9315117598e-01	5.0303822756e-01	6.9315236807e-01	5.0000000000e-01
426	6.9311457872e-01	5.0405091047e-01	6.9315773249e-01	5.0000000000e-01
427	6.9315189123e-01	5.0050634146e-01	6.9316631556e-01	5.0000000000e-01
428	6.9331955910e-01	4.9240449071e-01	6.9317436218e-01	5.0000000000e-01
429	6.9318801165e-01	4.9848091602e-01	6.9316393137e-01	5.0000000000e-01
430	6.9319534302e-01	4.9797454476e-01	6.9314837456e-01	5.0000000000e-01
431	6.9319677353e-01	4.8914930224e-01	6.9314861298e-01	5.0000000000e-01
432	6.9316774607e-01	4.9696180224e-01	6.9314914942e-01	5.0000000000e-01
433	6.9315022230e-01	5.0303822756e-01	6.9314754009e-01	5.0000000000e-01
434	6.9316083193e-01	5.0151908398e-01	6.9314789772e-01	5.0000000000e-01
435	6.9317513704e-01	5.0101274252e-01	6.9314867258e-01	5.0000000000e-01
436	6.9320613146e-01	4.9493634701e-01	6.9315040112e-01	5.0000000000e-01
437	6.9315767288e-01	4.9746814370e-01	6.9314712286e-01	5.0000000000e-01
438	6.9322413206e-01	4.9392363429e-01	6.9315159321e-01	5.0000000000e-01
439	6.9315338135e-01	4.9898728728e-01	6.9314849377e-01	5.0000000000e-01
440	6.9316005707e-01	4.9696180224e-01	6.9314754009e-01	5.0000000000e-01
441	6.9314819574e-01	4.9746814370e-01	6.9314718246e-01	5.0000000000e-01
442	6.9315105677e-01	5.0202542543e-01	6.9315075874e-01	5.0000000000e-01
443	6.9315600395e-01	5.0000000000e-01	6.9315409660e-01	5.0000000000e-01
444	6.9319915771e-01	4.9797454476e-01	6.9315838814e-01	5.0000000000e-01
445	6.9317609072e-01	4.9898728728e-01	6.9315159321e-01	5.0000000000e-01
446	6.9316190481e-01	5.0050634146e-01	6.9314819574e-01	5.0000000000e-01
447	6.9316321611e-01	4.9848091602e-01	6.9314807653e-01	5.0000000000e-01
448	6.9316834211e-01	4.8083043098e-01	6.9314730167e-01	5.0000000000e-01
449	6.9315433502e-01	4.9479165673e-01	6.9314730167e-01	5.0000000000e-01
450	6.9317889214e-01	4.8350694776e-01	6.9314724207e-01	5.0000000000e-01
451	6.9315224886e-01	4.9377894402e-01	6.9314789772e-01	5.0000000000e-01
452	6.9316887856e-01	5.0000000000e-01	6.9315171242e-01	5.0000000000e-01
453	6.9322293997e-01	4.9392363429e-01	6.9315379858e-01	5.0000000000e-01
454	6.9317525625e-01	4.9594905972e-01	6.9314718246e-01	5.0000000000e-01
455	6.9314527512e-01	5.0159144402e-01	6.9314807653e-01	5.0000000000e-01
456	6.9315677881e-01	5.0101274252e-01	6.9315016270e-01	5.0000000000e-01
457	6.9323164225e-01	4.9442997575e-01	6.9315516949e-01	5.0000000000e-01
458	6.9315093756e-01	5.0000000000e-01	6.9314873219e-01	5.0000000000e-01
459	6.9314807653e-01	5.0050634146e-01	6.9314742088e-01	5.0000000000e-01
460	6.9314938784e-01	4.9529802799e-01	6.9314724207e-01	5.0000000000e-01
461	6.9316482544e-01	4.9746814370e-01	6.9314819574e-01	5.0000000000e-01
462	6.9316053391e-01	5.0354456902e-01	6.9314777851e-01	5.0000000000e-01
463	6.9315052032e-01	5.0455731153e-01	6.9314742088e-01	5.0000000000e-01
464	6.9320869446e-01	4.9645543098e-01	6.9315135479e-01	5.0000000000e-01
465	6.9316959381e-01	5.0202542543e-01	6.9314789772e-01	5.0000000000e-01
466	6.9316107035e-01	5.0354456902e-01	6.9314867258e-01	5.0000000000e-01
467	6.9315046072e-01	5.0202542543e-01	6.9314825535e-01	5.0000000000e-01
468	6.9315719604e-01	4.9949362874e-01	6.9315099716e-01	5.0000000000e-01
469	6.9315975904e-01	5.0000000000e-01	6.9315046072e-01	5.0000000000e-01
470	6.9315308332e-01	5.0151908398e-01	6.9314885139e-01	5.0000000000e-01
471	6.9318848848e-01	4.9949362874e-01	6.9314730167e-01	5.0000000000e-01
472	6.9315510988e-01	5.0253182650e-01	6.9314801693e-01	5.0000000000e-01
473	6.9320780039e-01	4.5580148697e-01	6.9314718246e-01	5.0000000000e-01
474	6.9315177202e-01	5.0151908398e-01	6.9315052032e-01	5.0000000000e-01
475	6.9314056635e-01	5.0202542543e-01	6.9315248728e-01	5.0000000000e-01
476	6.9316977262e-01	4.9848091602e-01	6.9315338135e-01	5.0000000000e-01
477	6.9314569235e-01	5.0151908398e-01	6.9315373898e-01	5.0000000000e-01
478	6.9316381216e-01	5.0151908398e-01	6.9315254688e-01	5.0000000000e-01
479	6.9318372011e-01	4.9696180224e-01	6.9315171242e-01	5.0000000000e-01
480	6.9317626953e-01	4.9645543098e-01	6.9315022230e-01	5.0000000000e-01
481	6.9315862656e-01	4.9645543098e-01	6.9314777851e-01	5.0000000000e-01
482	6.9314354658e-01	4.9971064925e-01	6.9314903021e-01	5.0000000000e-01
483	6.9317024946e-01	5.0101274252e-01	6.9314897060e-01	5.0000000000e-01
484	6.9325637817e-01	4.9544271827e-01	6.9315958023e-01	5.0000000000e-01
485	6.9318723679e-01	4.9696180224e-01	6.9315314293e-01	5.0000000000e-01
486	6.9315797091e-01	4.9797454476e-01	6.9314801693e-01	5.0000000000e-01
487	6.9316309690e-01	4.9768519402e-01	6.9314783812e-01	5.0000000000e-01
488	6.9317609072e-01	4.9898728728e-01	6.9315028191e-01	5.0000000000e-01
489	6.9316864014e-01	4.9645543098e-01	6.9314914942e-01	5.0000000000e-01
490	6.9316887856e-01	5.0658273697e-01	6.9314724207e-01	5.0000000000e-01
491	6.9316816330e-01	4.9544271827e-01	6.9314765930e-01	5.0000000000e-01
492	6.9315624237e-01	5.0101274252e-01	6.9314712286e-01	5.0000000000e-01
493	6.9315403700e-01	4.9609375000e-01	6.9314736128e-01	5.0000000000e-01
494	6.9315415621e-01	4.9848091602e-01	6.9314724207e-01	5.0000000000e-01
495	6.9315367937e-01	4.9421295524e-01	6.9314730167e-01	5.0000000000e-01
496	6.9315218925e-01	4.8372396827e-01	6.9314724207e-01	5.0000000000e-01
497	6.9316357374e-01	4.9797454476e-01	6.9314873219e-01	5.0000000000e-01
498	6.9314199686e-01	5.0455731153e-01	6.9314980507e-01	5.0000000000e-01
499	6.9322538376e-01	4.9797454476e-01	6.9315773249e-01	5.0000000000e-01
500	6.9317871332e-01	4.9848091602e-01	6.9315052032e-01	5.0000000000e-01
