Label	Class	n_sample
0	vertical	1
1	horizontal	1

Epoch	AvgTrainLoss	AvgTrainAcc	AvgValLoss	AvgValAcc
1	6.9314837456e-01	5.0000000000e-01	nan	nan
2	6.9310510159e-01	1.0000000000e+00	nan	nan
3	6.9308334589e-01	1.0000000000e+00	nan	nan
4	6.9306230545e-01	1.0000000000e+00	nan	nan
5	6.9304990768e-01	1.0000000000e+00	nan	nan
6	6.9303524494e-01	1.0000000000e+00	nan	nan
7	6.9302433729e-01	1.0000000000e+00	nan	nan
8	6.9301360846e-01	1.0000000000e+00	nan	nan
9	6.9300758839e-01	1.0000000000e+00	nan	nan
10	6.9299411774e-01	1.0000000000e+00	nan	nan
11	6.9298934937e-01	1.0000000000e+00	nan	nan
12	6.9298106432e-01	1.0000000000e+00	nan	nan
13	6.9297510386e-01	1.0000000000e+00	nan	nan
14	6.9296801090e-01	1.0000000000e+00	nan	nan
15	6.9296252728e-01	1.0000000000e+00	nan	nan
16	6.9295442104e-01	1.0000000000e+00	nan	nan
17	6.9294601679e-01	1.0000000000e+00	nan	nan
18	6.9294297695e-01	1.0000000000e+00	nan	nan
19	6.9293403625e-01	1.0000000000e+00	nan	nan
20	6.9292873144e-01	1.0000000000e+00	nan	nan
21	6.9292187691e-01	1.0000000000e+00	nan	nan
22	6.9292175770e-01	1.0000000000e+00	nan	nan
23	6.9291269779e-01	1.0000000000e+00	nan	nan
24	6.9291007519e-01	1.0000000000e+00	nan	nan
25	6.9290626049e-01	1.0000000000e+00	nan	nan
26	6.9289988279e-01	1.0000000000e+00	nan	nan
27	6.9289278984e-01	1.0000000000e+00	nan	nan
28	6.9288671017e-01	1.0000000000e+00	nan	nan
29	6.9288277626e-01	1.0000000000e+00	nan	nan
30	6.9287854433e-01	1.0000000000e+00	nan	nan
31	6.9287157059e-01	1.0000000000e+00	nan	nan
32	6.9286829233e-01	1.0000000000e+00	nan	nan
33	6.9286483526e-01	1.0000000000e+00	nan	nan
34	6.9285976887e-01	1.0000000000e+00	nan	nan
35	6.9285577536e-01	1.0000000000e+00	nan	nan
36	6.9285148382e-01	1.0000000000e+00	nan	nan
37	6.9284987450e-01	1.0000000000e+00	nan	nan
38	6.9284671545e-01	1.0000000000e+00	nan	nan
39	6.9284248352e-01	1.0000000000e+00	nan	nan
40	6.9283849001e-01	1.0000000000e+00	nan	nan
41	6.9283479452e-01	1.0000000000e+00	nan	nan
42	6.9283223152e-01	1.0000000000e+00	nan	nan
43	6.9282853603e-01	1.0000000000e+00	nan	nan
44	6.9282382727e-01	1.0000000000e+00	nan	nan
45	6.9281834364e-01	1.0000000000e+00	nan	nan
46	6.9281417131e-01	1.0000000000e+00	nan	nan
47	6.9281256199e-01	1.0000000000e+00	nan	nan
48	6.9280755520e-01	1.0000000000e+00	nan	nan
49	6.9280195236e-01	1.0000000000e+00	nan	nan
50	6.9279849529e-01	1.0000000000e+00	nan	nan
51	6.9279396534e-01	1.0000000000e+00	nan	nan
52	6.9279056787e-01	1.0000000000e+00	nan	nan
53	6.9278597832e-01	1.0000000000e+00	nan	nan
54	6.9278168678e-01	1.0000000000e+00	nan	nan
55	6.9277781248e-01	1.0000000000e+00	nan	nan
56	6.9277286530e-01	1.0000000000e+00	nan	nan
57	6.9276994467e-01	1.0000000000e+00	nan	nan
58	6.9276595116e-01	1.0000000000e+00	nan	nan
59	6.9276142120e-01	1.0000000000e+00	nan	nan
60	6.9275808334e-01	1.0000000000e+00	nan	nan
61	6.9275426865e-01	1.0000000000e+00	nan	nan
62	6.9275093079e-01	1.0000000000e+00	nan	nan
63	6.9274634123e-01	1.0000000000e+00	nan	nan
64	6.9273924828e-01	1.0000000000e+00	nan	nan
65	6.9273674488e-01	1.0000000000e+00	nan	nan
66	6.9273233414e-01	1.0000000000e+00	nan	nan
67	6.9272744656e-01	1.0000000000e+00	nan	nan
68	6.9272351265e-01	1.0000000000e+00	nan	nan
69	6.9271886349e-01	1.0000000000e+00	nan	nan
70	6.9271337986e-01	1.0000000000e+00	nan	nan
71	6.9270724058e-01	1.0000000000e+00	nan	nan
72	6.9270312786e-01	1.0000000000e+00	nan	nan
73	6.9269824028e-01	1.0000000000e+00	nan	nan
74	6.9269394875e-01	1.0000000000e+00	nan	nan
75	6.9268989563e-01	1.0000000000e+00	nan	nan
76	6.9268453121e-01	1.0000000000e+00	nan	nan
77	6.9268137217e-01	1.0000000000e+00	nan	nan
78	6.9267857075e-01	1.0000000000e+00	nan	nan
79	6.9267112017e-01	1.0000000000e+00	nan	nan
80	6.9266432524e-01	1.0000000000e+00	nan	nan
81	6.9265806675e-01	1.0000000000e+00	nan	nan
82	6.9265425205e-01	1.0000000000e+00	nan	nan
83	6.9264602661e-01	1.0000000000e+00	nan	nan
84	6.9263869524e-01	1.0000000000e+00	nan	nan
85	6.9263476133e-01	1.0000000000e+00	nan	nan
86	6.9263201952e-01	1.0000000000e+00	nan	nan
87	6.9262635708e-01	1.0000000000e+00	nan	nan
88	6.9261920452e-01	1.0000000000e+00	nan	nan
89	6.9261384010e-01	1.0000000000e+00	nan	nan
90	6.9260668755e-01	1.0000000000e+00	nan	nan
91	6.9260072708e-01	1.0000000000e+00	nan	nan
92	6.9259750843e-01	1.0000000000e+00	nan	nan
93	6.9259023666e-01	1.0000000000e+00	nan	nan
94	6.9258457422e-01	1.0000000000e+00	nan	nan
95	6.9257897139e-01	1.0000000000e+00	nan	nan
96	6.9257086515e-01	1.0000000000e+00	nan	nan
97	6.9256567955e-01	1.0000000000e+00	nan	nan
98	6.9255918264e-01	1.0000000000e+00	nan	nan
99	6.9255471230e-01	1.0000000000e+00	nan	nan
100	6.9254755974e-01	1.0000000000e+00	nan	nan
101	6.9263166189e-01	1.0000000000e+00	nan	nan
102	6.9261997938e-01	1.0000000000e+00	nan	nan
103	6.9261276722e-01	1.0000000000e+00	nan	nan
104	6.9260394573e-01	1.0000000000e+00	nan	nan
105	6.9259583950e-01	1.0000000000e+00	nan	nan
106	6.9258743525e-01	1.0000000000e+00	nan	nan
107	6.9257819653e-01	1.0000000000e+00	nan	nan
108	6.9256997108e-01	1.0000000000e+00	nan	nan
109	6.9256293774e-01	1.0000000000e+00	nan	nan
110	6.9255441427e-01	1.0000000000e+00	nan	nan
111	6.9254565239e-01	1.0000000000e+00	nan	nan
112	6.9253659248e-01	1.0000000000e+00	nan	nan
113	6.9252693653e-01	1.0000000000e+00	nan	nan
114	6.9251722097e-01	1.0000000000e+00	nan	nan
115	6.9251000881e-01	1.0000000000e+00	nan	nan
116	6.9250202179e-01	1.0000000000e+00	nan	nan
117	6.9249129295e-01	1.0000000000e+00	nan	nan
118	6.9248235226e-01	1.0000000000e+00	nan	nan
119	6.9247311354e-01	1.0000000000e+00	nan	nan
120	6.9246447086e-01	1.0000000000e+00	nan	nan
121	6.9245415926e-01	1.0000000000e+00	nan	nan
122	6.9244492054e-01	1.0000000000e+00	nan	nan
123	6.9243365526e-01	1.0000000000e+00	nan	nan
124	6.9242346287e-01	1.0000000000e+00	nan	nan
125	6.9241231680e-01	1.0000000000e+00	nan	nan
126	6.9240444899e-01	1.0000000000e+00	nan	nan
127	6.9239389896e-01	1.0000000000e+00	nan	nan
128	6.9238185883e-01	1.0000000000e+00	nan	nan
129	6.9237101078e-01	1.0000000000e+00	nan	nan
130	6.9236087799e-01	1.0000000000e+00	nan	nan
131	6.9234871864e-01	1.0000000000e+00	nan	nan
132	6.9233882427e-01	1.0000000000e+00	nan	nan
133	6.9232797623e-01	1.0000000000e+00	nan	nan
134	6.9231629372e-01	1.0000000000e+00	nan	nan
135	6.9230288267e-01	1.0000000000e+00	nan	nan
136	6.9228827953e-01	1.0000000000e+00	nan	nan
137	6.9227588177e-01	1.0000000000e+00	nan	nan
138	6.9226360321e-01	1.0000000000e+00	nan	nan
139	6.9225353003e-01	1.0000000000e+00	nan	nan
140	6.9223868847e-01	1.0000000000e+00	nan	nan
141	6.9222426414e-01	1.0000000000e+00	nan	nan
142	6.9221073389e-01	1.0000000000e+00	nan	nan
143	6.9219779968e-01	1.0000000000e+00	nan	nan
144	6.9218313694e-01	1.0000000000e+00	nan	nan
145	6.9216722250e-01	1.0000000000e+00	nan	nan
146	6.9215321541e-01	1.0000000000e+00	nan	nan
147	6.9213908911e-01	1.0000000000e+00	nan	nan
148	6.9212657213e-01	1.0000000000e+00	nan	nan
149	6.9211137295e-01	1.0000000000e+00	nan	nan
150	6.9209384918e-01	1.0000000000e+00	nan	nan
151	6.9207644463e-01	1.0000000000e+00	nan	nan
152	6.9206571579e-01	1.0000000000e+00	nan	nan
153	6.9204521179e-01	1.0000000000e+00	nan	nan
154	6.9202411175e-01	1.0000000000e+00	nan	nan
155	6.9201016426e-01	1.0000000000e+00	nan	nan
156	6.9199180603e-01	1.0000000000e+00	nan	nan
157	6.9197177887e-01	1.0000000000e+00	nan	nan
158	6.9195193052e-01	1.0000000000e+00	nan	nan
159	6.9193589687e-01	1.0000000000e+00	nan	nan
160	6.9192004204e-01	1.0000000000e+00	nan	nan
161	6.9190233946e-01	1.0000000000e+00	nan	nan
162	6.9188070297e-01	1.0000000000e+00	nan	nan
163	6.9185596704e-01	1.0000000000e+00	nan	nan
164	6.9183433056e-01	1.0000000000e+00	nan	nan
165	6.9181632996e-01	1.0000000000e+00	nan	nan
166	6.9179236889e-01	1.0000000000e+00	nan	nan
167	6.9177234173e-01	1.0000000000e+00	nan	nan
168	6.9174933434e-01	1.0000000000e+00	nan	nan
169	6.9172680378e-01	1.0000000000e+00	nan	nan
170	6.9170558453e-01	1.0000000000e+00	nan	nan
171	6.9168210030e-01	1.0000000000e+00	nan	nan
172	6.9165956974e-01	1.0000000000e+00	nan	nan
173	6.9163012505e-01	1.0000000000e+00	nan	nan
174	6.9160723686e-01	1.0000000000e+00	nan	nan
175	6.9157809019e-01	1.0000000000e+00	nan	nan
176	6.9155335426e-01	1.0000000000e+00	nan	nan
177	6.9152557850e-01	1.0000000000e+00	nan	nan
178	6.9150185585e-01	1.0000000000e+00	nan	nan
179	6.9147831202e-01	1.0000000000e+00	nan	nan
180	6.9145095348e-01	1.0000000000e+00	nan	nan
181	6.9141519070e-01	1.0000000000e+00	nan	nan
182	6.9137418270e-01	1.0000000000e+00	nan	nan
183	6.9133907557e-01	1.0000000000e+00	nan	nan
184	6.9130098820e-01	1.0000000000e+00	nan	nan
185	6.9126927853e-01	1.0000000000e+00	nan	nan
186	6.9123589993e-01	1.0000000000e+00	nan	nan
187	6.9120001793e-01	1.0000000000e+00	nan	nan
188	6.9116878510e-01	1.0000000000e+00	nan	nan
189	6.9112873077e-01	1.0000000000e+00	nan	nan
190	6.9109392166e-01	1.0000000000e+00	nan	nan
191	6.9105136395e-01	1.0000000000e+00	nan	nan
192	6.9101148844e-01	1.0000000000e+00	nan	nan
193	6.9097197056e-01	1.0000000000e+00	nan	nan
194	6.9093483686e-01	1.0000000000e+00	nan	nan
195	6.9088006020e-01	1.0000000000e+00	nan	nan
196	6.9083231688e-01	1.0000000000e+00	nan	nan
197	6.9079124928e-01	1.0000000000e+00	nan	nan
198	6.9074207544e-01	1.0000000000e+00	nan	nan
199	6.9068992138e-01	1.0000000000e+00	nan	nan
200	6.9065457582e-01	1.0000000000e+00	nan	nan
201	6.9299125671e-01	5.0000000000e-01	nan	nan
202	6.9296139479e-01	5.0000000000e-01	nan	nan
203	6.9294404984e-01	1.0000000000e+00	nan	nan
204	6.9292998314e-01	1.0000000000e+00	nan	nan
205	6.9292187691e-01	1.0000000000e+00	nan	nan
206	6.9291377068e-01	1.0000000000e+00	nan	nan
207	6.9290584326e-01	1.0000000000e+00	nan	nan
208	6.9289672375e-01	1.0000000000e+00	nan	nan
209	6.9288963079e-01	1.0000000000e+00	nan	nan
210	6.9288253784e-01	1.0000000000e+00	nan	nan
211	6.9287461042e-01	1.0000000000e+00	nan	nan
212	6.9286841154e-01	1.0000000000e+00	nan	nan
213	6.9286119938e-01	1.0000000000e+00	nan	nan
214	6.9285321236e-01	1.0000000000e+00	nan	nan
215	6.9284743071e-01	1.0000000000e+00	nan	nan
216	6.9284152985e-01	1.0000000000e+00	nan	nan
217	6.9283533096e-01	1.0000000000e+00	nan	nan
218	6.9282925129e-01	1.0000000000e+00	nan	nan
219	6.9282388687e-01	1.0000000000e+00	nan	nan
220	6.9281756878e-01	1.0000000000e+00	nan	nan
221	6.9281357527e-01	1.0000000000e+00	nan	nan
222	6.9280743599e-01	1.0000000000e+00	nan	nan
223	6.9280123711e-01	1.0000000000e+00	nan	nan
224	6.9279611111e-01	1.0000000000e+00	nan	nan
225	6.9279086590e-01	1.0000000000e+00	nan	nan
226	6.9278550148e-01	1.0000000000e+00	nan	nan
227	6.9278013706e-01	1.0000000000e+00	nan	nan
228	6.9277429581e-01	1.0000000000e+00	nan	nan
229	6.9276857376e-01	1.0000000000e+00	nan	nan
230	6.9276392460e-01	1.0000000000e+00	nan	nan
231	6.9275760651e-01	1.0000000000e+00	nan	nan
232	6.9275116920e-01	1.0000000000e+00	nan	nan
233	6.9274449348e-01	1.0000000000e+00	nan	nan
234	6.9273972511e-01	1.0000000000e+00	nan	nan
235	6.9273257256e-01	1.0000000000e+00	nan	nan
236	6.9272708893e-01	1.0000000000e+00	nan	nan
237	6.9272089005e-01	1.0000000000e+00	nan	nan
238	6.9271421432e-01	1.0000000000e+00	nan	nan
239	6.9270849228e-01	1.0000000000e+00	nan	nan
240	6.9270193577e-01	1.0000000000e+00	nan	nan
241	6.9269508123e-01	1.0000000000e+00	nan	nan
242	6.9268834591e-01	1.0000000000e+00	nan	nan
243	6.9268172979e-01	1.0000000000e+00	nan	nan
244	6.9267404079e-01	1.0000000000e+00	nan	nan
245	6.9266784191e-01	1.0000000000e+00	nan	nan
246	6.9266194105e-01	1.0000000000e+00	nan	nan
247	6.9265437126e-01	1.0000000000e+00	nan	nan
248	6.9264709949e-01	1.0000000000e+00	nan	nan
249	6.9263923168e-01	1.0000000000e+00	nan	nan
250	6.9263184071e-01	1.0000000000e+00	nan	nan
251	6.9262397289e-01	1.0000000000e+00	nan	nan
252	6.9261771441e-01	1.0000000000e+00	nan	nan
253	6.9260942936e-01	1.0000000000e+00	nan	nan
254	6.9260191917e-01	1.0000000000e+00	nan	nan
255	6.9259262085e-01	1.0000000000e+00	nan	nan
256	6.9258415699e-01	1.0000000000e+00	nan	nan
257	6.9257670641e-01	1.0000000000e+00	nan	nan
258	6.9256919622e-01	1.0000000000e+00	nan	nan
259	6.9256019592e-01	1.0000000000e+00	nan	nan
260	6.9255048037e-01	1.0000000000e+00	nan	nan
261	6.9254219532e-01	1.0000000000e+00	nan	nan
262	6.9253325462e-01	1.0000000000e+00	nan	nan
263	6.9252425432e-01	1.0000000000e+00	nan	nan
264	6.9251573086e-01	1.0000000000e+00	nan	nan
265	6.9250577688e-01	1.0000000000e+00	nan	nan
266	6.9249665737e-01	1.0000000000e+00	nan	nan
267	6.9248837233e-01	1.0000000000e+00	nan	nan
268	6.9247996807e-01	1.0000000000e+00	nan	nan
269	6.9247031212e-01	1.0000000000e+00	nan	nan
270	6.9246089458e-01	1.0000000000e+00	nan	nan
271	6.9244951010e-01	1.0000000000e+00	nan	nan
272	6.9243890047e-01	1.0000000000e+00	nan	nan
273	6.9242900610e-01	1.0000000000e+00	nan	nan
274	6.9241201878e-01	1.0000000000e+00	nan	nan
275	6.9239747524e-01	1.0000000000e+00	nan	nan
276	6.9238340855e-01	1.0000000000e+00	nan	nan
277	6.9236898422e-01	1.0000000000e+00	nan	nan
278	6.9235336781e-01	1.0000000000e+00	nan	nan
279	6.9233888388e-01	1.0000000000e+00	nan	nan
280	6.9232630730e-01	1.0000000000e+00	nan	nan
281	6.9231516123e-01	1.0000000000e+00	nan	nan
282	6.9230079651e-01	1.0000000000e+00	nan	nan
283	6.9228923321e-01	1.0000000000e+00	nan	nan
284	6.9227528572e-01	1.0000000000e+00	nan	nan
285	6.9226211309e-01	1.0000000000e+00	nan	nan
286	6.9224774837e-01	1.0000000000e+00	nan	nan
287	6.9223487377e-01	1.0000000000e+00	nan	nan
288	6.9222062826e-01	1.0000000000e+00	nan	nan
289	6.9220495224e-01	1.0000000000e+00	nan	nan
290	6.9218868017e-01	1.0000000000e+00	nan	nan
291	6.9217473269e-01	1.0000000000e+00	nan	nan
292	6.9215810299e-01	1.0000000000e+00	nan	nan
293	6.9214200974e-01	1.0000000000e+00	nan	nan
294	6.9212627411e-01	1.0000000000e+00	nan	nan
295	6.9210720062e-01	1.0000000000e+00	nan	nan
296	6.9209015369e-01	1.0000000000e+00	nan	nan
297	6.9207394123e-01	1.0000000000e+00	nan	nan
298	6.9205534458e-01	1.0000000000e+00	nan	nan
299	6.9203805923e-01	1.0000000000e+00	nan	nan
300	6.9201904535e-01	1.0000000000e+00	nan	nan
301	6.9306576252e-01	5.0000000000e-01	nan	nan
302	6.9304585457e-01	1.0000000000e+00	nan	nan
303	6.9303393364e-01	5.0000000000e-01	nan	nan
304	6.9302725792e-01	1.0000000000e+00	nan	nan
305	6.9302004576e-01	1.0000000000e+00	nan	nan
306	6.9301152229e-01	1.0000000000e+00	nan	nan
307	6.9300305843e-01	1.0000000000e+00	nan	nan
308	6.9299662113e-01	1.0000000000e+00	nan	nan
309	6.9299185276e-01	1.0000000000e+00	nan	nan
310	6.9298654795e-01	1.0000000000e+00	nan	nan
311	6.9298231602e-01	1.0000000000e+00	nan	nan
312	6.9297671318e-01	1.0000000000e+00	nan	nan
313	6.9297271967e-01	1.0000000000e+00	nan	nan
314	6.9296830893e-01	1.0000000000e+00	nan	nan
315	6.9296562672e-01	1.0000000000e+00	nan	nan
316	6.9296240807e-01	1.0000000000e+00	nan	nan
317	6.9295895100e-01	1.0000000000e+00	nan	nan
318	6.9295525551e-01	1.0000000000e+00	nan	nan
319	6.9295334816e-01	1.0000000000e+00	nan	nan
320	6.9294977188e-01	1.0000000000e+00	nan	nan
321	6.9294679165e-01	1.0000000000e+00	nan	nan
322	6.9294333458e-01	1.0000000000e+00	nan	nan
323	6.9293975830e-01	1.0000000000e+00	nan	nan
324	6.9293904305e-01	1.0000000000e+00	nan	nan
325	6.9293522835e-01	1.0000000000e+00	nan	nan
326	6.9293177128e-01	1.0000000000e+00	nan	nan
327	6.9292807579e-01	1.0000000000e+00	nan	nan
328	6.9292521477e-01	1.0000000000e+00	nan	nan
329	6.9292187691e-01	1.0000000000e+00	nan	nan
330	6.9292116165e-01	1.0000000000e+00	nan	nan
331	6.9291663170e-01	1.0000000000e+00	nan	nan
332	6.9291341305e-01	1.0000000000e+00	nan	nan
333	6.9291126728e-01	1.0000000000e+00	nan	nan
334	6.9290840626e-01	1.0000000000e+00	nan	nan
335	6.9290602207e-01	1.0000000000e+00	nan	nan
336	6.9290393591e-01	1.0000000000e+00	nan	nan
337	6.9289970398e-01	1.0000000000e+00	nan	nan
338	6.9289696217e-01	1.0000000000e+00	nan	nan
339	6.9289332628e-01	1.0000000000e+00	nan	nan
340	6.9289016724e-01	1.0000000000e+00	nan	nan
341	6.9288754463e-01	1.0000000000e+00	nan	nan
342	6.9288611412e-01	1.0000000000e+00	nan	nan
343	6.9288247824e-01	1.0000000000e+00	nan	nan
344	6.9287919998e-01	1.0000000000e+00	nan	nan
345	6.9287514687e-01	1.0000000000e+00	nan	nan
346	6.9287240505e-01	1.0000000000e+00	nan	nan
347	6.9286966324e-01	1.0000000000e+00	nan	nan
348	6.9286656380e-01	1.0000000000e+00	nan	nan
349	6.9286292791e-01	1.0000000000e+00	nan	nan
350	6.9286054373e-01	1.0000000000e+00	nan	nan
351	6.9285738468e-01	1.0000000000e+00	nan	nan
352	6.9285416603e-01	1.0000000000e+00	nan	nan
353	6.9285100698e-01	1.0000000000e+00	nan	nan
354	6.9284743071e-01	1.0000000000e+00	nan	nan
355	6.9284373522e-01	1.0000000000e+00	nan	nan
356	6.9284111261e-01	1.0000000000e+00	nan	nan
357	6.9283735752e-01	1.0000000000e+00	nan	nan
358	6.9283509254e-01	1.0000000000e+00	nan	nan
359	6.9283092022e-01	1.0000000000e+00	nan	nan
360	6.9282782078e-01	1.0000000000e+00	nan	nan
361	6.9282472134e-01	1.0000000000e+00	nan	nan
362	6.9282066822e-01	1.0000000000e+00	nan	nan
363	6.9281721115e-01	1.0000000000e+00	nan	nan
364	6.9281417131e-01	1.0000000000e+00	nan	nan
365	6.9280964136e-01	1.0000000000e+00	nan	nan
366	6.9280600548e-01	1.0000000000e+00	nan	nan
367	6.9280314445e-01	1.0000000000e+00	nan	nan
368	6.9279921055e-01	1.0000000000e+00	nan	nan
369	6.9279623032e-01	1.0000000000e+00	nan	nan
370	6.9279170036e-01	1.0000000000e+00	nan	nan
371	6.9278752804e-01	1.0000000000e+00	nan	nan
372	6.9278347492e-01	1.0000000000e+00	nan	nan
373	6.9277995825e-01	1.0000000000e+00	nan	nan
374	6.9277656078e-01	1.0000000000e+00	nan	nan
375	6.9277310371e-01	1.0000000000e+00	nan	nan
376	6.9276893139e-01	1.0000000000e+00	nan	nan
377	6.9276452065e-01	1.0000000000e+00	nan	nan
378	6.9276040792e-01	1.0000000000e+00	nan	nan
379	6.9275552034e-01	1.0000000000e+00	nan	nan
380	6.9275188446e-01	1.0000000000e+00	nan	nan
381	6.9274777174e-01	1.0000000000e+00	nan	nan
382	6.9274365902e-01	1.0000000000e+00	nan	nan
383	6.9273900986e-01	1.0000000000e+00	nan	nan
384	6.9273382425e-01	1.0000000000e+00	nan	nan
385	6.9273012877e-01	1.0000000000e+00	nan	nan
386	6.9272655249e-01	1.0000000000e+00	nan	nan
387	6.9272106886e-01	1.0000000000e+00	nan	nan
388	6.9271826744e-01	1.0000000000e+00	nan	nan
389	6.9271230698e-01	1.0000000000e+00	nan	nan
390	6.9270765781e-01	1.0000000000e+00	nan	nan
391	6.9270306826e-01	1.0000000000e+00	nan	nan
392	6.9269645214e-01	1.0000000000e+00	nan	nan
393	6.9269090891e-01	1.0000000000e+00	nan	nan
394	6.9268721342e-01	1.0000000000e+00	nan	nan
395	6.9268137217e-01	1.0000000000e+00	nan	nan
396	6.9267827272e-01	1.0000000000e+00	nan	nan
397	6.9267076254e-01	1.0000000000e+00	nan	nan
398	6.9266688824e-01	1.0000000000e+00	nan	nan
399	6.9266164303e-01	1.0000000000e+00	nan	nan
400	6.9265544415e-01	1.0000000000e+00	nan	nan
401	6.9310283661e-01	5.0000000000e-01	nan	nan
402	6.9308722019e-01	5.0000000000e-01	nan	nan
403	6.9307762384e-01	5.0000000000e-01	nan	nan
404	6.9307291508e-01	5.0000000000e-01	nan	nan
405	6.9306850433e-01	5.0000000000e-01	nan	nan
406	6.9306385517e-01	5.0000000000e-01	nan	nan
407	6.9305795431e-01	5.0000000000e-01	nan	nan
408	6.9305348396e-01	5.0000000000e-01	nan	nan
409	6.9305169582e-01	5.0000000000e-01	nan	nan
410	6.9304871559e-01	5.0000000000e-01	nan	nan
411	6.9304502010e-01	1.0000000000e+00	nan	nan
412	6.9304263592e-01	5.0000000000e-01	nan	nan
413	6.9303882122e-01	5.0000000000e-01	nan	nan
414	6.9303643703e-01	1.0000000000e+00	nan	nan
415	6.9303238392e-01	5.0000000000e-01	nan	nan
416	6.9302833080e-01	5.0000000000e-01	nan	nan
417	6.9302582741e-01	5.0000000000e-01	nan	nan
418	6.9302421808e-01	5.0000000000e-01	nan	nan
419	6.9302201271e-01	1.0000000000e+00	nan	nan
420	6.9301879406e-01	1.0000000000e+00	nan	nan
421	6.9301664829e-01	1.0000000000e+00	nan	nan
422	6.9301480055e-01	1.0000000000e+00	nan	nan
423	6.9301211834e-01	1.0000000000e+00	nan	nan
424	6.9300997257e-01	1.0000000000e+00	nan	nan
425	6.9300657511e-01	1.0000000000e+00	nan	nan
426	6.9300460815e-01	1.0000000000e+00	nan	nan
427	6.9300425053e-01	1.0000000000e+00	nan	nan
428	6.9300287962e-01	1.0000000000e+00	nan	nan
429	6.9300073385e-01	5.0000000000e-01	nan	nan
430	6.9299852848e-01	1.0000000000e+00	nan	nan
431	6.9299715757e-01	1.0000000000e+00	nan	nan
432	6.9299483299e-01	1.0000000000e+00	nan	nan
433	6.9299364090e-01	1.0000000000e+00	nan	nan
434	6.9299173355e-01	1.0000000000e+00	nan	nan
435	6.9299083948e-01	1.0000000000e+00	nan	nan
436	6.9299036264e-01	1.0000000000e+00	nan	nan
437	6.9298911095e-01	1.0000000000e+00	nan	nan
438	6.9298797846e-01	1.0000000000e+00	nan	nan
439	6.9298428297e-01	1.0000000000e+00	nan	nan
440	6.9298124313e-01	1.0000000000e+00	nan	nan
441	6.9297987223e-01	1.0000000000e+00	nan	nan
442	6.9297820330e-01	1.0000000000e+00	nan	nan
443	6.9297552109e-01	1.0000000000e+00	nan	nan
444	6.9297260046e-01	1.0000000000e+00	nan	nan
445	6.9297230244e-01	1.0000000000e+00	nan	nan
446	6.9296997786e-01	1.0000000000e+00	nan	nan
447	6.9296842813e-01	1.0000000000e+00	nan	nan
448	6.9296586514e-01	1.0000000000e+00	nan	nan
449	6.9296467304e-01	1.0000000000e+00	nan	nan
450	6.9296389818e-01	1.0000000000e+00	nan	nan
451	6.9296121597e-01	1.0000000000e+00	nan	nan
452	6.9295966625e-01	1.0000000000e+00	nan	nan
453	6.9295811653e-01	1.0000000000e+00	nan	nan
454	6.9295734167e-01	1.0000000000e+00	nan	nan
455	6.9295495749e-01	1.0000000000e+00	nan	nan
456	6.9295394421e-01	1.0000000000e+00	nan	nan
457	6.9295096397e-01	1.0000000000e+00	nan	nan
458	6.9294917583e-01	1.0000000000e+00	nan	nan
459	6.9294720888e-01	1.0000000000e+00	nan	nan
460	6.9294643402e-01	1.0000000000e+00	nan	nan
461	6.9294309616e-01	1.0000000000e+00	nan	nan
462	6.9294005632e-01	1.0000000000e+00	nan	nan
463	6.9293963909e-01	1.0000000000e+00	nan	nan
464	6.9293713570e-01	1.0000000000e+00	nan	nan
465	6.9293427467e-01	1.0000000000e+00	nan	nan
466	6.9293224812e-01	1.0000000000e+00	nan	nan
467	6.9292986393e-01	1.0000000000e+00	nan	nan
468	6.9292902946e-01	1.0000000000e+00	nan	nan
469	6.9292473793e-01	1.0000000000e+00	nan	nan
470	6.9292181730e-01	1.0000000000e+00	nan	nan
471	6.9291961193e-01	1.0000000000e+00	nan	nan
472	6.9291818142e-01	1.0000000000e+00	nan	nan
473	6.9291567802e-01	1.0000000000e+00	nan	nan
474	6.9291222095e-01	1.0000000000e+00	nan	nan
475	6.9290906191e-01	1.0000000000e+00	nan	nan
476	6.9290673733e-01	1.0000000000e+00	nan	nan
477	6.9290459156e-01	1.0000000000e+00	nan	nan
478	6.9290232658e-01	1.0000000000e+00	nan	nan
479	6.9289922714e-01	1.0000000000e+00	nan	nan
480	6.9289755821e-01	1.0000000000e+00	nan	nan
481	6.9289422035e-01	1.0000000000e+00	nan	nan
482	6.9289225340e-01	1.0000000000e+00	nan	nan
483	6.9289016724e-01	1.0000000000e+00	nan	nan
484	6.9288873672e-01	1.0000000000e+00	nan	nan
485	6.9288671017e-01	1.0000000000e+00	nan	nan
486	6.9288349152e-01	1.0000000000e+00	nan	nan
487	6.9288086891e-01	1.0000000000e+00	nan	nan
488	6.9287955761e-01	1.0000000000e+00	nan	nan
489	6.9287681580e-01	1.0000000000e+00	nan	nan
490	6.9287389517e-01	1.0000000000e+00	nan	nan
491	6.9287198782e-01	1.0000000000e+00	nan	nan
492	6.9286900759e-01	1.0000000000e+00	nan	nan
493	6.9286549091e-01	1.0000000000e+00	nan	nan
494	6.9286382198e-01	1.0000000000e+00	nan	nan
495	6.9286161661e-01	1.0000000000e+00	nan	nan
496	6.9285857677e-01	1.0000000000e+00	nan	nan
497	6.9285500050e-01	1.0000000000e+00	nan	nan
498	6.9285225868e-01	1.0000000000e+00	nan	nan
499	6.9284987450e-01	1.0000000000e+00	nan	nan
500	6.9284749031e-01	1.0000000000e+00	nan	nan
501	6.9313967228e-01	5.0000000000e-01	nan	nan
502	6.9313168526e-01	5.0000000000e-01	nan	nan
503	6.9312465191e-01	5.0000000000e-01	nan	nan
504	6.9312131405e-01	5.0000000000e-01	nan	nan
505	6.9311976433e-01	5.0000000000e-01	nan	nan
506	6.9311606884e-01	5.0000000000e-01	nan	nan
507	6.9311398268e-01	5.0000000000e-01	nan	nan
508	6.9310939312e-01	5.0000000000e-01	nan	nan
509	6.9310653210e-01	5.0000000000e-01	nan	nan
510	6.9310474396e-01	5.0000000000e-01	nan	nan
511	6.9310313463e-01	1.0000000000e+00	nan	nan
512	6.9310116768e-01	1.0000000000e+00	nan	nan
513	6.9309961796e-01	5.0000000000e-01	nan	nan
514	6.9309830666e-01	5.0000000000e-01	nan	nan
515	6.9309699535e-01	5.0000000000e-01	nan	nan
516	6.9309455156e-01	1.0000000000e+00	nan	nan
517	6.9309175014e-01	5.0000000000e-01	nan	nan
518	6.9308906794e-01	1.0000000000e+00	nan	nan
519	6.9308710098e-01	1.0000000000e+00	nan	nan
520	6.9308459759e-01	1.0000000000e+00	nan	nan
521	6.9308388233e-01	1.0000000000e+00	nan	nan
522	6.9308364391e-01	1.0000000000e+00	nan	nan
523	6.9308203459e-01	5.0000000000e-01	nan	nan
524	6.9307839870e-01	1.0000000000e+00	nan	nan
525	6.9307798147e-01	5.0000000000e-01	nan	nan
526	6.9307529926e-01	5.0000000000e-01	nan	nan
527	6.9307518005e-01	1.0000000000e+00	nan	nan
528	6.9307708740e-01	1.0000000000e+00	nan	nan
529	6.9307339191e-01	5.0000000000e-01	nan	nan
530	6.9307124615e-01	5.0000000000e-01	nan	nan
531	6.9307208061e-01	5.0000000000e-01	nan	nan
532	6.9307029247e-01	5.0000000000e-01	nan	nan
533	6.9306683540e-01	1.0000000000e+00	nan	nan
534	6.9306600094e-01	5.0000000000e-01	nan	nan
535	6.9306522608e-01	5.0000000000e-01	nan	nan
536	6.9306379557e-01	5.0000000000e-01	nan	nan
537	6.9306123257e-01	5.0000000000e-01	nan	nan
538	6.9306021929e-01	1.0000000000e+00	nan	nan
539	6.9305789471e-01	1.0000000000e+00	nan	nan
540	6.9305628538e-01	1.0000000000e+00	nan	nan
541	6.9305574894e-01	1.0000000000e+00	nan	nan
542	6.9305491447e-01	1.0000000000e+00	nan	nan
543	6.9305235147e-01	1.0000000000e+00	nan	nan
544	6.9305264950e-01	1.0000000000e+00	nan	nan
545	6.9304913282e-01	1.0000000000e+00	nan	nan
546	6.9304776192e-01	5.0000000000e-01	nan	nan
547	6.9304573536e-01	5.0000000000e-01	nan	nan
548	6.9304537773e-01	5.0000000000e-01	nan	nan
549	6.9304311275e-01	5.0000000000e-01	nan	nan
550	6.9304287434e-01	5.0000000000e-01	nan	nan
551	6.9304084778e-01	5.0000000000e-01	nan	nan
552	6.9304156303e-01	5.0000000000e-01	nan	nan
553	6.9303989410e-01	5.0000000000e-01	nan	nan
554	6.9303727150e-01	5.0000000000e-01	nan	nan
555	6.9303631783e-01	5.0000000000e-01	nan	nan
556	6.9303596020e-01	5.0000000000e-01	nan	nan
557	6.9303202629e-01	5.0000000000e-01	nan	nan
558	6.9303035736e-01	5.0000000000e-01	nan	nan
559	6.9302892685e-01	5.0000000000e-01	nan	nan
560	6.9302833080e-01	5.0000000000e-01	nan	nan
561	6.9302809238e-01	1.0000000000e+00	nan	nan
562	6.9302612543e-01	1.0000000000e+00	nan	nan
563	6.9302201271e-01	1.0000000000e+00	nan	nan
564	6.9302421808e-01	1.0000000000e+00	nan	nan
565	6.9302117825e-01	5.0000000000e-01	nan	nan
566	6.9301885366e-01	1.0000000000e+00	nan	nan
567	6.9301784039e-01	1.0000000000e+00	nan	nan
568	6.9301450253e-01	5.0000000000e-01	nan	nan
569	6.9301342964e-01	1.0000000000e+00	nan	nan
570	6.9301116467e-01	1.0000000000e+00	nan	nan
571	6.9301021099e-01	1.0000000000e+00	nan	nan
572	6.9300842285e-01	5.0000000000e-01	nan	nan
573	6.9300693274e-01	5.0000000000e-01	nan	nan
574	6.9300627708e-01	5.0000000000e-01	nan	nan
575	6.9300490618e-01	5.0000000000e-01	nan	nan
576	6.9300353527e-01	1.0000000000e+00	nan	nan
577	6.9300079346e-01	1.0000000000e+00	nan	nan
578	6.9300007820e-01	1.0000000000e+00	nan	nan
579	6.9299739599e-01	1.0000000000e+00	nan	nan
580	6.9299650192e-01	1.0000000000e+00	nan	nan
581	6.9299429655e-01	1.0000000000e+00	nan	nan
582	6.9299221039e-01	1.0000000000e+00	nan	nan
583	6.9298982620e-01	1.0000000000e+00	nan	nan
584	6.9298845530e-01	1.0000000000e+00	nan	nan
585	6.9298648834e-01	1.0000000000e+00	nan	nan
586	6.9298505783e-01	1.0000000000e+00	nan	nan
587	6.9298386574e-01	1.0000000000e+00	nan	nan
588	6.9298195839e-01	1.0000000000e+00	nan	nan
589	6.9297963381e-01	1.0000000000e+00	nan	nan
590	6.9297719002e-01	1.0000000000e+00	nan	nan
591	6.9297432899e-01	1.0000000000e+00	nan	nan
592	6.9297260046e-01	1.0000000000e+00	nan	nan
593	6.9297063351e-01	1.0000000000e+00	nan	nan
594	6.9296896458e-01	1.0000000000e+00	nan	nan
595	6.9296598434e-01	1.0000000000e+00	nan	nan
596	6.9296497107e-01	1.0000000000e+00	nan	nan
597	6.9296270609e-01	1.0000000000e+00	nan	nan
598	6.9296061993e-01	1.0000000000e+00	nan	nan
599	6.9295853376e-01	1.0000000000e+00	nan	nan
600	6.9295662642e-01	1.0000000000e+00	nan	nan
601	6.9314932823e-01	5.0000000000e-01	nan	nan
602	6.9314765930e-01	5.0000000000e-01	nan	nan
603	6.9314479828e-01	5.0000000000e-01	nan	nan
604	6.9314157963e-01	5.0000000000e-01	nan	nan
605	6.9313919544e-01	5.0000000000e-01	nan	nan
606	6.9313681126e-01	5.0000000000e-01	nan	nan
607	6.9313442707e-01	5.0000000000e-01	nan	nan
608	6.9313132763e-01	5.0000000000e-01	nan	nan
609	6.9313037395e-01	5.0000000000e-01	nan	nan
610	6.9312858582e-01	5.0000000000e-01	nan	nan
611	6.9312781096e-01	5.0000000000e-01	nan	nan
612	6.9312554598e-01	5.0000000000e-01	nan	nan
613	6.9312500954e-01	5.0000000000e-01	nan	nan
614	6.9312477112e-01	5.0000000000e-01	nan	nan
615	6.9312208891e-01	1.0000000000e+00	nan	nan
616	6.9312167168e-01	5.0000000000e-01	nan	nan
617	6.9312000275e-01	5.0000000000e-01	nan	nan
618	6.9312012196e-01	5.0000000000e-01	nan	nan
619	6.9311857224e-01	5.0000000000e-01	nan	nan
620	6.9311755896e-01	5.0000000000e-01	nan	nan
621	6.9311642647e-01	1.0000000000e+00	nan	nan
622	6.9311439991e-01	5.0000000000e-01	nan	nan
623	6.9311320782e-01	5.0000000000e-01	nan	nan
624	6.9311267138e-01	5.0000000000e-01	nan	nan
625	6.9311189651e-01	1.0000000000e+00	nan	nan
626	6.9311130047e-01	5.0000000000e-01	nan	nan
627	6.9311022758e-01	5.0000000000e-01	nan	nan
628	6.9310939312e-01	1.0000000000e+00	nan	nan
629	6.9310855865e-01	5.0000000000e-01	nan	nan
630	6.9310784340e-01	5.0000000000e-01	nan	nan
631	6.9310772419e-01	5.0000000000e-01	nan	nan
632	6.9310635328e-01	5.0000000000e-01	nan	nan
633	6.9310528040e-01	1.0000000000e+00	nan	nan
634	6.9310438633e-01	1.0000000000e+00	nan	nan
635	6.9310390949e-01	1.0000000000e+00	nan	nan
636	6.9310420752e-01	5.0000000000e-01	nan	nan
637	6.9310271740e-01	5.0000000000e-01	nan	nan
638	6.9310176373e-01	5.0000000000e-01	nan	nan
639	6.9310075045e-01	1.0000000000e+00	nan	nan
640	6.9310140610e-01	5.0000000000e-01	nan	nan
641	6.9309943914e-01	1.0000000000e+00	nan	nan
642	6.9309878349e-01	1.0000000000e+00	nan	nan
643	6.9309854507e-01	1.0000000000e+00	nan	nan
644	6.9309753180e-01	1.0000000000e+00	nan	nan
645	6.9309651852e-01	1.0000000000e+00	nan	nan
646	6.9309568405e-01	5.0000000000e-01	nan	nan
647	6.9309461117e-01	1.0000000000e+00	nan	nan
648	6.9309389591e-01	1.0000000000e+00	nan	nan
649	6.9309347868e-01	1.0000000000e+00	nan	nan
650	6.9309240580e-01	1.0000000000e+00	nan	nan
651	6.9309109449e-01	1.0000000000e+00	nan	nan
652	6.9309127331e-01	5.0000000000e-01	nan	nan
653	6.9308960438e-01	1.0000000000e+00	nan	nan
654	6.9308900833e-01	5.0000000000e-01	nan	nan
655	6.9308805466e-01	1.0000000000e+00	nan	nan
656	6.9308722019e-01	1.0000000000e+00	nan	nan
657	6.9308590889e-01	1.0000000000e+00	nan	nan
658	6.9308471680e-01	5.0000000000e-01	nan	nan
659	6.9308376312e-01	5.0000000000e-01	nan	nan
660	6.9308245182e-01	5.0000000000e-01	nan	nan
661	6.9308209419e-01	5.0000000000e-01	nan	nan
662	6.9308090210e-01	5.0000000000e-01	nan	nan
663	6.9307923317e-01	5.0000000000e-01	nan	nan
664	6.9307827950e-01	1.0000000000e+00	nan	nan
665	6.9307732582e-01	1.0000000000e+00	nan	nan
666	6.9307684898e-01	1.0000000000e+00	nan	nan
667	6.9307571650e-01	1.0000000000e+00	nan	nan
668	6.9307494164e-01	1.0000000000e+00	nan	nan
669	6.9307392836e-01	1.0000000000e+00	nan	nan
670	6.9307363033e-01	1.0000000000e+00	nan	nan
671	6.9307219982e-01	5.0000000000e-01	nan	nan
672	6.9307136536e-01	1.0000000000e+00	nan	nan
673	6.9307076931e-01	1.0000000000e+00	nan	nan
674	6.9307005405e-01	1.0000000000e+00	nan	nan
675	6.9306886196e-01	1.0000000000e+00	nan	nan
676	6.9306826591e-01	1.0000000000e+00	nan	nan
677	6.9306689501e-01	1.0000000000e+00	nan	nan
678	6.9306564331e-01	5.0000000000e-01	nan	nan
679	6.9306468964e-01	1.0000000000e+00	nan	nan
680	6.9306343794e-01	1.0000000000e+00	nan	nan
681	6.9306212664e-01	1.0000000000e+00	nan	nan
682	6.9306123257e-01	1.0000000000e+00	nan	nan
683	6.9305962324e-01	1.0000000000e+00	nan	nan
684	6.9305849075e-01	1.0000000000e+00	nan	nan
685	6.9305717945e-01	1.0000000000e+00	nan	nan
686	6.9305568933e-01	1.0000000000e+00	nan	nan
687	6.9305515289e-01	1.0000000000e+00	nan	nan
688	6.9305437803e-01	1.0000000000e+00	nan	nan
689	6.9305282831e-01	5.0000000000e-01	nan	nan
690	6.9305139780e-01	1.0000000000e+00	nan	nan
691	6.9305104017e-01	1.0000000000e+00	nan	nan
692	6.9304955006e-01	1.0000000000e+00	nan	nan
693	6.9304823875e-01	1.0000000000e+00	nan	nan
694	6.9304680824e-01	1.0000000000e+00	nan	nan
695	6.9304567575e-01	1.0000000000e+00	nan	nan
696	6.9304466248e-01	1.0000000000e+00	nan	nan
697	6.9304341078e-01	1.0000000000e+00	nan	nan
698	6.9304192066e-01	1.0000000000e+00	nan	nan
699	6.9304180145e-01	1.0000000000e+00	nan	nan
700	6.9303977489e-01	1.0000000000e+00	nan	nan
701	6.9314265251e-01	5.0000000000e-01	nan	nan
702	6.9313919544e-01	5.0000000000e-01	nan	nan
703	6.9313669205e-01	5.0000000000e-01	nan	nan
704	6.9313526154e-01	5.0000000000e-01	nan	nan
705	6.9313383102e-01	5.0000000000e-01	nan	nan
706	6.9313263893e-01	5.0000000000e-01	nan	nan
707	6.9313180447e-01	1.0000000000e+00	nan	nan
708	6.9313031435e-01	1.0000000000e+00	nan	nan
709	6.9312947989e-01	5.0000000000e-01	nan	nan
710	6.9312840700e-01	1.0000000000e+00	nan	nan
711	6.9312775135e-01	1.0000000000e+00	nan	nan
712	6.9312709570e-01	1.0000000000e+00	nan	nan
713	6.9312608242e-01	5.0000000000e-01	nan	nan
714	6.9312572479e-01	1.0000000000e+00	nan	nan
715	6.9312506914e-01	1.0000000000e+00	nan	nan
716	6.9312459230e-01	1.0000000000e+00	nan	nan
717	6.9312369823e-01	1.0000000000e+00	nan	nan
718	6.9312316179e-01	1.0000000000e+00	nan	nan
719	6.9312250614e-01	5.0000000000e-01	nan	nan
720	6.9312208891e-01	5.0000000000e-01	nan	nan
721	6.9312149286e-01	1.0000000000e+00	nan	nan
722	6.9312095642e-01	5.0000000000e-01	nan	nan
723	6.9312047958e-01	5.0000000000e-01	nan	nan
724	6.9312012196e-01	5.0000000000e-01	nan	nan
725	6.9311952591e-01	5.0000000000e-01	nan	nan
726	6.9311928749e-01	5.0000000000e-01	nan	nan
727	6.9311869144e-01	1.0000000000e+00	nan	nan
728	6.9311821461e-01	1.0000000000e+00	nan	nan
729	6.9311773777e-01	1.0000000000e+00	nan	nan
730	6.9311726093e-01	1.0000000000e+00	nan	nan
731	6.9311672449e-01	1.0000000000e+00	nan	nan
732	6.9311630726e-01	1.0000000000e+00	nan	nan
733	6.9311594963e-01	1.0000000000e+00	nan	nan
734	6.9311583042e-01	1.0000000000e+00	nan	nan
735	6.9311559200e-01	1.0000000000e+00	nan	nan
736	6.9311505556e-01	1.0000000000e+00	nan	nan
737	6.9311463833e-01	1.0000000000e+00	nan	nan
738	6.9311439991e-01	5.0000000000e-01	nan	nan
739	6.9311416149e-01	1.0000000000e+00	nan	nan
740	6.9311380386e-01	5.0000000000e-01	nan	nan
741	6.9311362505e-01	1.0000000000e+00	nan	nan
742	6.9311308861e-01	1.0000000000e+00	nan	nan
743	6.9311290979e-01	1.0000000000e+00	nan	nan
744	6.9311279058e-01	1.0000000000e+00	nan	nan
745	6.9311177731e-01	5.0000000000e-01	nan	nan
746	6.9311153889e-01	5.0000000000e-01	nan	nan
747	6.9311070442e-01	5.0000000000e-01	nan	nan
748	6.9310986996e-01	5.0000000000e-01	nan	nan
749	6.9310945272e-01	5.0000000000e-01	nan	nan
750	6.9310879707e-01	5.0000000000e-01	nan	nan
751	6.9310897589e-01	1.0000000000e+00	nan	nan
752	6.9310855865e-01	1.0000000000e+00	nan	nan
753	6.9310802221e-01	1.0000000000e+00	nan	nan
754	6.9310766459e-01	1.0000000000e+00	nan	nan
755	6.9310736656e-01	5.0000000000e-01	nan	nan
756	6.9310688972e-01	1.0000000000e+00	nan	nan
757	6.9310617447e-01	1.0000000000e+00	nan	nan
758	6.9310545921e-01	5.0000000000e-01	nan	nan
759	6.9310474396e-01	1.0000000000e+00	nan	nan
760	6.9310408831e-01	1.0000000000e+00	nan	nan
761	6.9310349226e-01	1.0000000000e+00	nan	nan
762	6.9310301542e-01	1.0000000000e+00	nan	nan
763	6.9310271740e-01	1.0000000000e+00	nan	nan
764	6.9310235977e-01	5.0000000000e-01	nan	nan
765	6.9310170412e-01	5.0000000000e-01	nan	nan
766	6.9310128689e-01	1.0000000000e+00	nan	nan
767	6.9310069084e-01	1.0000000000e+00	nan	nan
768	6.9309997559e-01	1.0000000000e+00	nan	nan
769	6.9309926033e-01	1.0000000000e+00	nan	nan
770	6.9309896231e-01	1.0000000000e+00	nan	nan
771	6.9309890270e-01	1.0000000000e+00	nan	nan
772	6.9309806824e-01	1.0000000000e+00	nan	nan
773	6.9309753180e-01	1.0000000000e+00	nan	nan
774	6.9309687614e-01	1.0000000000e+00	nan	nan
775	6.9309639931e-01	1.0000000000e+00	nan	nan
776	6.9309580326e-01	1.0000000000e+00	nan	nan
777	6.9309532642e-01	1.0000000000e+00	nan	nan
778	6.9309496880e-01	1.0000000000e+00	nan	nan
779	6.9309419394e-01	1.0000000000e+00	nan	nan
780	6.9309401512e-01	1.0000000000e+00	nan	nan
781	6.9309353828e-01	1.0000000000e+00	nan	nan
782	6.9309288263e-01	1.0000000000e+00	nan	nan
783	6.9309222698e-01	1.0000000000e+00	nan	nan
784	6.9309163094e-01	1.0000000000e+00	nan	nan
785	6.9309133291e-01	1.0000000000e+00	nan	nan
786	6.9309097528e-01	1.0000000000e+00	nan	nan
787	6.9309020042e-01	1.0000000000e+00	nan	nan
788	6.9308972359e-01	1.0000000000e+00	nan	nan
789	6.9308924675e-01	1.0000000000e+00	nan	nan
790	6.9308871031e-01	1.0000000000e+00	nan	nan
791	6.9308829308e-01	1.0000000000e+00	nan	nan
792	6.9308769703e-01	1.0000000000e+00	nan	nan
793	6.9308710098e-01	1.0000000000e+00	nan	nan
794	6.9308680296e-01	1.0000000000e+00	nan	nan
795	6.9308602810e-01	1.0000000000e+00	nan	nan
796	6.9308555126e-01	1.0000000000e+00	nan	nan
797	6.9308519363e-01	1.0000000000e+00	nan	nan
798	6.9308459759e-01	1.0000000000e+00	nan	nan
799	6.9308400154e-01	1.0000000000e+00	nan	nan
800	6.9308328629e-01	1.0000000000e+00	nan	nan
801	6.9314336777e-01	5.0000000000e-01	nan	nan
802	6.9314122200e-01	5.0000000000e-01	nan	nan
803	6.9314002991e-01	5.0000000000e-01	nan	nan
804	6.9313925505e-01	5.0000000000e-01	nan	nan
805	6.9313812256e-01	5.0000000000e-01	nan	nan
806	6.9313722849e-01	5.0000000000e-01	nan	nan
807	6.9313657284e-01	5.0000000000e-01	nan	nan
808	6.9313585758e-01	5.0000000000e-01	nan	nan
809	6.9313526154e-01	5.0000000000e-01	nan	nan
810	6.9313395023e-01	5.0000000000e-01	nan	nan
811	6.9313359261e-01	5.0000000000e-01	nan	nan
812	6.9313311577e-01	5.0000000000e-01	nan	nan
813	6.9313257933e-01	5.0000000000e-01	nan	nan
814	6.9313216209e-01	5.0000000000e-01	nan	nan
815	6.9313108921e-01	5.0000000000e-01	nan	nan
816	6.9313061237e-01	1.0000000000e+00	nan	nan
817	6.9313091040e-01	5.0000000000e-01	nan	nan
818	6.9313043356e-01	5.0000000000e-01	nan	nan
819	6.9312965870e-01	1.0000000000e+00	nan	nan
820	6.9312965870e-01	1.0000000000e+00	nan	nan
821	6.9312894344e-01	5.0000000000e-01	nan	nan
822	6.9312828779e-01	1.0000000000e+00	nan	nan
823	6.9312763214e-01	5.0000000000e-01	nan	nan
824	6.9312697649e-01	1.0000000000e+00	nan	nan
825	6.9312667847e-01	5.0000000000e-01	nan	nan
826	6.9312572479e-01	5.0000000000e-01	nan	nan
827	6.9312548637e-01	5.0000000000e-01	nan	nan
828	6.9312429428e-01	5.0000000000e-01	nan	nan
829	6.9312405586e-01	5.0000000000e-01	nan	nan
830	6.9312417507e-01	1.0000000000e+00	nan	nan
831	6.9312363863e-01	5.0000000000e-01	nan	nan
832	6.9312322140e-01	5.0000000000e-01	nan	nan
833	6.9312196970e-01	1.0000000000e+00	nan	nan
834	6.9312179089e-01	1.0000000000e+00	nan	nan
835	6.9312083721e-01	1.0000000000e+00	nan	nan
836	6.9312065840e-01	1.0000000000e+00	nan	nan
837	6.9311982393e-01	1.0000000000e+00	nan	nan
838	6.9311952591e-01	1.0000000000e+00	nan	nan
839	6.9311875105e-01	1.0000000000e+00	nan	nan
840	6.9311797619e-01	1.0000000000e+00	nan	nan
841	6.9311809540e-01	5.0000000000e-01	nan	nan
842	6.9311690331e-01	1.0000000000e+00	nan	nan
843	6.9311618805e-01	5.0000000000e-01	nan	nan
844	6.9311618805e-01	5.0000000000e-01	nan	nan
845	6.9311559200e-01	1.0000000000e+00	nan	nan
846	6.9311439991e-01	5.0000000000e-01	nan	nan
847	6.9311368465e-01	5.0000000000e-01	nan	nan
848	6.9311285019e-01	1.0000000000e+00	nan	nan
849	6.9311308861e-01	1.0000000000e+00	nan	nan
850	6.9311308861e-01	5.0000000000e-01	nan	nan
851	6.9311171770e-01	1.0000000000e+00	nan	nan
852	6.9311130047e-01	5.0000000000e-01	nan	nan
853	6.9311070442e-01	1.0000000000e+00	nan	nan
854	6.9310986996e-01	1.0000000000e+00	nan	nan
855	6.9310921431e-01	5.0000000000e-01	nan	nan
856	6.9310855865e-01	5.0000000000e-01	nan	nan
857	6.9310820103e-01	5.0000000000e-01	nan	nan
858	6.9310724735e-01	5.0000000000e-01	nan	nan
859	6.9310712814e-01	1.0000000000e+00	nan	nan
860	6.9310677052e-01	5.0000000000e-01	nan	nan
861	6.9310569763e-01	1.0000000000e+00	nan	nan
862	6.9310510159e-01	1.0000000000e+00	nan	nan
863	6.9310492277e-01	1.0000000000e+00	nan	nan
864	6.9310367107e-01	5.0000000000e-01	nan	nan
865	6.9310331345e-01	1.0000000000e+00	nan	nan
866	6.9310283661e-01	5.0000000000e-01	nan	nan
867	6.9310188293e-01	5.0000000000e-01	nan	nan
868	6.9310188293e-01	1.0000000000e+00	nan	nan
869	6.9310140610e-01	1.0000000000e+00	nan	nan
870	6.9310081005e-01	1.0000000000e+00	nan	nan
871	6.9309991598e-01	1.0000000000e+00	nan	nan
872	6.9309949875e-01	1.0000000000e+00	nan	nan
873	6.9309854507e-01	5.0000000000e-01	nan	nan
874	6.9309818745e-01	1.0000000000e+00	nan	nan
875	6.9309759140e-01	1.0000000000e+00	nan	nan
876	6.9309628010e-01	5.0000000000e-01	nan	nan
877	6.9309628010e-01	5.0000000000e-01	nan	nan
878	6.9309556484e-01	1.0000000000e+00	nan	nan
879	6.9309419394e-01	1.0000000000e+00	nan	nan
880	6.9309377670e-01	5.0000000000e-01	nan	nan
881	6.9309222698e-01	1.0000000000e+00	nan	nan
882	6.9309151173e-01	5.0000000000e-01	nan	nan
883	6.9309109449e-01	5.0000000000e-01	nan	nan
884	6.9309014082e-01	1.0000000000e+00	nan	nan
885	6.9308990240e-01	5.0000000000e-01	nan	nan
886	6.9308876991e-01	5.0000000000e-01	nan	nan
887	6.9308781624e-01	5.0000000000e-01	nan	nan
888	6.9308567047e-01	5.0000000000e-01	nan	nan
889	6.9308561087e-01	1.0000000000e+00	nan	nan
890	6.9308471680e-01	1.0000000000e+00	nan	nan
891	6.9308346510e-01	1.0000000000e+00	nan	nan
892	6.9308304787e-01	1.0000000000e+00	nan	nan
893	6.9308185577e-01	1.0000000000e+00	nan	nan
894	6.9308114052e-01	5.0000000000e-01	nan	nan
895	6.9307893515e-01	5.0000000000e-01	nan	nan
896	6.9307863712e-01	1.0000000000e+00	nan	nan
897	6.9307786226e-01	1.0000000000e+00	nan	nan
898	6.9307708740e-01	1.0000000000e+00	nan	nan
899	6.9307565689e-01	5.0000000000e-01	nan	nan
900	6.9307696819e-01	5.0000000000e-01	nan	nan
901	6.9314795732e-01	5.0000000000e-01	nan	nan
902	6.9314527512e-01	5.0000000000e-01	nan	nan
903	6.9314301014e-01	5.0000000000e-01	nan	nan
904	6.9313812256e-01	5.0000000000e-01	nan	nan
905	6.9313728809e-01	5.0000000000e-01	nan	nan
906	6.9313621521e-01	5.0000000000e-01	nan	nan
907	6.9313228130e-01	5.0000000000e-01	nan	nan
908	6.9313204288e-01	5.0000000000e-01	nan	nan
909	6.9312888384e-01	5.0000000000e-01	nan	nan
910	6.9312828779e-01	5.0000000000e-01	nan	nan
911	6.9312715530e-01	5.0000000000e-01	nan	nan
912	6.9312423468e-01	5.0000000000e-01	nan	nan
913	6.9312334061e-01	5.0000000000e-01	nan	nan
914	6.9312286377e-01	5.0000000000e-01	nan	nan
915	6.9312053919e-01	5.0000000000e-01	nan	nan
916	6.9312196970e-01	5.0000000000e-01	nan	nan
917	6.9312262535e-01	5.0000000000e-01	nan	nan
918	6.9311952591e-01	5.0000000000e-01	nan	nan
919	6.9311928749e-01	5.0000000000e-01	nan	nan
920	6.9311714172e-01	5.0000000000e-01	nan	nan
921	6.9311571121e-01	5.0000000000e-01	nan	nan
922	6.9311577082e-01	1.0000000000e+00	nan	nan
923	6.9311386347e-01	1.0000000000e+00	nan	nan
924	6.9311404228e-01	5.0000000000e-01	nan	nan
925	6.9311016798e-01	5.0000000000e-01	nan	nan
926	6.9310843945e-01	5.0000000000e-01	nan	nan
927	6.9310724735e-01	1.0000000000e+00	nan	nan
928	6.9310700893e-01	5.0000000000e-01	nan	nan
929	6.9310659170e-01	5.0000000000e-01	nan	nan
930	6.9310390949e-01	5.0000000000e-01	nan	nan
931	6.9310259819e-01	1.0000000000e+00	nan	nan
932	6.9310009480e-01	1.0000000000e+00	nan	nan
933	6.9310063124e-01	5.0000000000e-01	nan	nan
934	6.9309824705e-01	5.0000000000e-01	nan	nan
935	6.9310063124e-01	1.0000000000e+00	nan	nan
936	6.9309741259e-01	1.0000000000e+00	nan	nan
937	6.9309520721e-01	1.0000000000e+00	nan	nan
938	6.9309335947e-01	5.0000000000e-01	nan	nan
939	6.9309300184e-01	1.0000000000e+00	nan	nan
940	6.9309473038e-01	1.0000000000e+00	nan	nan
941	6.9309073687e-01	5.0000000000e-01	nan	nan
942	6.9308757782e-01	5.0000000000e-01	nan	nan
943	6.9308340549e-01	5.0000000000e-01	nan	nan
944	6.9308423996e-01	5.0000000000e-01	nan	nan
945	6.9308459759e-01	5.0000000000e-01	nan	nan
946	6.9308030605e-01	5.0000000000e-01	nan	nan
947	6.9307798147e-01	5.0000000000e-01	nan	nan
948	6.9307756424e-01	5.0000000000e-01	nan	nan
949	6.9307148457e-01	5.0000000000e-01	nan	nan
950	6.9307172298e-01	5.0000000000e-01	nan	nan
951	6.9307088852e-01	5.0000000000e-01	nan	nan
952	6.9306647778e-01	5.0000000000e-01	nan	nan
953	6.9306480885e-01	5.0000000000e-01	nan	nan
954	6.9306355715e-01	1.0000000000e+00	nan	nan
955	6.9305992126e-01	5.0000000000e-01	nan	nan
956	6.9305729866e-01	1.0000000000e+00	nan	nan
957	6.9305360317e-01	1.0000000000e+00	nan	nan
958	6.9305014610e-01	5.0000000000e-01	nan	nan
959	6.9304913282e-01	5.0000000000e-01	nan	nan
960	6.9304525852e-01	1.0000000000e+00	nan	nan
961	6.9304072857e-01	5.0000000000e-01	nan	nan
962	6.9303917885e-01	5.0000000000e-01	nan	nan
963	6.9303703308e-01	5.0000000000e-01	nan	nan
964	6.9302928448e-01	1.0000000000e+00	nan	nan
965	6.9302618504e-01	1.0000000000e+00	nan	nan
966	6.9302344322e-01	5.0000000000e-01	nan	nan
967	6.9301921129e-01	5.0000000000e-01	nan	nan
968	6.9301629066e-01	1.0000000000e+00	nan	nan
969	6.9301253557e-01	5.0000000000e-01	nan	nan
970	6.9301331043e-01	5.0000000000e-01	nan	nan
971	6.9299995899e-01	1.0000000000e+00	nan	nan
972	6.9300448895e-01	5.0000000000e-01	nan	nan
973	6.9299185276e-01	1.0000000000e+00	nan	nan
974	6.9298774004e-01	5.0000000000e-01	nan	nan
975	6.9298052788e-01	5.0000000000e-01	nan	nan
976	6.9297838211e-01	5.0000000000e-01	nan	nan
977	6.9296979904e-01	1.0000000000e+00	nan	nan
978	6.9296437502e-01	1.0000000000e+00	nan	nan
979	6.9295006990e-01	1.0000000000e+00	nan	nan
980	6.9294565916e-01	5.0000000000e-01	nan	nan
981	6.9293749332e-01	1.0000000000e+00	nan	nan
982	6.9292366505e-01	5.0000000000e-01	nan	nan
983	6.9291293621e-01	5.0000000000e-01	nan	nan
984	6.9291394949e-01	5.0000000000e-01	nan	nan
985	6.9290328026e-01	5.0000000000e-01	nan	nan
986	6.9289004803e-01	1.0000000000e+00	nan	nan
987	6.9288969040e-01	5.0000000000e-01	nan	nan
988	6.9288432598e-01	5.0000000000e-01	nan	nan
989	6.9286078215e-01	1.0000000000e+00	nan	nan
990	6.9286495447e-01	5.0000000000e-01	nan	nan
991	6.9283729792e-01	5.0000000000e-01	nan	nan
992	6.9282293320e-01	1.0000000000e+00	nan	nan
993	6.9279468060e-01	1.0000000000e+00	nan	nan
994	6.9277942181e-01	1.0000000000e+00	nan	nan
995	6.9276660681e-01	5.0000000000e-01	nan	nan
996	6.9275283813e-01	5.0000000000e-01	nan	nan
997	6.9271296263e-01	5.0000000000e-01	nan	nan
998	6.9269478321e-01	1.0000000000e+00	nan	nan
999	6.9266021252e-01	5.0000000000e-01	nan	nan
1000	6.9263458252e-01	1.0000000000e+00	nan	nan
1001	6.9257652760e-01	1.0000000000e+00	nan	nan
1002	6.9253361225e-01	1.0000000000e+00	nan	nan
1003	6.9250530005e-01	1.0000000000e+00	nan	nan
1004	6.9248938560e-01	1.0000000000e+00	nan	nan
1005	6.9247680902e-01	1.0000000000e+00	nan	nan
1006	6.9246470928e-01	1.0000000000e+00	nan	nan
1007	6.9245338440e-01	1.0000000000e+00	nan	nan
1008	6.9244301319e-01	1.0000000000e+00	nan	nan
1009	6.9243216515e-01	1.0000000000e+00	nan	nan
1010	6.9242131710e-01	1.0000000000e+00	nan	nan
1011	6.9241011143e-01	1.0000000000e+00	nan	nan
1012	6.9240027666e-01	1.0000000000e+00	nan	nan
1013	6.9239002466e-01	1.0000000000e+00	nan	nan
1014	6.9237989187e-01	1.0000000000e+00	nan	nan
1015	6.9236969948e-01	1.0000000000e+00	nan	nan
1016	6.9235944748e-01	1.0000000000e+00	nan	nan
1017	6.9234848022e-01	1.0000000000e+00	nan	nan
1018	6.9233912230e-01	1.0000000000e+00	nan	nan
1019	6.9233012199e-01	1.0000000000e+00	nan	nan
1020	6.9231921434e-01	1.0000000000e+00	nan	nan
1021	6.9230806828e-01	1.0000000000e+00	nan	nan
1022	6.9229876995e-01	1.0000000000e+00	nan	nan
1023	6.9228708744e-01	1.0000000000e+00	nan	nan
1024	6.9227528572e-01	1.0000000000e+00	nan	nan
1025	6.9226372242e-01	1.0000000000e+00	nan	nan
1026	6.9225215912e-01	1.0000000000e+00	nan	nan
1027	6.9223976135e-01	1.0000000000e+00	nan	nan
1028	6.9222807884e-01	1.0000000000e+00	nan	nan
1029	6.9221389294e-01	1.0000000000e+00	nan	nan
1030	6.9220179319e-01	1.0000000000e+00	nan	nan
1031	6.9218885899e-01	1.0000000000e+00	nan	nan
1032	6.9217741489e-01	1.0000000000e+00	nan	nan
1033	6.9216209650e-01	1.0000000000e+00	nan	nan
1034	6.9214868546e-01	1.0000000000e+00	nan	nan
1035	6.9213533401e-01	1.0000000000e+00	nan	nan
1036	6.9211977720e-01	1.0000000000e+00	nan	nan
1037	6.9210231304e-01	1.0000000000e+00	nan	nan
1038	6.9208717346e-01	1.0000000000e+00	nan	nan
1039	6.9207417965e-01	1.0000000000e+00	nan	nan
1040	6.9205665588e-01	1.0000000000e+00	nan	nan
1041	6.9203925133e-01	1.0000000000e+00	nan	nan
1042	6.9202375412e-01	1.0000000000e+00	nan	nan
1043	6.9200575352e-01	1.0000000000e+00	nan	nan
1044	6.9198524952e-01	1.0000000000e+00	nan	nan
1045	6.9196736813e-01	1.0000000000e+00	nan	nan
1046	6.9194340706e-01	1.0000000000e+00	nan	nan
1047	6.9192582369e-01	1.0000000000e+00	nan	nan
1048	6.9190323353e-01	1.0000000000e+00	nan	nan
1049	6.9187891483e-01	1.0000000000e+00	nan	nan
1050	6.9185906649e-01	1.0000000000e+00	nan	nan
1051	6.9183778763e-01	1.0000000000e+00	nan	nan
1052	6.9181287289e-01	1.0000000000e+00	nan	nan
1053	6.9178843498e-01	1.0000000000e+00	nan	nan
1054	6.9176685810e-01	1.0000000000e+00	nan	nan
1055	6.9174110889e-01	1.0000000000e+00	nan	nan
1056	6.9171887636e-01	1.0000000000e+00	nan	nan
1057	6.9168794155e-01	1.0000000000e+00	nan	nan
1058	6.9165742397e-01	1.0000000000e+00	nan	nan
1059	6.9163012505e-01	1.0000000000e+00	nan	nan
1060	6.9160360098e-01	1.0000000000e+00	nan	nan
1061	6.9156801701e-01	1.0000000000e+00	nan	nan
1062	6.9154369831e-01	1.0000000000e+00	nan	nan
1063	6.9150251150e-01	1.0000000000e+00	nan	nan
1064	6.9146013260e-01	1.0000000000e+00	nan	nan
1065	6.9142329693e-01	1.0000000000e+00	nan	nan
1066	6.9138693810e-01	1.0000000000e+00	nan	nan
1067	6.9133698940e-01	1.0000000000e+00	nan	nan
1068	6.9129109383e-01	1.0000000000e+00	nan	nan
1069	6.9124960899e-01	1.0000000000e+00	nan	nan
1070	6.9122022390e-01	1.0000000000e+00	nan	nan
1071	6.9116240740e-01	1.0000000000e+00	nan	nan
1072	6.9111084938e-01	1.0000000000e+00	nan	nan
1073	6.9105827808e-01	1.0000000000e+00	nan	nan
1074	6.9100886583e-01	1.0000000000e+00	nan	nan
1075	6.9093942642e-01	1.0000000000e+00	nan	nan
1076	6.9090247154e-01	1.0000000000e+00	nan	nan
1077	6.9084930420e-01	1.0000000000e+00	nan	nan
1078	6.9078952074e-01	1.0000000000e+00	nan	nan
1079	6.9072717428e-01	1.0000000000e+00	nan	nan
1080	6.9073605537e-01	1.0000000000e+00	nan	nan
1081	6.9109570980e-01	5.0000000000e-01	nan	nan
1082	6.9195401669e-01	5.0000000000e-01	nan	nan
1083	6.9062018394e-01	1.0000000000e+00	nan	nan
1084	6.9047296047e-01	1.0000000000e+00	nan	nan
1085	6.9034790993e-01	1.0000000000e+00	nan	nan
1086	6.9025456905e-01	1.0000000000e+00	nan	nan
1087	6.9012200832e-01	1.0000000000e+00	nan	nan
1088	6.9003039598e-01	1.0000000000e+00	nan	nan
1089	6.8997514248e-01	1.0000000000e+00	nan	nan
1090	6.9037884474e-01	5.0000000000e-01	nan	nan
1091	6.9153302908e-01	5.0000000000e-01	nan	nan
1092	6.9257819653e-01	5.0000000000e-01	nan	nan
1093	6.9116723537e-01	5.0000000000e-01	nan	nan
1094	6.9004285336e-01	5.0000000000e-01	nan	nan
1095	6.8988561630e-01	5.0000000000e-01	nan	nan
1096	6.8945151567e-01	5.0000000000e-01	nan	nan
1097	6.8920755386e-01	1.0000000000e+00	nan	nan
1098	6.8895226717e-01	1.0000000000e+00	nan	nan
1099	6.8881893158e-01	1.0000000000e+00	nan	nan
1100	6.8885958195e-01	5.0000000000e-01	nan	nan
1101	6.9145089388e-01	5.0000000000e-01	nan	nan
1102	6.8886530399e-01	5.0000000000e-01	nan	nan
1103	6.9133532047e-01	5.0000000000e-01	nan	nan
1104	6.8814420700e-01	1.0000000000e+00	nan	nan
1105	6.8779700994e-01	1.0000000000e+00	nan	nan
1106	6.8761688471e-01	1.0000000000e+00	nan	nan
1107	6.8928420544e-01	5.0000000000e-01	nan	nan
1108	6.9045317173e-01	5.0000000000e-01	nan	nan
1109	6.9285744429e-01	5.0000000000e-01	nan	nan
1110	6.9255614281e-01	5.0000000000e-01	nan	nan
1111	6.9177007675e-01	5.0000000000e-01	nan	nan
1112	6.8866330385e-01	5.0000000000e-01	nan	nan
1113	6.8776702881e-01	5.0000000000e-01	nan	nan
1114	6.9003754854e-01	5.0000000000e-01	nan	nan
1115	6.8711006641e-01	5.0000000000e-01	nan	nan
1116	6.8997359276e-01	5.0000000000e-01	nan	nan
1117	6.8669879436e-01	5.0000000000e-01	nan	nan
1118	6.8866312504e-01	5.0000000000e-01	nan	nan
1119	6.8546354771e-01	1.0000000000e+00	nan	nan
1120	6.8456816673e-01	1.0000000000e+00	nan	nan
1121	6.8402421474e-01	1.0000000000e+00	nan	nan
1122	6.8651080132e-01	5.0000000000e-01	nan	nan
1123	6.8673914671e-01	5.0000000000e-01	nan	nan
1124	6.9295907021e-01	5.0000000000e-01	nan	nan
1125	6.9267821312e-01	5.0000000000e-01	nan	nan
1126	6.9242942333e-01	5.0000000000e-01	nan	nan
1127	6.9210970402e-01	5.0000000000e-01	nan	nan
