Label	Class	n_sample
0	dogs	9
1	cats	9

Epoch	AvgTrainLoss	AvgTrainAcc	AvgValLoss	AvgValAcc
1	6.9314604998e-01	6.1111110449e-01	nan	nan
2	6.9313937426e-01	6.6666668653e-01	nan	nan
3	6.9313395023e-01	8.3333331347e-01	nan	nan
4	6.9312900305e-01	7.7777779102e-01	nan	nan
5	6.9312429428e-01	7.2222220898e-01	nan	nan
6	6.9312143326e-01	7.2222220898e-01	nan	nan
7	6.9311851263e-01	7.2222220898e-01	nan	nan
8	6.9311630726e-01	8.8888889551e-01	nan	nan
9	6.9311410189e-01	8.8888889551e-01	nan	nan
10	6.9311207533e-01	8.3333331347e-01	nan	nan
11	6.9311088324e-01	8.3333331347e-01	nan	nan
12	6.9310927391e-01	8.3333331347e-01	nan	nan
13	6.9310778379e-01	8.3333331347e-01	nan	nan
14	6.9310629368e-01	8.3333331347e-01	nan	nan
15	6.9310492277e-01	8.3333331347e-01	nan	nan
16	6.9310408831e-01	8.3333331347e-01	nan	nan
17	6.9310307503e-01	8.8888889551e-01	nan	nan
18	6.9310212135e-01	8.8888889551e-01	nan	nan
19	6.9310116768e-01	8.3333331347e-01	nan	nan
20	6.9310027361e-01	8.3333331347e-01	nan	nan
21	6.9309949875e-01	8.3333331347e-01	nan	nan
22	6.9309878349e-01	8.3333331347e-01	nan	nan
23	6.9309812784e-01	8.3333331347e-01	nan	nan
24	6.9309759140e-01	8.3333331347e-01	nan	nan
25	6.9309687614e-01	7.7777779102e-01	nan	nan
26	6.9309622049e-01	7.7777779102e-01	nan	nan
27	6.9309568405e-01	7.7777779102e-01	nan	nan
28	6.9309502840e-01	7.7777779102e-01	nan	nan
29	6.9309449196e-01	7.7777779102e-01	nan	nan
30	6.9309401512e-01	7.7777779102e-01	nan	nan
31	6.9309347868e-01	7.7777779102e-01	nan	nan
32	6.9309294224e-01	7.7777779102e-01	nan	nan
33	6.9309246540e-01	7.7777779102e-01	nan	nan
34	6.9309186935e-01	7.7777779102e-01	nan	nan
35	6.9309121370e-01	7.7777779102e-01	nan	nan
36	6.9309079647e-01	7.7777779102e-01	nan	nan
37	6.9309043884e-01	7.7777779102e-01	nan	nan
38	6.9308996201e-01	7.7777779102e-01	nan	nan
39	6.9308960438e-01	7.7777779102e-01	nan	nan
40	6.9308912754e-01	7.7777779102e-01	nan	nan
41	6.9308871031e-01	7.7777779102e-01	nan	nan
42	6.9308823347e-01	7.7777779102e-01	nan	nan
43	6.9308781624e-01	7.7777779102e-01	nan	nan
44	6.9308739901e-01	7.7777779102e-01	nan	nan
45	6.9308704138e-01	7.7777779102e-01	nan	nan
46	6.9308650494e-01	7.7777779102e-01	nan	nan
47	6.9308620691e-01	7.7777779102e-01	nan	nan
48	6.9308555126e-01	7.7777779102e-01	nan	nan
49	6.9308501482e-01	8.3333331347e-01	nan	nan
50	6.9308477640e-01	8.3333331347e-01	nan	nan
51	6.9308435917e-01	8.3333331347e-01	nan	nan
52	6.9308400154e-01	8.3333331347e-01	nan	nan
53	6.9308352470e-01	8.3333331347e-01	nan	nan
54	6.9308316708e-01	8.3333331347e-01	nan	nan
55	6.9308263063e-01	8.3333331347e-01	nan	nan
56	6.9308215380e-01	8.3333331347e-01	nan	nan
57	6.9308167696e-01	7.7777779102e-01	nan	nan
58	6.9308125973e-01	7.7777779102e-01	nan	nan
59	6.9308078289e-01	7.7777779102e-01	nan	nan
60	6.9308018684e-01	7.7777779102e-01	nan	nan
61	6.9307971001e-01	7.7777779102e-01	nan	nan
62	6.9307923317e-01	7.7777779102e-01	nan	nan
63	6.9307875633e-01	7.7777779102e-01	nan	nan
64	6.9307839870e-01	7.7777779102e-01	nan	nan
65	6.9307804108e-01	7.7777779102e-01	nan	nan
66	6.9307756424e-01	7.7777779102e-01	nan	nan
67	6.9307708740e-01	7.7777779102e-01	nan	nan
68	6.9307678938e-01	7.7777779102e-01	nan	nan
69	6.9307637215e-01	7.7777779102e-01	nan	nan
70	6.9307595491e-01	7.7777779102e-01	nan	nan
71	6.9307547808e-01	7.7777779102e-01	nan	nan
72	6.9307506084e-01	7.7777779102e-01	nan	nan
73	6.9307470322e-01	7.7777779102e-01	nan	nan
74	6.9307428598e-01	7.7777779102e-01	nan	nan
75	6.9307380915e-01	7.7777779102e-01	nan	nan
76	6.9307339191e-01	7.7777779102e-01	nan	nan
77	6.9307297468e-01	7.7777779102e-01	nan	nan
78	6.9307261705e-01	7.7777779102e-01	nan	nan
79	6.9307208061e-01	7.7777779102e-01	nan	nan
80	6.9307172298e-01	7.7777779102e-01	nan	nan
81	6.9307136536e-01	7.7777779102e-01	nan	nan
82	6.9307094812e-01	7.7777779102e-01	nan	nan
83	6.9307053089e-01	7.7777779102e-01	nan	nan
84	6.9307011366e-01	7.7777779102e-01	nan	nan
85	6.9306969643e-01	7.7777779102e-01	nan	nan
86	6.9306921959e-01	7.7777779102e-01	nan	nan
87	6.9306880236e-01	7.7777779102e-01	nan	nan
88	6.9306838512e-01	7.7777779102e-01	nan	nan
89	6.9306796789e-01	7.7777779102e-01	nan	nan
90	6.9306761026e-01	7.7777779102e-01	nan	nan
91	6.9306713343e-01	7.7777779102e-01	nan	nan
92	6.9306671619e-01	7.7777779102e-01	nan	nan
93	6.9306641817e-01	7.7777779102e-01	nan	nan
94	6.9306588173e-01	7.7777779102e-01	nan	nan
95	6.9306552410e-01	7.7777779102e-01	nan	nan
96	6.9306510687e-01	7.7777779102e-01	nan	nan
97	6.9306463003e-01	7.7777779102e-01	nan	nan
98	6.9306415319e-01	7.7777779102e-01	nan	nan
99	6.9306373596e-01	7.7777779102e-01	nan	nan
100	6.9306331873e-01	7.7777779102e-01	nan	nan
101	6.9309830666e-01	6.1111110449e-01	nan	nan
102	6.9309711456e-01	6.6666668653e-01	nan	nan
103	6.9309657812e-01	7.2222220898e-01	nan	nan
104	6.9309639931e-01	7.2222220898e-01	nan	nan
105	6.9309610128e-01	8.3333331347e-01	nan	nan
106	6.9309568405e-01	8.8888889551e-01	nan	nan
107	6.9309550524e-01	7.7777779102e-01	nan	nan
108	6.9309520721e-01	7.7777779102e-01	nan	nan
109	6.9309490919e-01	7.7777779102e-01	nan	nan
110	6.9309455156e-01	7.7777779102e-01	nan	nan
111	6.9309425354e-01	7.7777779102e-01	nan	nan
112	6.9309389591e-01	7.7777779102e-01	nan	nan
113	6.9309359789e-01	7.7777779102e-01	nan	nan
114	6.9309329987e-01	7.7777779102e-01	nan	nan
115	6.9309306145e-01	7.7777779102e-01	nan	nan
116	6.9309270382e-01	7.7777779102e-01	nan	nan
117	6.9309234619e-01	7.7777779102e-01	nan	nan
118	6.9309210777e-01	7.7777779102e-01	nan	nan
119	6.9309175014e-01	7.7777779102e-01	nan	nan
120	6.9309151173e-01	7.7777779102e-01	nan	nan
121	6.9309109449e-01	7.7777779102e-01	nan	nan
122	6.9309067726e-01	7.7777779102e-01	nan	nan
123	6.9309037924e-01	7.7777779102e-01	nan	nan
124	6.9309008121e-01	7.7777779102e-01	nan	nan
125	6.9308972359e-01	7.7777779102e-01	nan	nan
126	6.9308936596e-01	7.7777779102e-01	nan	nan
127	6.9308906794e-01	7.7777779102e-01	nan	nan
128	6.9308865070e-01	7.7777779102e-01	nan	nan
129	6.9308829308e-01	7.7777779102e-01	nan	nan
130	6.9308787584e-01	7.7777779102e-01	nan	nan
131	6.9308757782e-01	7.7777779102e-01	nan	nan
132	6.9308733940e-01	7.7777779102e-01	nan	nan
133	6.9308686256e-01	7.7777779102e-01	nan	nan
134	6.9308662415e-01	7.7777779102e-01	nan	nan
135	6.9308638573e-01	7.7777779102e-01	nan	nan
136	6.9308590889e-01	7.7777779102e-01	nan	nan
137	6.9308549166e-01	7.7777779102e-01	nan	nan
138	6.9308525324e-01	7.7777779102e-01	nan	nan
139	6.9308483601e-01	7.7777779102e-01	nan	nan
140	6.9308453798e-01	7.7777779102e-01	nan	nan
141	6.9308418036e-01	7.7777779102e-01	nan	nan
142	6.9308388233e-01	7.7777779102e-01	nan	nan
143	6.9308352470e-01	7.7777779102e-01	nan	nan
144	6.9308316708e-01	7.7777779102e-01	nan	nan
145	6.9308280945e-01	7.7777779102e-01	nan	nan
146	6.9308239222e-01	7.7777779102e-01	nan	nan
147	6.9308209419e-01	7.7777779102e-01	nan	nan
148	6.9308173656e-01	7.7777779102e-01	nan	nan
149	6.9308149815e-01	7.7777779102e-01	nan	nan
150	6.9308114052e-01	7.7777779102e-01	nan	nan
151	6.9308066368e-01	7.7777779102e-01	nan	nan
152	6.9308030605e-01	7.7777779102e-01	nan	nan
153	6.9308000803e-01	7.7777779102e-01	nan	nan
154	6.9307965040e-01	7.7777779102e-01	nan	nan
155	6.9307929277e-01	7.7777779102e-01	nan	nan
156	6.9307887554e-01	7.7777779102e-01	nan	nan
157	6.9307839870e-01	7.7777779102e-01	nan	nan
158	6.9307810068e-01	7.7777779102e-01	nan	nan
159	6.9307768345e-01	7.7777779102e-01	nan	nan
160	6.9307732582e-01	7.7777779102e-01	nan	nan
161	6.9307684898e-01	7.7777779102e-01	nan	nan
162	6.9307643175e-01	7.7777779102e-01	nan	nan
163	6.9307607412e-01	7.7777779102e-01	nan	nan
164	6.9307571650e-01	7.7777779102e-01	nan	nan
165	6.9307535887e-01	7.7777779102e-01	nan	nan
166	6.9307488203e-01	7.7777779102e-01	nan	nan
167	6.9307452440e-01	7.7777779102e-01	nan	nan
168	6.9307422638e-01	7.7777779102e-01	nan	nan
169	6.9307380915e-01	7.7777779102e-01	nan	nan
170	6.9307345152e-01	7.7777779102e-01	nan	nan
171	6.9307297468e-01	7.7777779102e-01	nan	nan
172	6.9307255745e-01	7.7777779102e-01	nan	nan
173	6.9307214022e-01	7.7777779102e-01	nan	nan
174	6.9307178259e-01	7.7777779102e-01	nan	nan
175	6.9307136536e-01	7.7777779102e-01	nan	nan
176	6.9307094812e-01	7.7777779102e-01	nan	nan
177	6.9307053089e-01	7.7777779102e-01	nan	nan
178	6.9307017326e-01	7.7777779102e-01	nan	nan
179	6.9306969643e-01	7.7777779102e-01	nan	nan
180	6.9306921959e-01	7.7777779102e-01	nan	nan
181	6.9306886196e-01	7.7777779102e-01	nan	nan
182	6.9306844473e-01	7.7777779102e-01	nan	nan
183	6.9306808710e-01	7.7777779102e-01	nan	nan
184	6.9306761026e-01	7.7777779102e-01	nan	nan
185	6.9306719303e-01	7.7777779102e-01	nan	nan
186	6.9306671619e-01	7.7777779102e-01	nan	nan
187	6.9306629896e-01	7.7777779102e-01	nan	nan
188	6.9306588173e-01	8.3333331347e-01	nan	nan
189	6.9306552410e-01	8.3333331347e-01	nan	nan
190	6.9306498766e-01	8.3333331347e-01	nan	nan
191	6.9306457043e-01	8.3333331347e-01	nan	nan
192	6.9306415319e-01	8.3333331347e-01	nan	nan
193	6.9306373596e-01	8.3333331347e-01	nan	nan
194	6.9306331873e-01	8.3333331347e-01	nan	nan
195	6.9306290150e-01	8.3333331347e-01	nan	nan
196	6.9306248426e-01	7.7777779102e-01	nan	nan
197	6.9306206703e-01	7.7777779102e-01	nan	nan
198	6.9306159019e-01	7.7777779102e-01	nan	nan
199	6.9306111336e-01	7.7777779102e-01	nan	nan
200	6.9306063652e-01	7.7777779102e-01	nan	nan
201	6.9313633442e-01	5.0000000000e-01	nan	nan
202	6.9313585758e-01	5.0000000000e-01	nan	nan
203	6.9313544035e-01	5.0000000000e-01	nan	nan
204	6.9313514233e-01	5.0000000000e-01	nan	nan
205	6.9313484430e-01	5.0000000000e-01	nan	nan
206	6.9313454628e-01	5.0000000000e-01	nan	nan
207	6.9313424826e-01	5.0000000000e-01	nan	nan
208	6.9313400984e-01	5.0000000000e-01	nan	nan
209	6.9313389063e-01	5.0000000000e-01	nan	nan
210	6.9313365221e-01	5.0000000000e-01	nan	nan
211	6.9313353300e-01	5.0000000000e-01	nan	nan
212	6.9313329458e-01	5.0000000000e-01	nan	nan
213	6.9313311577e-01	5.0000000000e-01	nan	nan
214	6.9313299656e-01	5.0000000000e-01	nan	nan
215	6.9313269854e-01	5.0000000000e-01	nan	nan
216	6.9313263893e-01	5.0000000000e-01	nan	nan
217	6.9313240051e-01	5.5555558205e-01	nan	nan
218	6.9313234091e-01	6.1111110449e-01	nan	nan
219	6.9313216209e-01	6.1111110449e-01	nan	nan
220	6.9313210249e-01	6.6666668653e-01	nan	nan
221	6.9313204288e-01	8.3333331347e-01	nan	nan
222	6.9313180447e-01	7.7777779102e-01	nan	nan
223	6.9313174486e-01	7.2222220898e-01	nan	nan
224	6.9313168526e-01	7.7777779102e-01	nan	nan
225	6.9313156605e-01	7.7777779102e-01	nan	nan
226	6.9313150644e-01	7.2222220898e-01	nan	nan
227	6.9313132763e-01	6.6666668653e-01	nan	nan
228	6.9313120842e-01	6.1111110449e-01	nan	nan
229	6.9313108921e-01	5.5555558205e-01	nan	nan
230	6.9313102961e-01	5.5555558205e-01	nan	nan
231	6.9313085079e-01	5.5555558205e-01	nan	nan
232	6.9313085079e-01	5.5555558205e-01	nan	nan
233	6.9313073158e-01	5.5555558205e-01	nan	nan
234	6.9313073158e-01	5.5555558205e-01	nan	nan
235	6.9313061237e-01	5.5555558205e-01	nan	nan
236	6.9313043356e-01	5.5555558205e-01	nan	nan
237	6.9313037395e-01	5.5555558205e-01	nan	nan
238	6.9313031435e-01	5.5555558205e-01	nan	nan
239	6.9313025475e-01	5.5555558205e-01	nan	nan
240	6.9313019514e-01	5.5555558205e-01	nan	nan
241	6.9313007593e-01	5.5555558205e-01	nan	nan
242	6.9313001633e-01	5.5555558205e-01	nan	nan
243	6.9312977791e-01	6.1111110449e-01	nan	nan
244	6.9312971830e-01	6.6666668653e-01	nan	nan
245	6.9312965870e-01	6.6666668653e-01	nan	nan
246	6.9312953949e-01	6.6666668653e-01	nan	nan
247	6.9312942028e-01	6.6666668653e-01	nan	nan
248	6.9312942028e-01	6.6666668653e-01	nan	nan
249	6.9312930107e-01	7.2222220898e-01	nan	nan
250	6.9312924147e-01	7.2222220898e-01	nan	nan
251	6.9312918186e-01	7.2222220898e-01	nan	nan
252	6.9312912226e-01	7.7777779102e-01	nan	nan
253	6.9312900305e-01	7.7777779102e-01	nan	nan
254	6.9312894344e-01	7.7777779102e-01	nan	nan
255	6.9312888384e-01	7.2222220898e-01	nan	nan
256	6.9312882423e-01	7.7777779102e-01	nan	nan
257	6.9312876463e-01	7.7777779102e-01	nan	nan
258	6.9312870502e-01	7.7777779102e-01	nan	nan
259	6.9312858582e-01	7.7777779102e-01	nan	nan
260	6.9312858582e-01	7.7777779102e-01	nan	nan
261	6.9312846661e-01	7.7777779102e-01	nan	nan
262	6.9312840700e-01	7.7777779102e-01	nan	nan
263	6.9312834740e-01	7.7777779102e-01	nan	nan
264	6.9312834740e-01	7.7777779102e-01	nan	nan
265	6.9312828779e-01	7.7777779102e-01	nan	nan
266	6.9312816858e-01	7.7777779102e-01	nan	nan
267	6.9312810898e-01	7.7777779102e-01	nan	nan
268	6.9312810898e-01	7.7777779102e-01	nan	nan
269	6.9312798977e-01	7.7777779102e-01	nan	nan
270	6.9312798977e-01	7.7777779102e-01	nan	nan
271	6.9312787056e-01	7.7777779102e-01	nan	nan
272	6.9312787056e-01	7.7777779102e-01	nan	nan
273	6.9312781096e-01	7.7777779102e-01	nan	nan
274	6.9312769175e-01	7.7777779102e-01	nan	nan
275	6.9312763214e-01	7.7777779102e-01	nan	nan
276	6.9312763214e-01	7.7777779102e-01	nan	nan
277	6.9312751293e-01	7.7777779102e-01	nan	nan
278	6.9312739372e-01	7.7777779102e-01	nan	nan
279	6.9312739372e-01	7.7777779102e-01	nan	nan
280	6.9312733412e-01	7.7777779102e-01	nan	nan
281	6.9312733412e-01	7.7777779102e-01	nan	nan
282	6.9312727451e-01	7.7777779102e-01	nan	nan
283	6.9312721491e-01	7.7777779102e-01	nan	nan
284	6.9312715530e-01	7.7777779102e-01	nan	nan
285	6.9312703609e-01	7.7777779102e-01	nan	nan
286	6.9312703609e-01	7.7777779102e-01	nan	nan
287	6.9312697649e-01	7.7777779102e-01	nan	nan
288	6.9312691689e-01	7.7777779102e-01	nan	nan
289	6.9312691689e-01	7.7777779102e-01	nan	nan
290	6.9312685728e-01	7.7777779102e-01	nan	nan
291	6.9312679768e-01	7.7777779102e-01	nan	nan
292	6.9312673807e-01	7.7777779102e-01	nan	nan
293	6.9312673807e-01	7.7777779102e-01	nan	nan
294	6.9312661886e-01	7.7777779102e-01	nan	nan
295	6.9312655926e-01	7.7777779102e-01	nan	nan
296	6.9312649965e-01	7.7777779102e-01	nan	nan
297	6.9312644005e-01	7.7777779102e-01	nan	nan
298	6.9312644005e-01	7.7777779102e-01	nan	nan
299	6.9312644005e-01	7.7777779102e-01	nan	nan
300	6.9312638044e-01	7.7777779102e-01	nan	nan
301	6.9314503670e-01	6.1111110449e-01	nan	nan
302	6.9314497709e-01	6.6666668653e-01	nan	nan
303	6.9314479828e-01	7.7777779102e-01	nan	nan
304	6.9314467907e-01	7.7777779102e-01	nan	nan
305	6.9314455986e-01	7.7777779102e-01	nan	nan
306	6.9314450026e-01	7.7777779102e-01	nan	nan
307	6.9314432144e-01	6.6666668653e-01	nan	nan
308	6.9314420223e-01	5.5555558205e-01	nan	nan
309	6.9314414263e-01	5.0000000000e-01	nan	nan
310	6.9314408302e-01	5.0000000000e-01	nan	nan
311	6.9314408302e-01	5.0000000000e-01	nan	nan
312	6.9314390421e-01	5.0000000000e-01	nan	nan
313	6.9314390421e-01	5.0000000000e-01	nan	nan
314	6.9314384460e-01	5.0000000000e-01	nan	nan
315	6.9314378500e-01	5.0000000000e-01	nan	nan
316	6.9314372540e-01	5.0000000000e-01	nan	nan
317	6.9314360619e-01	5.0000000000e-01	nan	nan
318	6.9314360619e-01	5.0000000000e-01	nan	nan
319	6.9314354658e-01	5.0000000000e-01	nan	nan
320	6.9314354658e-01	5.0000000000e-01	nan	nan
321	6.9314348698e-01	5.0000000000e-01	nan	nan
322	6.9314348698e-01	5.5555558205e-01	nan	nan
323	6.9314342737e-01	6.1111110449e-01	nan	nan
324	6.9314330816e-01	7.7777779102e-01	nan	nan
325	6.9314330816e-01	7.7777779102e-01	nan	nan
326	6.9314318895e-01	8.8888889551e-01	nan	nan
327	6.9314318895e-01	8.8888889551e-01	nan	nan
328	6.9314312935e-01	8.3333331347e-01	nan	nan
329	6.9314312935e-01	8.3333331347e-01	nan	nan
330	6.9314306974e-01	8.3333331347e-01	nan	nan
331	6.9314301014e-01	8.3333331347e-01	nan	nan
332	6.9314295053e-01	8.3333331347e-01	nan	nan
333	6.9314295053e-01	8.3333331347e-01	nan	nan
334	6.9314289093e-01	8.3333331347e-01	nan	nan
335	6.9314283133e-01	8.3333331347e-01	nan	nan
336	6.9314283133e-01	7.7777779102e-01	nan	nan
337	6.9314271212e-01	7.7777779102e-01	nan	nan
338	6.9314271212e-01	7.2222220898e-01	nan	nan
339	6.9314271212e-01	7.2222220898e-01	nan	nan
340	6.9314271212e-01	7.2222220898e-01	nan	nan
341	6.9314265251e-01	7.2222220898e-01	nan	nan
342	6.9314265251e-01	7.2222220898e-01	nan	nan
343	6.9314259291e-01	7.2222220898e-01	nan	nan
344	6.9314259291e-01	7.7777779102e-01	nan	nan
345	6.9314259291e-01	7.7777779102e-01	nan	nan
346	6.9314253330e-01	8.3333331347e-01	nan	nan
347	6.9314247370e-01	8.3333331347e-01	nan	nan
348	6.9314241409e-01	8.8888889551e-01	nan	nan
349	6.9314247370e-01	8.8888889551e-01	nan	nan
350	6.9314241409e-01	8.8888889551e-01	nan	nan
351	6.9314241409e-01	8.3333331347e-01	nan	nan
352	6.9314235449e-01	7.7777779102e-01	nan	nan
353	6.9314235449e-01	7.7777779102e-01	nan	nan
354	6.9314229488e-01	7.7777779102e-01	nan	nan
355	6.9314223528e-01	8.3333331347e-01	nan	nan
356	6.9314229488e-01	8.3333331347e-01	nan	nan
357	6.9314223528e-01	8.3333331347e-01	nan	nan
358	6.9314223528e-01	8.3333331347e-01	nan	nan
359	6.9314217567e-01	8.3333331347e-01	nan	nan
360	6.9314217567e-01	8.3333331347e-01	nan	nan
361	6.9314217567e-01	8.3333331347e-01	nan	nan
362	6.9314217567e-01	8.8888889551e-01	nan	nan
363	6.9314217567e-01	8.8888889551e-01	nan	nan
364	6.9314217567e-01	7.7777779102e-01	nan	nan
365	6.9314217567e-01	7.7777779102e-01	nan	nan
366	6.9314211607e-01	7.7777779102e-01	nan	nan
367	6.9314205647e-01	7.7777779102e-01	nan	nan
368	6.9314205647e-01	7.7777779102e-01	nan	nan
369	6.9314205647e-01	7.7777779102e-01	nan	nan
370	6.9314199686e-01	7.7777779102e-01	nan	nan
371	6.9314205647e-01	7.7777779102e-01	nan	nan
372	6.9314199686e-01	7.7777779102e-01	nan	nan
373	6.9314193726e-01	7.7777779102e-01	nan	nan
374	6.9314193726e-01	8.3333331347e-01	nan	nan
375	6.9314193726e-01	8.3333331347e-01	nan	nan
376	6.9314193726e-01	8.3333331347e-01	nan	nan
377	6.9314193726e-01	8.3333331347e-01	nan	nan
378	6.9314193726e-01	8.3333331347e-01	nan	nan
379	6.9314193726e-01	8.3333331347e-01	nan	nan
380	6.9314187765e-01	8.3333331347e-01	nan	nan
381	6.9314187765e-01	8.3333331347e-01	nan	nan
382	6.9314181805e-01	8.3333331347e-01	nan	nan
383	6.9314181805e-01	8.3333331347e-01	nan	nan
384	6.9314181805e-01	8.3333331347e-01	nan	nan
385	6.9314175844e-01	8.3333331347e-01	nan	nan
386	6.9314181805e-01	8.3333331347e-01	nan	nan
387	6.9314181805e-01	8.3333331347e-01	nan	nan
388	6.9314175844e-01	8.3333331347e-01	nan	nan
389	6.9314175844e-01	8.3333331347e-01	nan	nan
390	6.9314175844e-01	8.3333331347e-01	nan	nan
391	6.9314175844e-01	8.3333331347e-01	nan	nan
392	6.9314169884e-01	8.3333331347e-01	nan	nan
393	6.9314169884e-01	8.3333331347e-01	nan	nan
394	6.9314169884e-01	8.3333331347e-01	nan	nan
395	6.9314169884e-01	8.3333331347e-01	nan	nan
396	6.9314169884e-01	8.3333331347e-01	nan	nan
397	6.9314169884e-01	8.3333331347e-01	nan	nan
398	6.9314169884e-01	8.3333331347e-01	nan	nan
399	6.9314169884e-01	8.3333331347e-01	nan	nan
400	6.9314169884e-01	8.3333331347e-01	nan	nan
401	6.9314646721e-01	5.0000000000e-01	nan	nan
402	6.9314646721e-01	5.0000000000e-01	nan	nan
403	6.9314640760e-01	5.0000000000e-01	nan	nan
404	6.9314640760e-01	5.0000000000e-01	nan	nan
405	6.9314640760e-01	5.0000000000e-01	nan	nan
406	6.9314640760e-01	5.0000000000e-01	nan	nan
407	6.9314634800e-01	5.0000000000e-01	nan	nan
408	6.9314628839e-01	5.0000000000e-01	nan	nan
409	6.9314622879e-01	5.0000000000e-01	nan	nan
410	6.9314616919e-01	5.0000000000e-01	nan	nan
411	6.9314622879e-01	5.0000000000e-01	nan	nan
412	6.9314622879e-01	5.0000000000e-01	nan	nan
413	6.9314622879e-01	5.0000000000e-01	nan	nan
414	6.9314622879e-01	5.0000000000e-01	nan	nan
415	6.9314616919e-01	5.0000000000e-01	nan	nan
416	6.9314616919e-01	5.0000000000e-01	nan	nan
417	6.9314616919e-01	5.0000000000e-01	nan	nan
418	6.9314616919e-01	5.0000000000e-01	nan	nan
419	6.9314610958e-01	5.0000000000e-01	nan	nan
420	6.9314610958e-01	5.0000000000e-01	nan	nan
421	6.9314616919e-01	5.0000000000e-01	nan	nan
422	6.9314610958e-01	5.0000000000e-01	nan	nan
423	6.9314616919e-01	5.0000000000e-01	nan	nan
424	6.9314610958e-01	5.0000000000e-01	nan	nan
425	6.9314604998e-01	5.0000000000e-01	nan	nan
426	6.9314604998e-01	5.0000000000e-01	nan	nan
427	6.9314604998e-01	5.0000000000e-01	nan	nan
428	6.9314604998e-01	5.5555558205e-01	nan	nan
429	6.9314599037e-01	7.2222220898e-01	nan	nan
430	6.9314604998e-01	8.8888889551e-01	nan	nan
431	6.9314599037e-01	7.2222220898e-01	nan	nan
432	6.9314604998e-01	6.1111110449e-01	nan	nan
433	6.9314599037e-01	5.5555558205e-01	nan	nan
434	6.9314599037e-01	5.0000000000e-01	nan	nan
435	6.9314599037e-01	5.0000000000e-01	nan	nan
436	6.9314599037e-01	5.0000000000e-01	nan	nan
437	6.9314599037e-01	5.0000000000e-01	nan	nan
438	6.9314599037e-01	5.0000000000e-01	nan	nan
439	6.9314599037e-01	5.0000000000e-01	nan	nan
440	6.9314593077e-01	5.0000000000e-01	nan	nan
441	6.9314599037e-01	5.0000000000e-01	nan	nan
442	6.9314593077e-01	5.0000000000e-01	nan	nan
443	6.9314599037e-01	5.0000000000e-01	nan	nan
444	6.9314593077e-01	5.0000000000e-01	nan	nan
445	6.9314593077e-01	5.0000000000e-01	nan	nan
446	6.9314593077e-01	5.0000000000e-01	nan	nan
447	6.9314587116e-01	5.5555558205e-01	nan	nan
448	6.9314587116e-01	5.5555558205e-01	nan	nan
449	6.9314587116e-01	6.1111110449e-01	nan	nan
450	6.9314587116e-01	6.1111110449e-01	nan	nan
451	6.9314593077e-01	7.2222220898e-01	nan	nan
452	6.9314593077e-01	7.7777779102e-01	nan	nan
453	6.9314587116e-01	7.7777779102e-01	nan	nan
454	6.9314587116e-01	8.8888889551e-01	nan	nan
455	6.9314581156e-01	7.2222220898e-01	nan	nan
456	6.9314587116e-01	7.2222220898e-01	nan	nan
457	6.9314587116e-01	6.6666668653e-01	nan	nan
458	6.9314587116e-01	6.1111110449e-01	nan	nan
459	6.9314587116e-01	6.1111110449e-01	nan	nan
460	6.9314587116e-01	5.5555558205e-01	nan	nan
461	6.9314581156e-01	5.5555558205e-01	nan	nan
462	6.9314581156e-01	5.5555558205e-01	nan	nan
463	6.9314581156e-01	5.0000000000e-01	nan	nan
464	6.9314581156e-01	5.0000000000e-01	nan	nan
465	6.9314587116e-01	5.0000000000e-01	nan	nan
466	6.9314587116e-01	5.0000000000e-01	nan	nan
467	6.9314587116e-01	5.0000000000e-01	nan	nan
468	6.9314575195e-01	5.0000000000e-01	nan	nan
469	6.9314587116e-01	5.0000000000e-01	nan	nan
470	6.9314581156e-01	5.0000000000e-01	nan	nan
471	6.9314587116e-01	5.0000000000e-01	nan	nan
472	6.9314581156e-01	5.0000000000e-01	nan	nan
473	6.9314581156e-01	5.0000000000e-01	nan	nan
474	6.9314581156e-01	5.0000000000e-01	nan	nan
475	6.9314581156e-01	5.0000000000e-01	nan	nan
476	6.9314587116e-01	5.0000000000e-01	nan	nan
477	6.9314575195e-01	5.0000000000e-01	nan	nan
478	6.9314581156e-01	5.0000000000e-01	nan	nan
479	6.9314575195e-01	5.0000000000e-01	nan	nan
480	6.9314581156e-01	5.0000000000e-01	nan	nan
481	6.9314581156e-01	5.0000000000e-01	nan	nan
482	6.9314581156e-01	5.0000000000e-01	nan	nan
483	6.9314575195e-01	5.0000000000e-01	nan	nan
484	6.9314575195e-01	5.0000000000e-01	nan	nan
485	6.9314575195e-01	5.0000000000e-01	nan	nan
486	6.9314575195e-01	5.0000000000e-01	nan	nan
487	6.9314575195e-01	5.5555558205e-01	nan	nan
488	6.9314575195e-01	5.5555558205e-01	nan	nan
489	6.9314575195e-01	5.5555558205e-01	nan	nan
490	6.9314575195e-01	5.5555558205e-01	nan	nan
491	6.9314575195e-01	6.1111110449e-01	nan	nan
492	6.9314575195e-01	6.1111110449e-01	nan	nan
493	6.9314575195e-01	6.1111110449e-01	nan	nan
494	6.9314575195e-01	7.2222220898e-01	nan	nan
495	6.9314575195e-01	8.8888889551e-01	nan	nan
496	6.9314575195e-01	8.8888889551e-01	nan	nan
497	6.9314575195e-01	8.3333331347e-01	nan	nan
498	6.9314575195e-01	7.7777779102e-01	nan	nan
499	6.9314569235e-01	7.7777779102e-01	nan	nan
500	6.9314575195e-01	8.3333331347e-01	nan	nan
501	6.9314706326e-01	5.0000000000e-01	nan	nan
502	6.9314706326e-01	5.0000000000e-01	nan	nan
503	6.9314700365e-01	5.0000000000e-01	nan	nan
504	6.9314700365e-01	5.0000000000e-01	nan	nan
505	6.9314706326e-01	5.0000000000e-01	nan	nan
506	6.9314700365e-01	5.0000000000e-01	nan	nan
507	6.9314700365e-01	5.0000000000e-01	nan	nan
508	6.9314700365e-01	5.0000000000e-01	nan	nan
509	6.9314694405e-01	5.0000000000e-01	nan	nan
510	6.9314694405e-01	5.0000000000e-01	nan	nan
511	6.9314694405e-01	5.0000000000e-01	nan	nan
512	6.9314694405e-01	5.0000000000e-01	nan	nan
513	6.9314694405e-01	5.0000000000e-01	nan	nan
514	6.9314694405e-01	5.0000000000e-01	nan	nan
515	6.9314694405e-01	5.0000000000e-01	nan	nan
516	6.9314694405e-01	5.0000000000e-01	nan	nan
517	6.9314694405e-01	5.0000000000e-01	nan	nan
518	6.9314694405e-01	5.0000000000e-01	nan	nan
519	6.9314694405e-01	5.0000000000e-01	nan	nan
520	6.9314694405e-01	5.0000000000e-01	nan	nan
521	6.9314694405e-01	5.0000000000e-01	nan	nan
522	6.9314694405e-01	5.0000000000e-01	nan	nan
523	6.9314694405e-01	5.0000000000e-01	nan	nan
524	6.9314688444e-01	5.0000000000e-01	nan	nan
525	6.9314688444e-01	5.0000000000e-01	nan	nan
526	6.9314682484e-01	5.0000000000e-01	nan	nan
527	6.9314694405e-01	5.0000000000e-01	nan	nan
528	6.9314682484e-01	5.0000000000e-01	nan	nan
529	6.9314688444e-01	5.0000000000e-01	nan	nan
530	6.9314688444e-01	5.0000000000e-01	nan	nan
531	6.9314688444e-01	5.0000000000e-01	nan	nan
532	6.9314688444e-01	5.0000000000e-01	nan	nan
533	6.9314682484e-01	5.0000000000e-01	nan	nan
534	6.9314688444e-01	5.0000000000e-01	nan	nan
535	6.9314688444e-01	5.0000000000e-01	nan	nan
536	6.9314682484e-01	5.0000000000e-01	nan	nan
537	6.9314688444e-01	5.5555558205e-01	nan	nan
538	6.9314682484e-01	6.1111110449e-01	nan	nan
539	6.9314682484e-01	5.0000000000e-01	nan	nan
540	6.9314682484e-01	5.0000000000e-01	nan	nan
541	6.9314682484e-01	5.0000000000e-01	nan	nan
542	6.9314682484e-01	5.0000000000e-01	nan	nan
543	6.9314682484e-01	5.0000000000e-01	nan	nan
544	6.9314682484e-01	5.0000000000e-01	nan	nan
545	6.9314676523e-01	5.0000000000e-01	nan	nan
546	6.9314682484e-01	5.0000000000e-01	nan	nan
547	6.9314676523e-01	5.0000000000e-01	nan	nan
548	6.9314676523e-01	5.0000000000e-01	nan	nan
549	6.9314676523e-01	5.0000000000e-01	nan	nan
550	6.9314682484e-01	5.0000000000e-01	nan	nan
551	6.9314676523e-01	5.0000000000e-01	nan	nan
552	6.9314682484e-01	5.0000000000e-01	nan	nan
553	6.9314676523e-01	5.0000000000e-01	nan	nan
554	6.9314676523e-01	5.0000000000e-01	nan	nan
555	6.9314682484e-01	5.0000000000e-01	nan	nan
556	6.9314670563e-01	5.0000000000e-01	nan	nan
557	6.9314676523e-01	5.0000000000e-01	nan	nan
558	6.9314676523e-01	5.0000000000e-01	nan	nan
559	6.9314676523e-01	5.0000000000e-01	nan	nan
560	6.9314670563e-01	5.0000000000e-01	nan	nan
561	6.9314676523e-01	5.0000000000e-01	nan	nan
562	6.9314682484e-01	5.0000000000e-01	nan	nan
563	6.9314670563e-01	5.0000000000e-01	nan	nan
564	6.9314676523e-01	5.0000000000e-01	nan	nan
565	6.9314670563e-01	5.0000000000e-01	nan	nan
566	6.9314676523e-01	5.0000000000e-01	nan	nan
567	6.9314682484e-01	5.0000000000e-01	nan	nan
568	6.9314676523e-01	5.0000000000e-01	nan	nan
569	6.9314670563e-01	5.0000000000e-01	nan	nan
570	6.9314670563e-01	5.0000000000e-01	nan	nan
571	6.9314676523e-01	5.0000000000e-01	nan	nan
572	6.9314676523e-01	5.0000000000e-01	nan	nan
573	6.9314670563e-01	5.0000000000e-01	nan	nan
574	6.9314670563e-01	5.0000000000e-01	nan	nan
575	6.9314670563e-01	5.0000000000e-01	nan	nan
576	6.9314670563e-01	5.0000000000e-01	nan	nan
577	6.9314670563e-01	5.0000000000e-01	nan	nan
578	6.9314670563e-01	5.0000000000e-01	nan	nan
579	6.9314670563e-01	5.0000000000e-01	nan	nan
580	6.9314670563e-01	5.0000000000e-01	nan	nan
581	6.9314664602e-01	5.0000000000e-01	nan	nan
582	6.9314670563e-01	5.0000000000e-01	nan	nan
583	6.9314670563e-01	5.0000000000e-01	nan	nan
584	6.9314670563e-01	5.0000000000e-01	nan	nan
585	6.9314670563e-01	5.0000000000e-01	nan	nan
586	6.9314670563e-01	5.0000000000e-01	nan	nan
587	6.9314664602e-01	5.0000000000e-01	nan	nan
588	6.9314664602e-01	5.0000000000e-01	nan	nan
589	6.9314670563e-01	5.0000000000e-01	nan	nan
590	6.9314664602e-01	5.5555558205e-01	nan	nan
591	6.9314664602e-01	7.2222220898e-01	nan	nan
592	6.9314670563e-01	5.0000000000e-01	nan	nan
593	6.9314676523e-01	5.0000000000e-01	nan	nan
594	6.9314670563e-01	5.0000000000e-01	nan	nan
595	6.9314670563e-01	5.0000000000e-01	nan	nan
596	6.9314670563e-01	5.0000000000e-01	nan	nan
597	6.9314670563e-01	5.0000000000e-01	nan	nan
598	6.9314664602e-01	5.0000000000e-01	nan	nan
599	6.9314670563e-01	5.0000000000e-01	nan	nan
600	6.9314670563e-01	5.0000000000e-01	nan	nan
601	6.9314724207e-01	5.0000000000e-01	nan	nan
602	6.9314718246e-01	5.0000000000e-01	nan	nan
603	6.9314718246e-01	5.0000000000e-01	nan	nan
604	6.9314718246e-01	5.0000000000e-01	nan	nan
605	6.9314718246e-01	5.0000000000e-01	nan	nan
606	6.9314724207e-01	5.0000000000e-01	nan	nan
607	6.9314718246e-01	5.0000000000e-01	nan	nan
608	6.9314718246e-01	5.0000000000e-01	nan	nan
609	6.9314718246e-01	5.0000000000e-01	nan	nan
610	6.9314718246e-01	5.0000000000e-01	nan	nan
611	6.9314712286e-01	5.0000000000e-01	nan	nan
612	6.9314718246e-01	5.0000000000e-01	nan	nan
613	6.9314712286e-01	5.0000000000e-01	nan	nan
614	6.9314712286e-01	5.0000000000e-01	nan	nan
615	6.9314718246e-01	5.0000000000e-01	nan	nan
616	6.9314718246e-01	5.0000000000e-01	nan	nan
617	6.9314718246e-01	5.0000000000e-01	nan	nan
618	6.9314718246e-01	5.0000000000e-01	nan	nan
619	6.9314718246e-01	5.0000000000e-01	nan	nan
620	6.9314718246e-01	5.0000000000e-01	nan	nan
621	6.9314718246e-01	5.0000000000e-01	nan	nan
622	6.9314718246e-01	5.0000000000e-01	nan	nan
623	6.9314718246e-01	5.0000000000e-01	nan	nan
624	6.9314712286e-01	5.0000000000e-01	nan	nan
625	6.9314718246e-01	5.0000000000e-01	nan	nan
626	6.9314718246e-01	5.0000000000e-01	nan	nan
627	6.9314712286e-01	5.0000000000e-01	nan	nan
628	6.9314706326e-01	5.0000000000e-01	nan	nan
629	6.9314712286e-01	5.0000000000e-01	nan	nan
630	6.9314712286e-01	5.0000000000e-01	nan	nan
631	6.9314718246e-01	5.0000000000e-01	nan	nan
632	6.9314712286e-01	5.0000000000e-01	nan	nan
633	6.9314718246e-01	5.0000000000e-01	nan	nan
634	6.9314712286e-01	5.0000000000e-01	nan	nan
635	6.9314718246e-01	5.0000000000e-01	nan	nan
636	6.9314712286e-01	5.0000000000e-01	nan	nan
637	6.9314712286e-01	5.0000000000e-01	nan	nan
638	6.9314712286e-01	5.0000000000e-01	nan	nan
639	6.9314712286e-01	5.0000000000e-01	nan	nan
640	6.9314712286e-01	5.0000000000e-01	nan	nan
641	6.9314718246e-01	5.0000000000e-01	nan	nan
642	6.9314718246e-01	5.0000000000e-01	nan	nan
643	6.9314712286e-01	5.0000000000e-01	nan	nan
644	6.9314712286e-01	5.0000000000e-01	nan	nan
645	6.9314718246e-01	5.5555558205e-01	nan	nan
646	6.9314718246e-01	7.7777779102e-01	nan	nan
647	6.9314718246e-01	6.1111110449e-01	nan	nan
648	6.9314718246e-01	6.1111110449e-01	nan	nan
649	6.9314712286e-01	5.5555558205e-01	nan	nan
650	6.9314718246e-01	5.0000000000e-01	nan	nan
651	6.9314712286e-01	5.0000000000e-01	nan	nan
652	6.9314712286e-01	5.0000000000e-01	nan	nan
653	6.9314712286e-01	5.0000000000e-01	nan	nan
654	6.9314712286e-01	5.0000000000e-01	nan	nan
655	6.9314712286e-01	5.0000000000e-01	nan	nan
656	6.9314706326e-01	5.0000000000e-01	nan	nan
657	6.9314712286e-01	5.0000000000e-01	nan	nan
658	6.9314712286e-01	5.0000000000e-01	nan	nan
659	6.9314712286e-01	5.0000000000e-01	nan	nan
660	6.9314712286e-01	5.0000000000e-01	nan	nan
661	6.9314712286e-01	5.0000000000e-01	nan	nan
662	6.9314712286e-01	5.0000000000e-01	nan	nan
663	6.9314706326e-01	5.0000000000e-01	nan	nan
664	6.9314712286e-01	5.0000000000e-01	nan	nan
665	6.9314712286e-01	5.0000000000e-01	nan	nan
666	6.9314706326e-01	5.0000000000e-01	nan	nan
667	6.9314712286e-01	5.0000000000e-01	nan	nan
668	6.9314712286e-01	5.0000000000e-01	nan	nan
669	6.9314718246e-01	5.0000000000e-01	nan	nan
670	6.9314712286e-01	5.0000000000e-01	nan	nan
671	6.9314712286e-01	5.0000000000e-01	nan	nan
672	6.9314712286e-01	5.0000000000e-01	nan	nan
673	6.9314712286e-01	5.0000000000e-01	nan	nan
674	6.9314712286e-01	5.0000000000e-01	nan	nan
675	6.9314706326e-01	5.0000000000e-01	nan	nan
676	6.9314706326e-01	5.0000000000e-01	nan	nan
677	6.9314706326e-01	5.0000000000e-01	nan	nan
678	6.9314712286e-01	5.0000000000e-01	nan	nan
679	6.9314706326e-01	5.0000000000e-01	nan	nan
680	6.9314712286e-01	5.0000000000e-01	nan	nan
681	6.9314712286e-01	5.0000000000e-01	nan	nan
682	6.9314712286e-01	5.0000000000e-01	nan	nan
683	6.9314706326e-01	5.0000000000e-01	nan	nan
684	6.9314706326e-01	5.0000000000e-01	nan	nan
685	6.9314712286e-01	5.0000000000e-01	nan	nan
686	6.9314712286e-01	6.1111110449e-01	nan	nan
687	6.9314712286e-01	6.6666668653e-01	nan	nan
688	6.9314712286e-01	8.3333331347e-01	nan	nan
689	6.9314712286e-01	7.2222220898e-01	nan	nan
690	6.9314718246e-01	6.1111110449e-01	nan	nan
691	6.9314712286e-01	5.0000000000e-01	nan	nan
692	6.9314712286e-01	5.0000000000e-01	nan	nan
693	6.9314706326e-01	5.0000000000e-01	nan	nan
694	6.9314706326e-01	5.0000000000e-01	nan	nan
695	6.9314706326e-01	5.0000000000e-01	nan	nan
696	6.9314712286e-01	5.0000000000e-01	nan	nan
697	6.9314706326e-01	5.0000000000e-01	nan	nan
698	6.9314712286e-01	5.0000000000e-01	nan	nan
699	6.9314712286e-01	5.0000000000e-01	nan	nan
700	6.9314712286e-01	5.0000000000e-01	nan	nan
701	6.9314718246e-01	5.0000000000e-01	nan	nan
702	6.9314718246e-01	5.0000000000e-01	nan	nan
703	6.9314718246e-01	5.0000000000e-01	nan	nan
704	6.9314718246e-01	5.0000000000e-01	nan	nan
705	6.9314718246e-01	5.0000000000e-01	nan	nan
706	6.9314712286e-01	5.0000000000e-01	nan	nan
707	6.9314712286e-01	5.0000000000e-01	nan	nan
708	6.9314712286e-01	5.5555558205e-01	nan	nan
709	6.9314712286e-01	5.0000000000e-01	nan	nan
710	6.9314712286e-01	5.0000000000e-01	nan	nan
711	6.9314718246e-01	5.0000000000e-01	nan	nan
712	6.9314712286e-01	5.0000000000e-01	nan	nan
713	6.9314718246e-01	5.0000000000e-01	nan	nan
714	6.9314712286e-01	5.0000000000e-01	nan	nan
715	6.9314712286e-01	5.0000000000e-01	nan	nan
716	6.9314706326e-01	5.0000000000e-01	nan	nan
717	6.9314712286e-01	5.0000000000e-01	nan	nan
718	6.9314712286e-01	5.0000000000e-01	nan	nan
719	6.9314706326e-01	5.0000000000e-01	nan	nan
720	6.9314706326e-01	5.0000000000e-01	nan	nan
721	6.9314712286e-01	5.0000000000e-01	nan	nan
722	6.9314712286e-01	5.0000000000e-01	nan	nan
723	6.9314712286e-01	5.0000000000e-01	nan	nan
724	6.9314712286e-01	5.0000000000e-01	nan	nan
725	6.9314712286e-01	5.0000000000e-01	nan	nan
726	6.9314712286e-01	5.0000000000e-01	nan	nan
727	6.9314712286e-01	5.0000000000e-01	nan	nan
728	6.9314712286e-01	5.0000000000e-01	nan	nan
729	6.9314712286e-01	5.0000000000e-01	nan	nan
730	6.9314712286e-01	5.0000000000e-01	nan	nan
731	6.9314706326e-01	5.0000000000e-01	nan	nan
732	6.9314712286e-01	5.0000000000e-01	nan	nan
733	6.9314712286e-01	5.0000000000e-01	nan	nan
734	6.9314706326e-01	5.0000000000e-01	nan	nan
735	6.9314712286e-01	5.0000000000e-01	nan	nan
736	6.9314712286e-01	5.0000000000e-01	nan	nan
737	6.9314712286e-01	5.0000000000e-01	nan	nan
738	6.9314706326e-01	5.0000000000e-01	nan	nan
739	6.9314706326e-01	5.0000000000e-01	nan	nan
740	6.9314706326e-01	5.0000000000e-01	nan	nan
741	6.9314706326e-01	5.5555558205e-01	nan	nan
742	6.9314706326e-01	5.5555558205e-01	nan	nan
743	6.9314712286e-01	6.6666668653e-01	nan	nan
744	6.9314712286e-01	5.5555558205e-01	nan	nan
745	6.9314700365e-01	5.5555558205e-01	nan	nan
746	6.9314706326e-01	5.0000000000e-01	nan	nan
747	6.9314712286e-01	5.0000000000e-01	nan	nan
748	6.9314706326e-01	5.0000000000e-01	nan	nan
749	6.9314712286e-01	5.0000000000e-01	nan	nan
750	6.9314712286e-01	5.0000000000e-01	nan	nan
751	6.9314706326e-01	5.0000000000e-01	nan	nan
752	6.9314706326e-01	5.0000000000e-01	nan	nan
753	6.9314700365e-01	5.0000000000e-01	nan	nan
754	6.9314706326e-01	5.0000000000e-01	nan	nan
755	6.9314706326e-01	5.0000000000e-01	nan	nan
756	6.9314706326e-01	5.0000000000e-01	nan	nan
757	6.9314700365e-01	5.0000000000e-01	nan	nan
758	6.9314700365e-01	5.0000000000e-01	nan	nan
759	6.9314706326e-01	5.0000000000e-01	nan	nan
760	6.9314712286e-01	5.0000000000e-01	nan	nan
761	6.9314700365e-01	5.0000000000e-01	nan	nan
762	6.9314706326e-01	5.0000000000e-01	nan	nan
763	6.9314706326e-01	5.0000000000e-01	nan	nan
764	6.9314706326e-01	5.0000000000e-01	nan	nan
765	6.9314712286e-01	5.0000000000e-01	nan	nan
766	6.9314712286e-01	5.0000000000e-01	nan	nan
767	6.9314700365e-01	5.0000000000e-01	nan	nan
768	6.9314700365e-01	5.0000000000e-01	nan	nan
769	6.9314712286e-01	5.0000000000e-01	nan	nan
770	6.9314706326e-01	5.0000000000e-01	nan	nan
771	6.9314700365e-01	5.0000000000e-01	nan	nan
772	6.9314706326e-01	5.0000000000e-01	nan	nan
773	6.9314706326e-01	5.0000000000e-01	nan	nan
774	6.9314706326e-01	5.0000000000e-01	nan	nan
775	6.9314712286e-01	5.0000000000e-01	nan	nan
776	6.9314706326e-01	5.0000000000e-01	nan	nan
777	6.9314706326e-01	5.0000000000e-01	nan	nan
778	6.9314700365e-01	5.0000000000e-01	nan	nan
779	6.9314706326e-01	5.0000000000e-01	nan	nan
780	6.9314706326e-01	5.0000000000e-01	nan	nan
781	6.9314706326e-01	5.0000000000e-01	nan	nan
782	6.9314706326e-01	5.0000000000e-01	nan	nan
783	6.9314706326e-01	5.0000000000e-01	nan	nan
784	6.9314706326e-01	5.0000000000e-01	nan	nan
785	6.9314706326e-01	5.5555558205e-01	nan	nan
786	6.9314706326e-01	5.5555558205e-01	nan	nan
787	6.9314706326e-01	5.5555558205e-01	nan	nan
788	6.9314706326e-01	5.5555558205e-01	nan	nan
789	6.9314706326e-01	5.5555558205e-01	nan	nan
790	6.9314700365e-01	5.5555558205e-01	nan	nan
791	6.9314700365e-01	6.6666668653e-01	nan	nan
792	6.9314706326e-01	7.2222220898e-01	nan	nan
793	6.9314700365e-01	7.7777779102e-01	nan	nan
794	6.9314706326e-01	7.7777779102e-01	nan	nan
795	6.9314706326e-01	7.7777779102e-01	nan	nan
796	6.9314706326e-01	7.7777779102e-01	nan	nan
797	6.9314700365e-01	6.6666668653e-01	nan	nan
798	6.9314706326e-01	6.6666668653e-01	nan	nan
799	6.9314700365e-01	6.1111110449e-01	nan	nan
800	6.9314706326e-01	6.6666668653e-01	nan	nan
801	6.9314718246e-01	5.0000000000e-01	nan	nan
802	6.9314718246e-01	5.0000000000e-01	nan	nan
803	6.9314712286e-01	5.0000000000e-01	nan	nan
804	6.9314712286e-01	5.0000000000e-01	nan	nan
805	6.9314712286e-01	5.0000000000e-01	nan	nan
806	6.9314718246e-01	5.0000000000e-01	nan	nan
807	6.9314712286e-01	5.0000000000e-01	nan	nan
808	6.9314712286e-01	5.0000000000e-01	nan	nan
809	6.9314706326e-01	5.0000000000e-01	nan	nan
810	6.9314706326e-01	5.0000000000e-01	nan	nan
811	6.9314712286e-01	5.0000000000e-01	nan	nan
812	6.9314706326e-01	5.0000000000e-01	nan	nan
813	6.9314712286e-01	5.0000000000e-01	nan	nan
814	6.9314712286e-01	5.0000000000e-01	nan	nan
815	6.9314712286e-01	5.0000000000e-01	nan	nan
816	6.9314712286e-01	5.0000000000e-01	nan	nan
817	6.9314712286e-01	5.0000000000e-01	nan	nan
818	6.9314706326e-01	5.0000000000e-01	nan	nan
819	6.9314712286e-01	5.0000000000e-01	nan	nan
820	6.9314700365e-01	5.0000000000e-01	nan	nan
821	6.9314712286e-01	5.0000000000e-01	nan	nan
822	6.9314712286e-01	5.0000000000e-01	nan	nan
823	6.9314706326e-01	5.0000000000e-01	nan	nan
824	6.9314706326e-01	5.0000000000e-01	nan	nan
825	6.9314706326e-01	5.0000000000e-01	nan	nan
826	6.9314712286e-01	5.0000000000e-01	nan	nan
827	6.9314706326e-01	5.0000000000e-01	nan	nan
828	6.9314706326e-01	5.0000000000e-01	nan	nan
829	6.9314706326e-01	5.0000000000e-01	nan	nan
830	6.9314706326e-01	5.0000000000e-01	nan	nan
831	6.9314706326e-01	5.0000000000e-01	nan	nan
832	6.9314706326e-01	5.0000000000e-01	nan	nan
833	6.9314700365e-01	5.0000000000e-01	nan	nan
834	6.9314706326e-01	5.0000000000e-01	nan	nan
835	6.9314706326e-01	5.0000000000e-01	nan	nan
836	6.9314712286e-01	5.0000000000e-01	nan	nan
837	6.9314712286e-01	5.0000000000e-01	nan	nan
838	6.9314700365e-01	5.0000000000e-01	nan	nan
839	6.9314706326e-01	5.0000000000e-01	nan	nan
840	6.9314706326e-01	5.0000000000e-01	nan	nan
841	6.9314706326e-01	5.0000000000e-01	nan	nan
842	6.9314706326e-01	5.0000000000e-01	nan	nan
843	6.9314700365e-01	5.0000000000e-01	nan	nan
844	6.9314706326e-01	5.5555558205e-01	nan	nan
845	6.9314706326e-01	6.1111110449e-01	nan	nan
846	6.9314706326e-01	7.7777779102e-01	nan	nan
847	6.9314706326e-01	6.6666668653e-01	nan	nan
848	6.9314706326e-01	7.2222220898e-01	nan	nan
849	6.9314706326e-01	6.6666668653e-01	nan	nan
850	6.9314700365e-01	6.6666668653e-01	nan	nan
851	6.9314706326e-01	5.0000000000e-01	nan	nan
852	6.9314700365e-01	5.0000000000e-01	nan	nan
853	6.9314706326e-01	5.0000000000e-01	nan	nan
854	6.9314700365e-01	5.0000000000e-01	nan	nan
855	6.9314700365e-01	5.0000000000e-01	nan	nan
856	6.9314706326e-01	5.0000000000e-01	nan	nan
857	6.9314700365e-01	5.0000000000e-01	nan	nan
858	6.9314706326e-01	5.0000000000e-01	nan	nan
859	6.9314700365e-01	5.0000000000e-01	nan	nan
860	6.9314700365e-01	5.0000000000e-01	nan	nan
861	6.9314706326e-01	5.0000000000e-01	nan	nan
862	6.9314706326e-01	5.0000000000e-01	nan	nan
863	6.9314700365e-01	5.0000000000e-01	nan	nan
864	6.9314700365e-01	5.5555558205e-01	nan	nan
865	6.9314706326e-01	6.1111110449e-01	nan	nan
866	6.9314706326e-01	6.1111110449e-01	nan	nan
867	6.9314706326e-01	6.6666668653e-01	nan	nan
868	6.9314700365e-01	6.6666668653e-01	nan	nan
869	6.9314700365e-01	7.7777779102e-01	nan	nan
870	6.9314700365e-01	7.7777779102e-01	nan	nan
871	6.9314706326e-01	6.6666668653e-01	nan	nan
872	6.9314700365e-01	7.2222220898e-01	nan	nan
873	6.9314706326e-01	7.2222220898e-01	nan	nan
874	6.9314706326e-01	7.2222220898e-01	nan	nan
875	6.9314706326e-01	7.2222220898e-01	nan	nan
876	6.9314700365e-01	7.7777779102e-01	nan	nan
877	6.9314700365e-01	7.7777779102e-01	nan	nan
878	6.9314700365e-01	7.2222220898e-01	nan	nan
879	6.9314700365e-01	7.2222220898e-01	nan	nan
880	6.9314700365e-01	7.2222220898e-01	nan	nan
881	6.9314706326e-01	6.6666668653e-01	nan	nan
882	6.9314694405e-01	6.6666668653e-01	nan	nan
883	6.9314700365e-01	6.6666668653e-01	nan	nan
884	6.9314700365e-01	6.6666668653e-01	nan	nan
885	6.9314694405e-01	6.6666668653e-01	nan	nan
886	6.9314700365e-01	7.2222220898e-01	nan	nan
887	6.9314700365e-01	7.2222220898e-01	nan	nan
888	6.9314700365e-01	7.7777779102e-01	nan	nan
889	6.9314700365e-01	7.2222220898e-01	nan	nan
890	6.9314706326e-01	7.2222220898e-01	nan	nan
891	6.9314700365e-01	7.2222220898e-01	nan	nan
892	6.9314706326e-01	7.2222220898e-01	nan	nan
893	6.9314706326e-01	6.6666668653e-01	nan	nan
894	6.9314700365e-01	6.6666668653e-01	nan	nan
895	6.9314700365e-01	6.6666668653e-01	nan	nan
896	6.9314700365e-01	6.6666668653e-01	nan	nan
897	6.9314700365e-01	7.2222220898e-01	nan	nan
898	6.9314700365e-01	7.2222220898e-01	nan	nan
899	6.9314700365e-01	7.2222220898e-01	nan	nan
900	6.9314700365e-01	7.2222220898e-01	nan	nan
901	6.9314724207e-01	5.0000000000e-01	nan	nan
902	6.9314724207e-01	5.0000000000e-01	nan	nan
903	6.9314718246e-01	5.0000000000e-01	nan	nan
904	6.9314718246e-01	5.0000000000e-01	nan	nan
905	6.9314718246e-01	5.0000000000e-01	nan	nan
906	6.9314718246e-01	5.0000000000e-01	nan	nan
907	6.9314718246e-01	5.0000000000e-01	nan	nan
908	6.9314718246e-01	5.0000000000e-01	nan	nan
909	6.9314718246e-01	5.0000000000e-01	nan	nan
910	6.9314712286e-01	5.0000000000e-01	nan	nan
911	6.9314712286e-01	5.0000000000e-01	nan	nan
912	6.9314718246e-01	5.0000000000e-01	nan	nan
913	6.9314718246e-01	5.0000000000e-01	nan	nan
914	6.9314706326e-01	5.0000000000e-01	nan	nan
915	6.9314712286e-01	5.0000000000e-01	nan	nan
916	6.9314718246e-01	5.0000000000e-01	nan	nan
917	6.9314718246e-01	5.0000000000e-01	nan	nan
918	6.9314712286e-01	5.0000000000e-01	nan	nan
919	6.9314712286e-01	5.0000000000e-01	nan	nan
920	6.9314712286e-01	5.0000000000e-01	nan	nan
921	6.9314718246e-01	5.0000000000e-01	nan	nan
922	6.9314712286e-01	5.0000000000e-01	nan	nan
923	6.9314712286e-01	5.0000000000e-01	nan	nan
924	6.9314712286e-01	5.0000000000e-01	nan	nan
925	6.9314712286e-01	5.0000000000e-01	nan	nan
926	6.9314712286e-01	5.0000000000e-01	nan	nan
927	6.9314706326e-01	5.0000000000e-01	nan	nan
928	6.9314712286e-01	5.0000000000e-01	nan	nan
929	6.9314712286e-01	5.0000000000e-01	nan	nan
930	6.9314712286e-01	5.0000000000e-01	nan	nan
931	6.9314706326e-01	5.0000000000e-01	nan	nan
932	6.9314706326e-01	5.0000000000e-01	nan	nan
933	6.9314706326e-01	5.0000000000e-01	nan	nan
934	6.9314706326e-01	5.0000000000e-01	nan	nan
935	6.9314706326e-01	5.0000000000e-01	nan	nan
936	6.9314706326e-01	5.0000000000e-01	nan	nan
937	6.9314700365e-01	5.0000000000e-01	nan	nan
938	6.9314706326e-01	5.0000000000e-01	nan	nan
939	6.9314712286e-01	5.0000000000e-01	nan	nan
940	6.9314712286e-01	5.0000000000e-01	nan	nan
941	6.9314706326e-01	5.0000000000e-01	nan	nan
942	6.9314706326e-01	5.0000000000e-01	nan	nan
943	6.9314706326e-01	5.0000000000e-01	nan	nan
944	6.9314706326e-01	5.0000000000e-01	nan	nan
945	6.9314700365e-01	5.0000000000e-01	nan	nan
946	6.9314706326e-01	5.0000000000e-01	nan	nan
947	6.9314712286e-01	5.0000000000e-01	nan	nan
948	6.9314700365e-01	5.0000000000e-01	nan	nan
949	6.9314706326e-01	5.0000000000e-01	nan	nan
950	6.9314706326e-01	5.0000000000e-01	nan	nan
951	6.9314706326e-01	5.0000000000e-01	nan	nan
952	6.9314700365e-01	5.0000000000e-01	nan	nan
953	6.9314700365e-01	5.0000000000e-01	nan	nan
954	6.9314706326e-01	5.0000000000e-01	nan	nan
955	6.9314706326e-01	6.6666668653e-01	nan	nan
956	6.9314700365e-01	5.5555558205e-01	nan	nan
957	6.9314700365e-01	5.0000000000e-01	nan	nan
958	6.9314700365e-01	5.0000000000e-01	nan	nan
959	6.9314700365e-01	5.0000000000e-01	nan	nan
960	6.9314706326e-01	5.0000000000e-01	nan	nan
961	6.9314706326e-01	5.0000000000e-01	nan	nan
962	6.9314700365e-01	5.0000000000e-01	nan	nan
963	6.9314700365e-01	5.0000000000e-01	nan	nan
964	6.9314700365e-01	5.0000000000e-01	nan	nan
965	6.9314700365e-01	5.0000000000e-01	nan	nan
966	6.9314706326e-01	5.0000000000e-01	nan	nan
967	6.9314700365e-01	5.0000000000e-01	nan	nan
968	6.9314700365e-01	5.0000000000e-01	nan	nan
969	6.9314706326e-01	5.0000000000e-01	nan	nan
970	6.9314700365e-01	5.0000000000e-01	nan	nan
971	6.9314706326e-01	5.0000000000e-01	nan	nan
972	6.9314700365e-01	5.0000000000e-01	nan	nan
973	6.9314700365e-01	5.0000000000e-01	nan	nan
974	6.9314706326e-01	5.0000000000e-01	nan	nan
975	6.9314700365e-01	5.0000000000e-01	nan	nan
976	6.9314700365e-01	5.0000000000e-01	nan	nan
977	6.9314700365e-01	5.0000000000e-01	nan	nan
978	6.9314700365e-01	5.0000000000e-01	nan	nan
979	6.9314700365e-01	5.0000000000e-01	nan	nan
980	6.9314700365e-01	5.0000000000e-01	nan	nan
981	6.9314700365e-01	5.0000000000e-01	nan	nan
982	6.9314694405e-01	5.0000000000e-01	nan	nan
983	6.9314700365e-01	5.0000000000e-01	nan	nan
984	6.9314700365e-01	5.0000000000e-01	nan	nan
985	6.9314700365e-01	5.0000000000e-01	nan	nan
986	6.9314706326e-01	5.0000000000e-01	nan	nan
987	6.9314700365e-01	5.0000000000e-01	nan	nan
988	6.9314700365e-01	5.0000000000e-01	nan	nan
989	6.9314700365e-01	5.0000000000e-01	nan	nan
990	6.9314700365e-01	5.0000000000e-01	nan	nan
991	6.9314700365e-01	5.0000000000e-01	nan	nan
992	6.9314694405e-01	5.5555558205e-01	nan	nan
993	6.9314700365e-01	5.0000000000e-01	nan	nan
994	6.9314700365e-01	5.0000000000e-01	nan	nan
995	6.9314700365e-01	5.0000000000e-01	nan	nan
996	6.9314700365e-01	5.0000000000e-01	nan	nan
997	6.9314694405e-01	5.0000000000e-01	nan	nan
998	6.9314700365e-01	5.0000000000e-01	nan	nan
999	6.9314700365e-01	5.0000000000e-01	nan	nan
1000	6.9314694405e-01	5.0000000000e-01	nan	nan
1001	6.9314700365e-01	5.0000000000e-01	nan	nan
1002	6.9314694405e-01	5.0000000000e-01	nan	nan
1003	6.9314700365e-01	5.0000000000e-01	nan	nan
1004	6.9314700365e-01	5.0000000000e-01	nan	nan
1005	6.9314694405e-01	5.0000000000e-01	nan	nan
1006	6.9314700365e-01	5.0000000000e-01	nan	nan
1007	6.9314700365e-01	5.0000000000e-01	nan	nan
1008	6.9314694405e-01	5.0000000000e-01	nan	nan
1009	6.9314700365e-01	5.0000000000e-01	nan	nan
1010	6.9314694405e-01	5.0000000000e-01	nan	nan
1011	6.9314700365e-01	5.0000000000e-01	nan	nan
1012	6.9314700365e-01	5.0000000000e-01	nan	nan
1013	6.9314700365e-01	5.0000000000e-01	nan	nan
1014	6.9314694405e-01	5.0000000000e-01	nan	nan
1015	6.9314694405e-01	5.0000000000e-01	nan	nan
1016	6.9314694405e-01	5.0000000000e-01	nan	nan
1017	6.9314700365e-01	5.0000000000e-01	nan	nan
1018	6.9314694405e-01	5.0000000000e-01	nan	nan
1019	6.9314694405e-01	5.0000000000e-01	nan	nan
1020	6.9314700365e-01	5.0000000000e-01	nan	nan
1021	6.9314694405e-01	5.0000000000e-01	nan	nan
1022	6.9314694405e-01	5.0000000000e-01	nan	nan
1023	6.9314694405e-01	5.0000000000e-01	nan	nan
1024	6.9314694405e-01	5.0000000000e-01	nan	nan
1025	6.9314694405e-01	7.7777779102e-01	nan	nan
1026	6.9314700365e-01	6.6666668653e-01	nan	nan
1027	6.9314694405e-01	5.5555558205e-01	nan	nan
1028	6.9314694405e-01	5.0000000000e-01	nan	nan
1029	6.9314694405e-01	5.0000000000e-01	nan	nan
1030	6.9314700365e-01	5.0000000000e-01	nan	nan
1031	6.9314694405e-01	5.0000000000e-01	nan	nan
1032	6.9314694405e-01	5.0000000000e-01	nan	nan
1033	6.9314694405e-01	5.0000000000e-01	nan	nan
1034	6.9314694405e-01	5.0000000000e-01	nan	nan
1035	6.9314700365e-01	5.0000000000e-01	nan	nan
1036	6.9314694405e-01	5.0000000000e-01	nan	nan
1037	6.9314694405e-01	5.0000000000e-01	nan	nan
1038	6.9314700365e-01	5.0000000000e-01	nan	nan
1039	6.9314694405e-01	5.0000000000e-01	nan	nan
1040	6.9314694405e-01	5.0000000000e-01	nan	nan
1041	6.9314694405e-01	5.0000000000e-01	nan	nan
1042	6.9314700365e-01	5.0000000000e-01	nan	nan
1043	6.9314694405e-01	5.0000000000e-01	nan	nan
1044	6.9314694405e-01	5.0000000000e-01	nan	nan
1045	6.9314694405e-01	5.0000000000e-01	nan	nan
1046	6.9314694405e-01	5.0000000000e-01	nan	nan
1047	6.9314694405e-01	5.0000000000e-01	nan	nan
1048	6.9314694405e-01	5.0000000000e-01	nan	nan
1049	6.9314694405e-01	5.0000000000e-01	nan	nan
1050	6.9314694405e-01	5.0000000000e-01	nan	nan
1051	6.9314694405e-01	5.5555558205e-01	nan	nan
1052	6.9314694405e-01	8.3333331347e-01	nan	nan
1053	6.9314694405e-01	6.1111110449e-01	nan	nan
1054	6.9314694405e-01	5.0000000000e-01	nan	nan
1055	6.9314694405e-01	5.0000000000e-01	nan	nan
1056	6.9314694405e-01	5.0000000000e-01	nan	nan
1057	6.9314694405e-01	5.0000000000e-01	nan	nan
1058	6.9314694405e-01	5.0000000000e-01	nan	nan
1059	6.9314694405e-01	5.0000000000e-01	nan	nan
1060	6.9314694405e-01	5.0000000000e-01	nan	nan
1061	6.9314694405e-01	5.0000000000e-01	nan	nan
1062	6.9314694405e-01	5.0000000000e-01	nan	nan
1063	6.9314694405e-01	5.0000000000e-01	nan	nan
1064	6.9314694405e-01	5.0000000000e-01	nan	nan
1065	6.9314694405e-01	5.0000000000e-01	nan	nan
1066	6.9314694405e-01	5.0000000000e-01	nan	nan
1067	6.9314694405e-01	5.0000000000e-01	nan	nan
1068	6.9314694405e-01	5.0000000000e-01	nan	nan
1069	6.9314694405e-01	5.0000000000e-01	nan	nan
1070	6.9314694405e-01	5.0000000000e-01	nan	nan
1071	6.9314694405e-01	5.0000000000e-01	nan	nan
1072	6.9314694405e-01	5.0000000000e-01	nan	nan
1073	6.9314694405e-01	5.0000000000e-01	nan	nan
1074	6.9314694405e-01	5.0000000000e-01	nan	nan
1075	6.9314694405e-01	5.0000000000e-01	nan	nan
1076	6.9314694405e-01	5.0000000000e-01	nan	nan
1077	6.9314694405e-01	5.0000000000e-01	nan	nan
1078	6.9314694405e-01	5.0000000000e-01	nan	nan
1079	6.9314694405e-01	5.0000000000e-01	nan	nan
1080	6.9314694405e-01	5.0000000000e-01	nan	nan
1081	6.9314694405e-01	5.0000000000e-01	nan	nan
1082	6.9314694405e-01	5.0000000000e-01	nan	nan
1083	6.9314694405e-01	5.0000000000e-01	nan	nan
1084	6.9314694405e-01	5.0000000000e-01	nan	nan
1085	6.9314694405e-01	5.0000000000e-01	nan	nan
1086	6.9314694405e-01	5.0000000000e-01	nan	nan
1087	6.9314694405e-01	5.0000000000e-01	nan	nan
1088	6.9314694405e-01	5.0000000000e-01	nan	nan
1089	6.9314694405e-01	5.0000000000e-01	nan	nan
1090	6.9314694405e-01	5.0000000000e-01	nan	nan
1091	6.9314694405e-01	5.0000000000e-01	nan	nan
1092	6.9314694405e-01	5.0000000000e-01	nan	nan
1093	6.9314694405e-01	5.0000000000e-01	nan	nan
1094	6.9314688444e-01	5.0000000000e-01	nan	nan
1095	6.9314694405e-01	5.0000000000e-01	nan	nan
1096	6.9314694405e-01	5.0000000000e-01	nan	nan
1097	6.9314694405e-01	5.0000000000e-01	nan	nan
1098	6.9314694405e-01	5.0000000000e-01	nan	nan
1099	6.9314694405e-01	5.0000000000e-01	nan	nan
1100	6.9314694405e-01	5.0000000000e-01	nan	nan
1101	6.9314694405e-01	5.0000000000e-01	nan	nan
1102	6.9314694405e-01	5.0000000000e-01	nan	nan
1103	6.9314694405e-01	5.0000000000e-01	nan	nan
1104	6.9314688444e-01	5.0000000000e-01	nan	nan
1105	6.9314694405e-01	5.0000000000e-01	nan	nan
1106	6.9314694405e-01	5.5555558205e-01	nan	nan
1107	6.9314694405e-01	6.1111110449e-01	nan	nan
1108	6.9314694405e-01	7.2222220898e-01	nan	nan
1109	6.9314694405e-01	8.3333331347e-01	nan	nan
1110	6.9314694405e-01	7.7777779102e-01	nan	nan
1111	6.9314694405e-01	7.7777779102e-01	nan	nan
1112	6.9314694405e-01	8.3333331347e-01	nan	nan
1113	6.9314694405e-01	7.2222220898e-01	nan	nan
1114	6.9314694405e-01	6.6666668653e-01	nan	nan
1115	6.9314694405e-01	6.6666668653e-01	nan	nan
1116	6.9314688444e-01	6.6666668653e-01	nan	nan
1117	6.9314688444e-01	6.6666668653e-01	nan	nan
1118	6.9314694405e-01	6.6666668653e-01	nan	nan
1119	6.9314694405e-01	6.6666668653e-01	nan	nan
1120	6.9314694405e-01	6.6666668653e-01	nan	nan
1121	6.9314694405e-01	6.6666668653e-01	nan	nan
1122	6.9314694405e-01	5.5555558205e-01	nan	nan
1123	6.9314694405e-01	5.5555558205e-01	nan	nan
1124	6.9314694405e-01	5.0000000000e-01	nan	nan
1125	6.9314694405e-01	5.0000000000e-01	nan	nan
1126	6.9314694405e-01	5.0000000000e-01	nan	nan
1127	6.9314694405e-01	5.0000000000e-01	nan	nan
1128	6.9314694405e-01	5.0000000000e-01	nan	nan
1129	6.9314694405e-01	5.0000000000e-01	nan	nan
1130	6.9314694405e-01	5.0000000000e-01	nan	nan
1131	6.9314694405e-01	5.0000000000e-01	nan	nan
1132	6.9314694405e-01	5.0000000000e-01	nan	nan
1133	6.9314694405e-01	5.0000000000e-01	nan	nan
1134	6.9314694405e-01	5.0000000000e-01	nan	nan
1135	6.9314694405e-01	5.0000000000e-01	nan	nan
1136	6.9314694405e-01	5.0000000000e-01	nan	nan
1137	6.9314694405e-01	5.0000000000e-01	nan	nan
1138	6.9314694405e-01	5.0000000000e-01	nan	nan
1139	6.9314694405e-01	5.0000000000e-01	nan	nan
1140	6.9314694405e-01	5.0000000000e-01	nan	nan
1141	6.9314694405e-01	5.0000000000e-01	nan	nan
1142	6.9314694405e-01	5.0000000000e-01	nan	nan
1143	6.9314694405e-01	5.0000000000e-01	nan	nan
1144	6.9314694405e-01	5.0000000000e-01	nan	nan
1145	6.9314694405e-01	5.0000000000e-01	nan	nan
1146	6.9314694405e-01	5.0000000000e-01	nan	nan
1147	6.9314694405e-01	5.0000000000e-01	nan	nan
1148	6.9314694405e-01	5.0000000000e-01	nan	nan
1149	6.9314694405e-01	5.0000000000e-01	nan	nan
1150	6.9314694405e-01	5.0000000000e-01	nan	nan
1151	6.9314694405e-01	5.0000000000e-01	nan	nan
1152	6.9314694405e-01	5.0000000000e-01	nan	nan
1153	6.9314694405e-01	5.0000000000e-01	nan	nan
1154	6.9314694405e-01	5.0000000000e-01	nan	nan
1155	6.9314694405e-01	5.0000000000e-01	nan	nan
1156	6.9314694405e-01	5.0000000000e-01	nan	nan
1157	6.9314694405e-01	5.0000000000e-01	nan	nan
1158	6.9314694405e-01	5.0000000000e-01	nan	nan
1159	6.9314694405e-01	5.0000000000e-01	nan	nan
1160	6.9314694405e-01	5.0000000000e-01	nan	nan
1161	6.9314688444e-01	5.0000000000e-01	nan	nan
1162	6.9314688444e-01	5.0000000000e-01	nan	nan
1163	6.9314694405e-01	5.0000000000e-01	nan	nan
1164	6.9314688444e-01	5.0000000000e-01	nan	nan
1165	6.9314694405e-01	5.0000000000e-01	nan	nan
1166	6.9314694405e-01	5.5555558205e-01	nan	nan
1167	6.9314682484e-01	5.5555558205e-01	nan	nan
1168	6.9314688444e-01	5.5555558205e-01	nan	nan
1169	6.9314688444e-01	5.0000000000e-01	nan	nan
1170	6.9314688444e-01	5.0000000000e-01	nan	nan
1171	6.9314694405e-01	5.0000000000e-01	nan	nan
1172	6.9314694405e-01	5.0000000000e-01	nan	nan
1173	6.9314688444e-01	5.0000000000e-01	nan	nan
1174	6.9314694405e-01	5.0000000000e-01	nan	nan
1175	6.9314688444e-01	5.0000000000e-01	nan	nan
1176	6.9314688444e-01	5.0000000000e-01	nan	nan
1177	6.9314688444e-01	5.0000000000e-01	nan	nan
1178	6.9314688444e-01	5.0000000000e-01	nan	nan
1179	6.9314688444e-01	5.0000000000e-01	nan	nan
1180	6.9314688444e-01	5.0000000000e-01	nan	nan
1181	6.9314694405e-01	5.0000000000e-01	nan	nan
1182	6.9314694405e-01	5.0000000000e-01	nan	nan
1183	6.9314688444e-01	5.0000000000e-01	nan	nan
1184	6.9314682484e-01	5.0000000000e-01	nan	nan
1185	6.9314688444e-01	5.0000000000e-01	nan	nan
1186	6.9314688444e-01	5.0000000000e-01	nan	nan
1187	6.9314688444e-01	5.0000000000e-01	nan	nan
1188	6.9314694405e-01	5.0000000000e-01	nan	nan
1189	6.9314682484e-01	5.0000000000e-01	nan	nan
1190	6.9314694405e-01	5.0000000000e-01	nan	nan
1191	6.9314688444e-01	5.0000000000e-01	nan	nan
1192	6.9314688444e-01	5.0000000000e-01	nan	nan
1193	6.9314682484e-01	5.0000000000e-01	nan	nan
1194	6.9314694405e-01	5.0000000000e-01	nan	nan
1195	6.9314688444e-01	5.0000000000e-01	nan	nan
1196	6.9314688444e-01	5.0000000000e-01	nan	nan
1197	6.9314694405e-01	5.0000000000e-01	nan	nan
1198	6.9314688444e-01	5.0000000000e-01	nan	nan
1199	6.9314688444e-01	5.0000000000e-01	nan	nan
1200	6.9314694405e-01	5.0000000000e-01	nan	nan
1201	6.9314682484e-01	5.0000000000e-01	nan	nan
1202	6.9314688444e-01	5.0000000000e-01	nan	nan
1203	6.9314688444e-01	5.0000000000e-01	nan	nan
1204	6.9314682484e-01	5.0000000000e-01	nan	nan
1205	6.9314688444e-01	5.0000000000e-01	nan	nan
1206	6.9314682484e-01	5.0000000000e-01	nan	nan
1207	6.9314688444e-01	5.0000000000e-01	nan	nan
1208	6.9314688444e-01	5.0000000000e-01	nan	nan
1209	6.9314688444e-01	5.0000000000e-01	nan	nan
1210	6.9314688444e-01	5.0000000000e-01	nan	nan
1211	6.9314694405e-01	5.0000000000e-01	nan	nan
1212	6.9314688444e-01	5.0000000000e-01	nan	nan
1213	6.9314682484e-01	5.0000000000e-01	nan	nan
1214	6.9314688444e-01	5.0000000000e-01	nan	nan
1215	6.9314688444e-01	5.0000000000e-01	nan	nan
1216	6.9314688444e-01	5.5555558205e-01	nan	nan
1217	6.9314688444e-01	5.5555558205e-01	nan	nan
1218	6.9314688444e-01	5.5555558205e-01	nan	nan
1219	6.9314688444e-01	5.5555558205e-01	nan	nan
1220	6.9314688444e-01	5.5555558205e-01	nan	nan
1221	6.9314682484e-01	5.0000000000e-01	nan	nan
1222	6.9314688444e-01	5.0000000000e-01	nan	nan
1223	6.9314694405e-01	5.0000000000e-01	nan	nan
1224	6.9314688444e-01	5.0000000000e-01	nan	nan
1225	6.9314688444e-01	5.0000000000e-01	nan	nan
1226	6.9314682484e-01	5.0000000000e-01	nan	nan
1227	6.9314682484e-01	5.0000000000e-01	nan	nan
1228	6.9314688444e-01	5.0000000000e-01	nan	nan
1229	6.9314682484e-01	5.0000000000e-01	nan	nan
1230	6.9314682484e-01	5.0000000000e-01	nan	nan
1231	6.9314688444e-01	5.0000000000e-01	nan	nan
1232	6.9314688444e-01	5.0000000000e-01	nan	nan
1233	6.9314682484e-01	5.0000000000e-01	nan	nan
1234	6.9314688444e-01	5.0000000000e-01	nan	nan
1235	6.9314682484e-01	5.0000000000e-01	nan	nan
1236	6.9314688444e-01	5.5555558205e-01	nan	nan
1237	6.9314682484e-01	6.1111110449e-01	nan	nan
1238	6.9314688444e-01	7.2222220898e-01	nan	nan
1239	6.9314682484e-01	8.3333331347e-01	nan	nan
1240	6.9314682484e-01	6.6666668653e-01	nan	nan
1241	6.9314688444e-01	6.1111110449e-01	nan	nan
1242	6.9314682484e-01	5.5555558205e-01	nan	nan
1243	6.9314682484e-01	5.5555558205e-01	nan	nan
1244	6.9314682484e-01	6.1111110449e-01	nan	nan
1245	6.9314682484e-01	6.1111110449e-01	nan	nan
1246	6.9314682484e-01	6.6666668653e-01	nan	nan
1247	6.9314682484e-01	7.7777779102e-01	nan	nan
1248	6.9314682484e-01	8.3333331347e-01	nan	nan
1249	6.9314688444e-01	7.7777779102e-01	nan	nan
1250	6.9314676523e-01	7.7777779102e-01	nan	nan
1251	6.9314682484e-01	7.7777779102e-01	nan	nan
1252	6.9314682484e-01	6.1111110449e-01	nan	nan
1253	6.9314682484e-01	5.5555558205e-01	nan	nan
1254	6.9314682484e-01	5.0000000000e-01	nan	nan
1255	6.9314682484e-01	5.0000000000e-01	nan	nan
1256	6.9314688444e-01	5.0000000000e-01	nan	nan
1257	6.9314682484e-01	5.0000000000e-01	nan	nan
1258	6.9314682484e-01	5.0000000000e-01	nan	nan
1259	6.9314682484e-01	5.0000000000e-01	nan	nan
1260	6.9314682484e-01	5.0000000000e-01	nan	nan
1261	6.9314682484e-01	5.0000000000e-01	nan	nan
1262	6.9314688444e-01	5.0000000000e-01	nan	nan
1263	6.9314682484e-01	5.0000000000e-01	nan	nan
1264	6.9314688444e-01	5.0000000000e-01	nan	nan
1265	6.9314682484e-01	5.0000000000e-01	nan	nan
1266	6.9314688444e-01	5.0000000000e-01	nan	nan
1267	6.9314682484e-01	6.1111110449e-01	nan	nan
1268	6.9314682484e-01	6.6666668653e-01	nan	nan
1269	6.9314682484e-01	8.3333331347e-01	nan	nan
1270	6.9314688444e-01	5.5555558205e-01	nan	nan
1271	6.9314682484e-01	5.5555558205e-01	nan	nan
1272	6.9314688444e-01	5.0000000000e-01	nan	nan
1273	6.9314688444e-01	5.0000000000e-01	nan	nan
1274	6.9314682484e-01	5.0000000000e-01	nan	nan
1275	6.9314688444e-01	5.0000000000e-01	nan	nan
1276	6.9314676523e-01	5.0000000000e-01	nan	nan
1277	6.9314688444e-01	5.0000000000e-01	nan	nan
1278	6.9314682484e-01	5.0000000000e-01	nan	nan
1279	6.9314688444e-01	5.0000000000e-01	nan	nan
1280	6.9314682484e-01	5.0000000000e-01	nan	nan
1281	6.9314682484e-01	5.0000000000e-01	nan	nan
1282	6.9314682484e-01	5.0000000000e-01	nan	nan
1283	6.9314682484e-01	5.0000000000e-01	nan	nan
1284	6.9314682484e-01	5.0000000000e-01	nan	nan
1285	6.9314682484e-01	5.0000000000e-01	nan	nan
1286	6.9314682484e-01	5.0000000000e-01	nan	nan
1287	6.9314682484e-01	5.5555558205e-01	nan	nan
1288	6.9314682484e-01	5.5555558205e-01	nan	nan
1289	6.9314688444e-01	5.5555558205e-01	nan	nan
1290	6.9314688444e-01	7.7777779102e-01	nan	nan
1291	6.9314688444e-01	8.3333331347e-01	nan	nan
1292	6.9314688444e-01	7.7777779102e-01	nan	nan
1293	6.9314688444e-01	6.1111110449e-01	nan	nan
1294	6.9314682484e-01	5.5555558205e-01	nan	nan
1295	6.9314682484e-01	5.0000000000e-01	nan	nan
1296	6.9314682484e-01	5.0000000000e-01	nan	nan
1297	6.9314688444e-01	5.0000000000e-01	nan	nan
1298	6.9314682484e-01	5.0000000000e-01	nan	nan
1299	6.9314682484e-01	5.0000000000e-01	nan	nan
1300	6.9314688444e-01	5.0000000000e-01	nan	nan
1301	6.9314682484e-01	5.0000000000e-01	nan	nan
1302	6.9314688444e-01	5.0000000000e-01	nan	nan
1303	6.9314682484e-01	5.0000000000e-01	nan	nan
1304	6.9314682484e-01	5.0000000000e-01	nan	nan
1305	6.9314682484e-01	5.0000000000e-01	nan	nan
1306	6.9314676523e-01	5.0000000000e-01	nan	nan
1307	6.9314688444e-01	5.0000000000e-01	nan	nan
1308	6.9314688444e-01	5.5555558205e-01	nan	nan
1309	6.9314682484e-01	5.5555558205e-01	nan	nan
1310	6.9314682484e-01	6.1111110449e-01	nan	nan
1311	6.9314682484e-01	5.5555558205e-01	nan	nan
1312	6.9314682484e-01	5.5555558205e-01	nan	nan
1313	6.9314682484e-01	5.5555558205e-01	nan	nan
1314	6.9314682484e-01	5.5555558205e-01	nan	nan
1315	6.9314682484e-01	5.5555558205e-01	nan	nan
1316	6.9314682484e-01	5.5555558205e-01	nan	nan
1317	6.9314688444e-01	5.5555558205e-01	nan	nan
1318	6.9314688444e-01	5.5555558205e-01	nan	nan
1319	6.9314682484e-01	6.1111110449e-01	nan	nan
1320	6.9314682484e-01	6.1111110449e-01	nan	nan
1321	6.9314682484e-01	6.1111110449e-01	nan	nan
1322	6.9314688444e-01	7.7777779102e-01	nan	nan
1323	6.9314682484e-01	7.7777779102e-01	nan	nan
1324	6.9314682484e-01	8.3333331347e-01	nan	nan
1325	6.9314682484e-01	8.3333331347e-01	nan	nan
1326	6.9314682484e-01	8.3333331347e-01	nan	nan
1327	6.9314682484e-01	8.3333331347e-01	nan	nan
1328	6.9314682484e-01	8.3333331347e-01	nan	nan
1329	6.9314682484e-01	8.3333331347e-01	nan	nan
1330	6.9314682484e-01	8.3333331347e-01	nan	nan
1331	6.9314688444e-01	7.7777779102e-01	nan	nan
1332	6.9314682484e-01	7.7777779102e-01	nan	nan
1333	6.9314682484e-01	7.7777779102e-01	nan	nan
1334	6.9314676523e-01	7.7777779102e-01	nan	nan
1335	6.9314682484e-01	7.2222220898e-01	nan	nan
1336	6.9314682484e-01	7.2222220898e-01	nan	nan
1337	6.9314682484e-01	7.7777779102e-01	nan	nan
1338	6.9314688444e-01	7.7777779102e-01	nan	nan
1339	6.9314676523e-01	7.7777779102e-01	nan	nan
1340	6.9314682484e-01	7.7777779102e-01	nan	nan
1341	6.9314682484e-01	7.7777779102e-01	nan	nan
1342	6.9314682484e-01	7.7777779102e-01	nan	nan
1343	6.9314688444e-01	7.7777779102e-01	nan	nan
1344	6.9314682484e-01	7.7777779102e-01	nan	nan
1345	6.9314682484e-01	7.7777779102e-01	nan	nan
1346	6.9314682484e-01	7.7777779102e-01	nan	nan
1347	6.9314682484e-01	7.2222220898e-01	nan	nan
1348	6.9314682484e-01	7.2222220898e-01	nan	nan
1349	6.9314688444e-01	7.2222220898e-01	nan	nan
1350	6.9314682484e-01	7.2222220898e-01	nan	nan
1351	6.9314676523e-01	6.6666668653e-01	nan	nan
1352	6.9314676523e-01	6.6666668653e-01	nan	nan
1353	6.9314682484e-01	6.6666668653e-01	nan	nan
1354	6.9314682484e-01	6.6666668653e-01	nan	nan
1355	6.9314676523e-01	6.6666668653e-01	nan	nan
1356	6.9314682484e-01	6.6666668653e-01	nan	nan
1357	6.9314682484e-01	6.6666668653e-01	nan	nan
1358	6.9314688444e-01	6.6666668653e-01	nan	nan
1359	6.9314688444e-01	6.6666668653e-01	nan	nan
1360	6.9314688444e-01	6.6666668653e-01	nan	nan
1361	6.9314688444e-01	6.6666668653e-01	nan	nan
1362	6.9314688444e-01	6.6666668653e-01	nan	nan
1363	6.9314682484e-01	6.6666668653e-01	nan	nan
1364	6.9314682484e-01	6.6666668653e-01	nan	nan
1365	6.9314682484e-01	7.2222220898e-01	nan	nan
1366	6.9314682484e-01	7.2222220898e-01	nan	nan
1367	6.9314676523e-01	7.7777779102e-01	nan	nan
1368	6.9314682484e-01	7.7777779102e-01	nan	nan
1369	6.9314682484e-01	7.7777779102e-01	nan	nan
1370	6.9314688444e-01	8.3333331347e-01	nan	nan
1371	6.9314682484e-01	8.3333331347e-01	nan	nan
1372	6.9314682484e-01	8.3333331347e-01	nan	nan
1373	6.9314682484e-01	8.3333331347e-01	nan	nan
1374	6.9314682484e-01	8.3333331347e-01	nan	nan
1375	6.9314682484e-01	8.3333331347e-01	nan	nan
1376	6.9314682484e-01	8.3333331347e-01	nan	nan
1377	6.9314682484e-01	8.3333331347e-01	nan	nan
1378	6.9314688444e-01	8.3333331347e-01	nan	nan
1379	6.9314682484e-01	8.3333331347e-01	nan	nan
1380	6.9314682484e-01	8.3333331347e-01	nan	nan
1381	6.9314682484e-01	8.3333331347e-01	nan	nan
1382	6.9314682484e-01	8.3333331347e-01	nan	nan
1383	6.9314682484e-01	8.3333331347e-01	nan	nan
1384	6.9314682484e-01	8.3333331347e-01	nan	nan
1385	6.9314682484e-01	7.7777779102e-01	nan	nan
1386	6.9314682484e-01	7.7777779102e-01	nan	nan
1387	6.9314676523e-01	7.7777779102e-01	nan	nan
1388	6.9314682484e-01	7.7777779102e-01	nan	nan
1389	6.9314676523e-01	7.7777779102e-01	nan	nan
1390	6.9314688444e-01	7.7777779102e-01	nan	nan
1391	6.9314676523e-01	7.7777779102e-01	nan	nan
1392	6.9314682484e-01	7.7777779102e-01	nan	nan
1393	6.9314682484e-01	7.7777779102e-01	nan	nan
1394	6.9314682484e-01	7.7777779102e-01	nan	nan
1395	6.9314682484e-01	7.7777779102e-01	nan	nan
1396	6.9314682484e-01	7.7777779102e-01	nan	nan
1397	6.9314682484e-01	7.7777779102e-01	nan	nan
1398	6.9314682484e-01	7.7777779102e-01	nan	nan
1399	6.9314682484e-01	7.7777779102e-01	nan	nan
1400	6.9314682484e-01	7.7777779102e-01	nan	nan
1401	6.9314682484e-01	7.7777779102e-01	nan	nan
1402	6.9314682484e-01	7.7777779102e-01	nan	nan
1403	6.9314682484e-01	7.7777779102e-01	nan	nan
1404	6.9314688444e-01	7.7777779102e-01	nan	nan
1405	6.9314682484e-01	7.7777779102e-01	nan	nan
1406	6.9314676523e-01	7.7777779102e-01	nan	nan
1407	6.9314682484e-01	7.7777779102e-01	nan	nan
1408	6.9314682484e-01	7.7777779102e-01	nan	nan
1409	6.9314682484e-01	7.7777779102e-01	nan	nan
1410	6.9314682484e-01	7.7777779102e-01	nan	nan
1411	6.9314682484e-01	7.7777779102e-01	nan	nan
1412	6.9314682484e-01	7.7777779102e-01	nan	nan
1413	6.9314682484e-01	7.7777779102e-01	nan	nan
1414	6.9314682484e-01	7.7777779102e-01	nan	nan
1415	6.9314676523e-01	7.7777779102e-01	nan	nan
1416	6.9314682484e-01	7.7777779102e-01	nan	nan
1417	6.9314682484e-01	7.7777779102e-01	nan	nan
1418	6.9314682484e-01	7.7777779102e-01	nan	nan
1419	6.9314682484e-01	7.7777779102e-01	nan	nan
1420	6.9314688444e-01	7.7777779102e-01	nan	nan
1421	6.9314682484e-01	7.7777779102e-01	nan	nan
1422	6.9314682484e-01	7.7777779102e-01	nan	nan
1423	6.9314682484e-01	7.7777779102e-01	nan	nan
1424	6.9314682484e-01	7.7777779102e-01	nan	nan
1425	6.9314688444e-01	7.7777779102e-01	nan	nan
1426	6.9314682484e-01	7.7777779102e-01	nan	nan
1427	6.9314682484e-01	7.7777779102e-01	nan	nan
1428	6.9314682484e-01	7.7777779102e-01	nan	nan
1429	6.9314682484e-01	7.7777779102e-01	nan	nan
1430	6.9314682484e-01	7.7777779102e-01	nan	nan
1431	6.9314682484e-01	7.7777779102e-01	nan	nan
1432	6.9314676523e-01	7.7777779102e-01	nan	nan
1433	6.9314682484e-01	7.7777779102e-01	nan	nan
1434	6.9314682484e-01	7.7777779102e-01	nan	nan
1435	6.9314682484e-01	7.7777779102e-01	nan	nan
1436	6.9314682484e-01	7.7777779102e-01	nan	nan
1437	6.9314682484e-01	7.7777779102e-01	nan	nan
1438	6.9314688444e-01	7.7777779102e-01	nan	nan
1439	6.9314682484e-01	8.3333331347e-01	nan	nan
1440	6.9314682484e-01	8.3333331347e-01	nan	nan
1441	6.9314676523e-01	8.3333331347e-01	nan	nan
1442	6.9314682484e-01	8.3333331347e-01	nan	nan
1443	6.9314676523e-01	8.3333331347e-01	nan	nan
1444	6.9314682484e-01	8.3333331347e-01	nan	nan
1445	6.9314682484e-01	8.3333331347e-01	nan	nan
1446	6.9314682484e-01	8.3333331347e-01	nan	nan
1447	6.9314682484e-01	8.3333331347e-01	nan	nan
1448	6.9314682484e-01	8.3333331347e-01	nan	nan
1449	6.9314682484e-01	8.3333331347e-01	nan	nan
1450	6.9314682484e-01	8.3333331347e-01	nan	nan
1451	6.9314682484e-01	8.3333331347e-01	nan	nan
1452	6.9314682484e-01	8.3333331347e-01	nan	nan
1453	6.9314688444e-01	8.3333331347e-01	nan	nan
1454	6.9314676523e-01	8.3333331347e-01	nan	nan
1455	6.9314682484e-01	8.3333331347e-01	nan	nan
1456	6.9314682484e-01	8.3333331347e-01	nan	nan
1457	6.9314682484e-01	8.3333331347e-01	nan	nan
1458	6.9314682484e-01	8.3333331347e-01	nan	nan
1459	6.9314682484e-01	8.3333331347e-01	nan	nan
1460	6.9314682484e-01	8.3333331347e-01	nan	nan
1461	6.9314682484e-01	8.3333331347e-01	nan	nan
1462	6.9314682484e-01	8.3333331347e-01	nan	nan
1463	6.9314682484e-01	8.3333331347e-01	nan	nan
1464	6.9314688444e-01	8.3333331347e-01	nan	nan
1465	6.9314682484e-01	8.3333331347e-01	nan	nan
1466	6.9314682484e-01	8.3333331347e-01	nan	nan
1467	6.9314682484e-01	8.3333331347e-01	nan	nan
1468	6.9314682484e-01	8.3333331347e-01	nan	nan
1469	6.9314688444e-01	8.3333331347e-01	nan	nan
1470	6.9314682484e-01	8.3333331347e-01	nan	nan
1471	6.9314682484e-01	8.3333331347e-01	nan	nan
1472	6.9314688444e-01	8.3333331347e-01	nan	nan
1473	6.9314682484e-01	8.3333331347e-01	nan	nan
1474	6.9314682484e-01	8.3333331347e-01	nan	nan
1475	6.9314682484e-01	8.3333331347e-01	nan	nan
1476	6.9314682484e-01	8.3333331347e-01	nan	nan
1477	6.9314682484e-01	8.3333331347e-01	nan	nan
1478	6.9314682484e-01	8.3333331347e-01	nan	nan
1479	6.9314682484e-01	8.3333331347e-01	nan	nan
1480	6.9314682484e-01	8.3333331347e-01	nan	nan
1481	6.9314682484e-01	8.3333331347e-01	nan	nan
1482	6.9314676523e-01	8.3333331347e-01	nan	nan
1483	6.9314682484e-01	8.3333331347e-01	nan	nan
1484	6.9314682484e-01	8.3333331347e-01	nan	nan
1485	6.9314682484e-01	8.3333331347e-01	nan	nan
1486	6.9314682484e-01	8.3333331347e-01	nan	nan
1487	6.9314682484e-01	8.3333331347e-01	nan	nan
1488	6.9314682484e-01	8.3333331347e-01	nan	nan
1489	6.9314682484e-01	8.3333331347e-01	nan	nan
1490	6.9314682484e-01	8.3333331347e-01	nan	nan
1491	6.9314688444e-01	8.3333331347e-01	nan	nan
1492	6.9314682484e-01	8.3333331347e-01	nan	nan
1493	6.9314682484e-01	8.3333331347e-01	nan	nan
1494	6.9314688444e-01	8.3333331347e-01	nan	nan
1495	6.9314682484e-01	8.3333331347e-01	nan	nan
1496	6.9314682484e-01	8.3333331347e-01	nan	nan
1497	6.9314688444e-01	8.3333331347e-01	nan	nan
1498	6.9314682484e-01	8.3333331347e-01	nan	nan
1499	6.9314682484e-01	8.3333331347e-01	nan	nan
1500	6.9314676523e-01	8.3333331347e-01	nan	nan
1501	6.9314682484e-01	8.3333331347e-01	nan	nan
1502	6.9314682484e-01	8.3333331347e-01	nan	nan
1503	6.9314682484e-01	8.3333331347e-01	nan	nan
1504	6.9314682484e-01	8.3333331347e-01	nan	nan
1505	6.9314682484e-01	8.3333331347e-01	nan	nan
1506	6.9314682484e-01	8.3333331347e-01	nan	nan
1507	6.9314676523e-01	8.3333331347e-01	nan	nan
1508	6.9314682484e-01	8.3333331347e-01	nan	nan
1509	6.9314682484e-01	8.3333331347e-01	nan	nan
1510	6.9314682484e-01	8.3333331347e-01	nan	nan
1511	6.9314682484e-01	8.3333331347e-01	nan	nan
1512	6.9314682484e-01	8.3333331347e-01	nan	nan
1513	6.9314682484e-01	8.3333331347e-01	nan	nan
1514	6.9314682484e-01	8.3333331347e-01	nan	nan
1515	6.9314688444e-01	8.3333331347e-01	nan	nan
1516	6.9314682484e-01	8.3333331347e-01	nan	nan
1517	6.9314682484e-01	8.3333331347e-01	nan	nan
1518	6.9314682484e-01	8.3333331347e-01	nan	nan
1519	6.9314682484e-01	8.3333331347e-01	nan	nan
1520	6.9314682484e-01	8.3333331347e-01	nan	nan
1521	6.9314682484e-01	8.3333331347e-01	nan	nan
1522	6.9314682484e-01	8.3333331347e-01	nan	nan
1523	6.9314682484e-01	8.3333331347e-01	nan	nan
1524	6.9314682484e-01	8.3333331347e-01	nan	nan
1525	6.9314682484e-01	8.3333331347e-01	nan	nan
1526	6.9314676523e-01	8.3333331347e-01	nan	nan
1527	6.9314676523e-01	8.3333331347e-01	nan	nan
1528	6.9314682484e-01	8.3333331347e-01	nan	nan
1529	6.9314682484e-01	8.3333331347e-01	nan	nan
1530	6.9314682484e-01	8.3333331347e-01	nan	nan
1531	6.9314682484e-01	8.3333331347e-01	nan	nan
1532	6.9314682484e-01	8.3333331347e-01	nan	nan
1533	6.9314682484e-01	8.3333331347e-01	nan	nan
1534	6.9314682484e-01	8.3333331347e-01	nan	nan
1535	6.9314682484e-01	8.3333331347e-01	nan	nan
1536	6.9314676523e-01	8.3333331347e-01	nan	nan
1537	6.9314676523e-01	8.3333331347e-01	nan	nan
1538	6.9314682484e-01	8.3333331347e-01	nan	nan
1539	6.9314682484e-01	8.3333331347e-01	nan	nan
1540	6.9314682484e-01	8.3333331347e-01	nan	nan
1541	6.9314682484e-01	8.3333331347e-01	nan	nan
1542	6.9314682484e-01	8.3333331347e-01	nan	nan
1543	6.9314682484e-01	8.3333331347e-01	nan	nan
1544	6.9314682484e-01	8.3333331347e-01	nan	nan
1545	6.9314688444e-01	8.3333331347e-01	nan	nan
1546	6.9314682484e-01	8.3333331347e-01	nan	nan
1547	6.9314682484e-01	8.3333331347e-01	nan	nan
1548	6.9314682484e-01	8.3333331347e-01	nan	nan
1549	6.9314676523e-01	8.3333331347e-01	nan	nan
1550	6.9314682484e-01	8.3333331347e-01	nan	nan
1551	6.9314682484e-01	8.3333331347e-01	nan	nan
1552	6.9314682484e-01	8.3333331347e-01	nan	nan
1553	6.9314682484e-01	8.3333331347e-01	nan	nan
1554	6.9314682484e-01	8.3333331347e-01	nan	nan
1555	6.9314676523e-01	8.3333331347e-01	nan	nan
1556	6.9314682484e-01	8.3333331347e-01	nan	nan
1557	6.9314682484e-01	8.3333331347e-01	nan	nan
1558	6.9314676523e-01	8.3333331347e-01	nan	nan
1559	6.9314682484e-01	8.3333331347e-01	nan	nan
1560	6.9314682484e-01	8.3333331347e-01	nan	nan
1561	6.9314676523e-01	8.3333331347e-01	nan	nan
1562	6.9314682484e-01	8.3333331347e-01	nan	nan
1563	6.9314682484e-01	8.3333331347e-01	nan	nan
1564	6.9314682484e-01	8.3333331347e-01	nan	nan
1565	6.9314682484e-01	8.3333331347e-01	nan	nan
1566	6.9314682484e-01	8.3333331347e-01	nan	nan
1567	6.9314682484e-01	8.3333331347e-01	nan	nan
1568	6.9314682484e-01	8.3333331347e-01	nan	nan
1569	6.9314676523e-01	8.3333331347e-01	nan	nan
1570	6.9314682484e-01	8.3333331347e-01	nan	nan
1571	6.9314682484e-01	8.3333331347e-01	nan	nan
1572	6.9314682484e-01	8.3333331347e-01	nan	nan
1573	6.9314682484e-01	8.3333331347e-01	nan	nan
1574	6.9314688444e-01	8.3333331347e-01	nan	nan
1575	6.9314676523e-01	8.3333331347e-01	nan	nan
1576	6.9314676523e-01	8.3333331347e-01	nan	nan
1577	6.9314682484e-01	8.3333331347e-01	nan	nan
1578	6.9314688444e-01	8.3333331347e-01	nan	nan
1579	6.9314682484e-01	8.3333331347e-01	nan	nan
1580	6.9314682484e-01	8.3333331347e-01	nan	nan
1581	6.9314682484e-01	8.3333331347e-01	nan	nan
1582	6.9314682484e-01	8.3333331347e-01	nan	nan
1583	6.9314682484e-01	8.3333331347e-01	nan	nan
1584	6.9314688444e-01	8.3333331347e-01	nan	nan
1585	6.9314682484e-01	8.3333331347e-01	nan	nan
1586	6.9314682484e-01	8.3333331347e-01	nan	nan
1587	6.9314682484e-01	8.3333331347e-01	nan	nan
1588	6.9314688444e-01	8.3333331347e-01	nan	nan
1589	6.9314682484e-01	8.3333331347e-01	nan	nan
1590	6.9314676523e-01	8.3333331347e-01	nan	nan
1591	6.9314682484e-01	8.3333331347e-01	nan	nan
1592	6.9314682484e-01	8.3333331347e-01	nan	nan
1593	6.9314676523e-01	8.3333331347e-01	nan	nan
1594	6.9314682484e-01	8.3333331347e-01	nan	nan
1595	6.9314682484e-01	8.3333331347e-01	nan	nan
1596	6.9314682484e-01	8.3333331347e-01	nan	nan
1597	6.9314682484e-01	8.3333331347e-01	nan	nan
1598	6.9314682484e-01	8.3333331347e-01	nan	nan
1599	6.9314682484e-01	8.3333331347e-01	nan	nan
1600	6.9314682484e-01	8.3333331347e-01	nan	nan
1601	6.9314682484e-01	8.3333331347e-01	nan	nan
1602	6.9314682484e-01	8.3333331347e-01	nan	nan
1603	6.9314682484e-01	8.3333331347e-01	nan	nan
1604	6.9314682484e-01	8.3333331347e-01	nan	nan
1605	6.9314676523e-01	8.3333331347e-01	nan	nan
1606	6.9314682484e-01	8.3333331347e-01	nan	nan
1607	6.9314682484e-01	8.3333331347e-01	nan	nan
1608	6.9314682484e-01	8.3333331347e-01	nan	nan
1609	6.9314676523e-01	8.3333331347e-01	nan	nan
1610	6.9314676523e-01	8.3333331347e-01	nan	nan
1611	6.9314682484e-01	8.3333331347e-01	nan	nan
1612	6.9314676523e-01	8.3333331347e-01	nan	nan
1613	6.9314682484e-01	8.3333331347e-01	nan	nan
1614	6.9314682484e-01	8.3333331347e-01	nan	nan
1615	6.9314682484e-01	8.3333331347e-01	nan	nan
1616	6.9314682484e-01	8.3333331347e-01	nan	nan
1617	6.9314682484e-01	8.3333331347e-01	nan	nan
1618	6.9314682484e-01	8.3333331347e-01	nan	nan
1619	6.9314682484e-01	8.3333331347e-01	nan	nan
1620	6.9314682484e-01	8.3333331347e-01	nan	nan
1621	6.9314676523e-01	8.3333331347e-01	nan	nan
1622	6.9314682484e-01	8.3333331347e-01	nan	nan
1623	6.9314682484e-01	8.3333331347e-01	nan	nan
1624	6.9314682484e-01	8.3333331347e-01	nan	nan
1625	6.9314682484e-01	8.3333331347e-01	nan	nan
1626	6.9314682484e-01	8.3333331347e-01	nan	nan
1627	6.9314682484e-01	8.3333331347e-01	nan	nan
1628	6.9314682484e-01	8.3333331347e-01	nan	nan
1629	6.9314682484e-01	8.3333331347e-01	nan	nan
1630	6.9314682484e-01	8.3333331347e-01	nan	nan
1631	6.9314676523e-01	8.3333331347e-01	nan	nan
1632	6.9314682484e-01	8.3333331347e-01	nan	nan
1633	6.9314688444e-01	8.3333331347e-01	nan	nan
1634	6.9314682484e-01	8.3333331347e-01	nan	nan
1635	6.9314682484e-01	8.3333331347e-01	nan	nan
1636	6.9314676523e-01	8.3333331347e-01	nan	nan
1637	6.9314682484e-01	8.3333331347e-01	nan	nan
1638	6.9314682484e-01	8.3333331347e-01	nan	nan
1639	6.9314682484e-01	8.3333331347e-01	nan	nan
1640	6.9314682484e-01	8.3333331347e-01	nan	nan
1641	6.9314682484e-01	8.3333331347e-01	nan	nan
1642	6.9314682484e-01	8.3333331347e-01	nan	nan
1643	6.9314676523e-01	8.3333331347e-01	nan	nan
1644	6.9314682484e-01	8.3333331347e-01	nan	nan
1645	6.9314682484e-01	8.3333331347e-01	nan	nan
1646	6.9314682484e-01	8.3333331347e-01	nan	nan
1647	6.9314682484e-01	8.3333331347e-01	nan	nan
1648	6.9314682484e-01	8.3333331347e-01	nan	nan
1649	6.9314682484e-01	8.3333331347e-01	nan	nan
1650	6.9314682484e-01	8.3333331347e-01	nan	nan
1651	6.9314676523e-01	8.3333331347e-01	nan	nan
1652	6.9314682484e-01	8.3333331347e-01	nan	nan
1653	6.9314676523e-01	8.3333331347e-01	nan	nan
1654	6.9314682484e-01	8.3333331347e-01	nan	nan
1655	6.9314682484e-01	8.3333331347e-01	nan	nan
1656	6.9314688444e-01	8.3333331347e-01	nan	nan
1657	6.9314682484e-01	8.3333331347e-01	nan	nan
1658	6.9314676523e-01	8.3333331347e-01	nan	nan
1659	6.9314682484e-01	8.3333331347e-01	nan	nan
1660	6.9314676523e-01	8.3333331347e-01	nan	nan
1661	6.9314682484e-01	8.3333331347e-01	nan	nan
1662	6.9314682484e-01	8.3333331347e-01	nan	nan
1663	6.9314682484e-01	8.3333331347e-01	nan	nan
1664	6.9314682484e-01	8.3333331347e-01	nan	nan
1665	6.9314682484e-01	8.3333331347e-01	nan	nan
1666	6.9314676523e-01	8.3333331347e-01	nan	nan
1667	6.9314682484e-01	8.3333331347e-01	nan	nan
1668	6.9314682484e-01	8.3333331347e-01	nan	nan
1669	6.9314682484e-01	8.3333331347e-01	nan	nan
1670	6.9314676523e-01	8.3333331347e-01	nan	nan
1671	6.9314676523e-01	8.3333331347e-01	nan	nan
1672	6.9314682484e-01	8.3333331347e-01	nan	nan
1673	6.9314682484e-01	8.3333331347e-01	nan	nan
1674	6.9314682484e-01	8.3333331347e-01	nan	nan
1675	6.9314682484e-01	8.3333331347e-01	nan	nan
1676	6.9314682484e-01	8.3333331347e-01	nan	nan
1677	6.9314682484e-01	8.3333331347e-01	nan	nan
1678	6.9314682484e-01	8.3333331347e-01	nan	nan
1679	6.9314682484e-01	8.3333331347e-01	nan	nan
1680	6.9314682484e-01	7.7777779102e-01	nan	nan
1681	6.9314676523e-01	7.7777779102e-01	nan	nan
1682	6.9314682484e-01	8.3333331347e-01	nan	nan
1683	6.9314676523e-01	8.3333331347e-01	nan	nan
1684	6.9314676523e-01	8.3333331347e-01	nan	nan
1685	6.9314676523e-01	8.3333331347e-01	nan	nan
1686	6.9314676523e-01	8.3333331347e-01	nan	nan
1687	6.9314682484e-01	8.3333331347e-01	nan	nan
1688	6.9314682484e-01	8.3333331347e-01	nan	nan
1689	6.9314676523e-01	8.3333331347e-01	nan	nan
1690	6.9314682484e-01	8.3333331347e-01	nan	nan
1691	6.9314682484e-01	8.3333331347e-01	nan	nan
1692	6.9314688444e-01	8.3333331347e-01	nan	nan
1693	6.9314682484e-01	8.3333331347e-01	nan	nan
1694	6.9314682484e-01	8.3333331347e-01	nan	nan
1695	6.9314682484e-01	8.3333331347e-01	nan	nan
1696	6.9314676523e-01	8.3333331347e-01	nan	nan
1697	6.9314682484e-01	8.3333331347e-01	nan	nan
1698	6.9314676523e-01	8.3333331347e-01	nan	nan
1699	6.9314682484e-01	8.3333331347e-01	nan	nan
1700	6.9314682484e-01	8.3333331347e-01	nan	nan
1701	6.9314682484e-01	8.3333331347e-01	nan	nan
1702	6.9314676523e-01	8.3333331347e-01	nan	nan
1703	6.9314676523e-01	8.3333331347e-01	nan	nan
1704	6.9314676523e-01	8.3333331347e-01	nan	nan
1705	6.9314682484e-01	8.3333331347e-01	nan	nan
1706	6.9314682484e-01	8.3333331347e-01	nan	nan
1707	6.9314676523e-01	8.3333331347e-01	nan	nan
1708	6.9314682484e-01	8.3333331347e-01	nan	nan
1709	6.9314682484e-01	8.3333331347e-01	nan	nan
1710	6.9314682484e-01	8.3333331347e-01	nan	nan
1711	6.9314688444e-01	8.3333331347e-01	nan	nan
1712	6.9314682484e-01	8.3333331347e-01	nan	nan
1713	6.9314676523e-01	8.3333331347e-01	nan	nan
1714	6.9314682484e-01	8.3333331347e-01	nan	nan
1715	6.9314676523e-01	8.3333331347e-01	nan	nan
1716	6.9314676523e-01	8.3333331347e-01	nan	nan
1717	6.9314682484e-01	8.3333331347e-01	nan	nan
1718	6.9314676523e-01	8.3333331347e-01	nan	nan
1719	6.9314682484e-01	8.3333331347e-01	nan	nan
1720	6.9314676523e-01	8.3333331347e-01	nan	nan
1721	6.9314682484e-01	8.3333331347e-01	nan	nan
1722	6.9314682484e-01	8.3333331347e-01	nan	nan
1723	6.9314682484e-01	8.3333331347e-01	nan	nan
1724	6.9314682484e-01	8.3333331347e-01	nan	nan
1725	6.9314682484e-01	8.3333331347e-01	nan	nan
1726	6.9314682484e-01	8.3333331347e-01	nan	nan
1727	6.9314682484e-01	8.3333331347e-01	nan	nan
1728	6.9314682484e-01	8.3333331347e-01	nan	nan
1729	6.9314682484e-01	7.7777779102e-01	nan	nan
1730	6.9314676523e-01	8.3333331347e-01	nan	nan
1731	6.9314682484e-01	8.3333331347e-01	nan	nan
1732	6.9314682484e-01	8.3333331347e-01	nan	nan
1733	6.9314682484e-01	8.3333331347e-01	nan	nan
1734	6.9314682484e-01	8.3333331347e-01	nan	nan
1735	6.9314682484e-01	8.3333331347e-01	nan	nan
1736	6.9314688444e-01	8.3333331347e-01	nan	nan
1737	6.9314682484e-01	8.3333331347e-01	nan	nan
1738	6.9314676523e-01	8.3333331347e-01	nan	nan
1739	6.9314682484e-01	8.3333331347e-01	nan	nan
1740	6.9314682484e-01	8.3333331347e-01	nan	nan
1741	6.9314676523e-01	8.3333331347e-01	nan	nan
1742	6.9314676523e-01	8.3333331347e-01	nan	nan
1743	6.9314682484e-01	8.3333331347e-01	nan	nan
1744	6.9314682484e-01	8.3333331347e-01	nan	nan
1745	6.9314682484e-01	8.3333331347e-01	nan	nan
1746	6.9314682484e-01	8.3333331347e-01	nan	nan
1747	6.9314676523e-01	8.3333331347e-01	nan	nan
1748	6.9314682484e-01	8.3333331347e-01	nan	nan
1749	6.9314682484e-01	8.3333331347e-01	nan	nan
1750	6.9314682484e-01	8.3333331347e-01	nan	nan
1751	6.9314676523e-01	8.3333331347e-01	nan	nan
1752	6.9314682484e-01	8.3333331347e-01	nan	nan
1753	6.9314682484e-01	8.3333331347e-01	nan	nan
1754	6.9314676523e-01	7.7777779102e-01	nan	nan
1755	6.9314682484e-01	7.7777779102e-01	nan	nan
1756	6.9314682484e-01	7.7777779102e-01	nan	nan
1757	6.9314682484e-01	7.7777779102e-01	nan	nan
1758	6.9314682484e-01	7.7777779102e-01	nan	nan
1759	6.9314682484e-01	7.7777779102e-01	nan	nan
1760	6.9314682484e-01	7.7777779102e-01	nan	nan
1761	6.9314682484e-01	7.7777779102e-01	nan	nan
1762	6.9314682484e-01	7.7777779102e-01	nan	nan
1763	6.9314676523e-01	7.7777779102e-01	nan	nan
1764	6.9314682484e-01	7.7777779102e-01	nan	nan
1765	6.9314682484e-01	7.7777779102e-01	nan	nan
1766	6.9314676523e-01	7.7777779102e-01	nan	nan
1767	6.9314682484e-01	7.7777779102e-01	nan	nan
1768	6.9314688444e-01	7.7777779102e-01	nan	nan
1769	6.9314676523e-01	7.7777779102e-01	nan	nan
1770	6.9314682484e-01	7.7777779102e-01	nan	nan
1771	6.9314682484e-01	7.7777779102e-01	nan	nan
1772	6.9314682484e-01	7.7777779102e-01	nan	nan
1773	6.9314676523e-01	7.7777779102e-01	nan	nan
1774	6.9314676523e-01	8.3333331347e-01	nan	nan
1775	6.9314676523e-01	8.3333331347e-01	nan	nan
1776	6.9314682484e-01	8.3333331347e-01	nan	nan
1777	6.9314682484e-01	8.3333331347e-01	nan	nan
1778	6.9314676523e-01	8.3333331347e-01	nan	nan
1779	6.9314682484e-01	8.3333331347e-01	nan	nan
1780	6.9314682484e-01	8.3333331347e-01	nan	nan
1781	6.9314682484e-01	8.3333331347e-01	nan	nan
1782	6.9314682484e-01	8.3333331347e-01	nan	nan
1783	6.9314682484e-01	8.3333331347e-01	nan	nan
1784	6.9314676523e-01	8.3333331347e-01	nan	nan
1785	6.9314682484e-01	8.3333331347e-01	nan	nan
1786	6.9314676523e-01	8.3333331347e-01	nan	nan
1787	6.9314682484e-01	8.3333331347e-01	nan	nan
1788	6.9314676523e-01	8.3333331347e-01	nan	nan
1789	6.9314688444e-01	8.3333331347e-01	nan	nan
1790	6.9314682484e-01	8.3333331347e-01	nan	nan
1791	6.9314682484e-01	8.3333331347e-01	nan	nan
1792	6.9314676523e-01	8.3333331347e-01	nan	nan
1793	6.9314682484e-01	8.3333331347e-01	nan	nan
1794	6.9314682484e-01	8.3333331347e-01	nan	nan
1795	6.9314676523e-01	8.3333331347e-01	nan	nan
1796	6.9314676523e-01	8.3333331347e-01	nan	nan
1797	6.9314682484e-01	8.3333331347e-01	nan	nan
1798	6.9314682484e-01	8.3333331347e-01	nan	nan
1799	6.9314682484e-01	8.3333331347e-01	nan	nan
1800	6.9314676523e-01	8.3333331347e-01	nan	nan
1801	6.9314682484e-01	8.3333331347e-01	nan	nan
1802	6.9314682484e-01	8.3333331347e-01	nan	nan
1803	6.9314676523e-01	8.3333331347e-01	nan	nan
1804	6.9314682484e-01	8.3333331347e-01	nan	nan
1805	6.9314676523e-01	8.3333331347e-01	nan	nan
1806	6.9314676523e-01	8.3333331347e-01	nan	nan
1807	6.9314676523e-01	8.3333331347e-01	nan	nan
1808	6.9314676523e-01	8.3333331347e-01	nan	nan
1809	6.9314676523e-01	8.3333331347e-01	nan	nan
1810	6.9314676523e-01	8.3333331347e-01	nan	nan
1811	6.9314676523e-01	8.3333331347e-01	nan	nan
1812	6.9314682484e-01	8.3333331347e-01	nan	nan
1813	6.9314676523e-01	8.3333331347e-01	nan	nan
1814	6.9314682484e-01	8.3333331347e-01	nan	nan
1815	6.9314682484e-01	8.3333331347e-01	nan	nan
1816	6.9314676523e-01	8.3333331347e-01	nan	nan
1817	6.9314682484e-01	8.3333331347e-01	nan	nan
1818	6.9314682484e-01	8.3333331347e-01	nan	nan
1819	6.9314682484e-01	8.3333331347e-01	nan	nan
1820	6.9314688444e-01	8.3333331347e-01	nan	nan
1821	6.9314676523e-01	8.3333331347e-01	nan	nan
1822	6.9314676523e-01	8.3333331347e-01	nan	nan
1823	6.9314682484e-01	8.3333331347e-01	nan	nan
1824	6.9314676523e-01	8.3333331347e-01	nan	nan
1825	6.9314676523e-01	8.3333331347e-01	nan	nan
1826	6.9314682484e-01	8.3333331347e-01	nan	nan
1827	6.9314682484e-01	8.3333331347e-01	nan	nan
1828	6.9314676523e-01	8.3333331347e-01	nan	nan
1829	6.9314682484e-01	8.3333331347e-01	nan	nan
1830	6.9314682484e-01	8.3333331347e-01	nan	nan
1831	6.9314682484e-01	8.3333331347e-01	nan	nan
1832	6.9314682484e-01	8.3333331347e-01	nan	nan
1833	6.9314682484e-01	8.3333331347e-01	nan	nan
1834	6.9314682484e-01	8.3333331347e-01	nan	nan
1835	6.9314682484e-01	8.3333331347e-01	nan	nan
1836	6.9314682484e-01	8.3333331347e-01	nan	nan
1837	6.9314682484e-01	8.3333331347e-01	nan	nan
1838	6.9314682484e-01	8.3333331347e-01	nan	nan
1839	6.9314682484e-01	8.3333331347e-01	nan	nan
1840	6.9314676523e-01	8.3333331347e-01	nan	nan
1841	6.9314676523e-01	8.3333331347e-01	nan	nan
1842	6.9314682484e-01	8.3333331347e-01	nan	nan
1843	6.9314676523e-01	8.3333331347e-01	nan	nan
1844	6.9314682484e-01	8.3333331347e-01	nan	nan
1845	6.9314682484e-01	8.3333331347e-01	nan	nan
1846	6.9314682484e-01	8.3333331347e-01	nan	nan
1847	6.9314682484e-01	8.3333331347e-01	nan	nan
1848	6.9314676523e-01	8.3333331347e-01	nan	nan
1849	6.9314682484e-01	8.3333331347e-01	nan	nan
1850	6.9314676523e-01	8.3333331347e-01	nan	nan
1851	6.9314682484e-01	8.3333331347e-01	nan	nan
1852	6.9314682484e-01	8.3333331347e-01	nan	nan
1853	6.9314682484e-01	8.3333331347e-01	nan	nan
1854	6.9314682484e-01	8.3333331347e-01	nan	nan
1855	6.9314682484e-01	8.3333331347e-01	nan	nan
1856	6.9314682484e-01	8.3333331347e-01	nan	nan
1857	6.9314676523e-01	8.3333331347e-01	nan	nan
1858	6.9314682484e-01	8.3333331347e-01	nan	nan
1859	6.9314682484e-01	8.3333331347e-01	nan	nan
1860	6.9314682484e-01	8.3333331347e-01	nan	nan
1861	6.9314682484e-01	8.3333331347e-01	nan	nan
1862	6.9314676523e-01	8.3333331347e-01	nan	nan
1863	6.9314682484e-01	8.3333331347e-01	nan	nan
1864	6.9314682484e-01	8.3333331347e-01	nan	nan
1865	6.9314682484e-01	8.3333331347e-01	nan	nan
1866	6.9314676523e-01	8.3333331347e-01	nan	nan
1867	6.9314676523e-01	8.3333331347e-01	nan	nan
1868	6.9314682484e-01	8.3333331347e-01	nan	nan
1869	6.9314676523e-01	8.3333331347e-01	nan	nan
1870	6.9314670563e-01	8.3333331347e-01	nan	nan
1871	6.9314682484e-01	8.3333331347e-01	nan	nan
1872	6.9314682484e-01	8.3333331347e-01	nan	nan
1873	6.9314676523e-01	8.3333331347e-01	nan	nan
1874	6.9314682484e-01	8.3333331347e-01	nan	nan
1875	6.9314682484e-01	8.3333331347e-01	nan	nan
1876	6.9314676523e-01	8.3333331347e-01	nan	nan
1877	6.9314676523e-01	8.3333331347e-01	nan	nan
1878	6.9314682484e-01	8.3333331347e-01	nan	nan
1879	6.9314676523e-01	8.3333331347e-01	nan	nan
1880	6.9314682484e-01	8.3333331347e-01	nan	nan
1881	6.9314676523e-01	8.3333331347e-01	nan	nan
1882	6.9314682484e-01	8.3333331347e-01	nan	nan
1883	6.9314682484e-01	8.3333331347e-01	nan	nan
1884	6.9314682484e-01	8.3333331347e-01	nan	nan
1885	6.9314682484e-01	8.3333331347e-01	nan	nan
1886	6.9314682484e-01	8.3333331347e-01	nan	nan
1887	6.9314682484e-01	8.3333331347e-01	nan	nan
1888	6.9314682484e-01	8.3333331347e-01	nan	nan
1889	6.9314676523e-01	8.3333331347e-01	nan	nan
1890	6.9314676523e-01	8.3333331347e-01	nan	nan
1891	6.9314682484e-01	8.3333331347e-01	nan	nan
1892	6.9314676523e-01	8.3333331347e-01	nan	nan
1893	6.9314682484e-01	8.3333331347e-01	nan	nan
1894	6.9314682484e-01	8.3333331347e-01	nan	nan
1895	6.9314682484e-01	8.3333331347e-01	nan	nan
1896	6.9314682484e-01	8.3333331347e-01	nan	nan
1897	6.9314682484e-01	8.3333331347e-01	nan	nan
1898	6.9314682484e-01	8.3333331347e-01	nan	nan
1899	6.9314676523e-01	8.3333331347e-01	nan	nan
1900	6.9314682484e-01	8.3333331347e-01	nan	nan
1901	6.9314676523e-01	8.3333331347e-01	nan	nan
1902	6.9314682484e-01	8.3333331347e-01	nan	nan
1903	6.9314682484e-01	8.3333331347e-01	nan	nan
1904	6.9314676523e-01	8.3333331347e-01	nan	nan
1905	6.9314682484e-01	8.3333331347e-01	nan	nan
1906	6.9314682484e-01	8.3333331347e-01	nan	nan
1907	6.9314682484e-01	8.3333331347e-01	nan	nan
1908	6.9314682484e-01	8.3333331347e-01	nan	nan
1909	6.9314676523e-01	8.3333331347e-01	nan	nan
1910	6.9314676523e-01	8.3333331347e-01	nan	nan
1911	6.9314676523e-01	8.3333331347e-01	nan	nan
1912	6.9314676523e-01	8.3333331347e-01	nan	nan
1913	6.9314676523e-01	8.3333331347e-01	nan	nan
1914	6.9314682484e-01	8.3333331347e-01	nan	nan
1915	6.9314682484e-01	8.3333331347e-01	nan	nan
1916	6.9314676523e-01	8.3333331347e-01	nan	nan
1917	6.9314682484e-01	8.3333331347e-01	nan	nan
1918	6.9314682484e-01	8.3333331347e-01	nan	nan
1919	6.9314682484e-01	8.3333331347e-01	nan	nan
1920	6.9314676523e-01	8.3333331347e-01	nan	nan
1921	6.9314682484e-01	8.3333331347e-01	nan	nan
1922	6.9314682484e-01	8.3333331347e-01	nan	nan
1923	6.9314676523e-01	8.3333331347e-01	nan	nan
1924	6.9314682484e-01	8.3333331347e-01	nan	nan
1925	6.9314676523e-01	8.3333331347e-01	nan	nan
1926	6.9314676523e-01	8.3333331347e-01	nan	nan
1927	6.9314676523e-01	8.3333331347e-01	nan	nan
1928	6.9314676523e-01	8.3333331347e-01	nan	nan
1929	6.9314676523e-01	8.3333331347e-01	nan	nan
1930	6.9314682484e-01	8.3333331347e-01	nan	nan
1931	6.9314676523e-01	8.3333331347e-01	nan	nan
1932	6.9314676523e-01	8.3333331347e-01	nan	nan
1933	6.9314676523e-01	8.3333331347e-01	nan	nan
1934	6.9314676523e-01	8.3333331347e-01	nan	nan
1935	6.9314682484e-01	8.3333331347e-01	nan	nan
1936	6.9314682484e-01	8.3333331347e-01	nan	nan
1937	6.9314682484e-01	8.3333331347e-01	nan	nan
1938	6.9314676523e-01	8.3333331347e-01	nan	nan
1939	6.9314670563e-01	8.3333331347e-01	nan	nan
1940	6.9314682484e-01	8.3333331347e-01	nan	nan
1941	6.9314682484e-01	8.3333331347e-01	nan	nan
1942	6.9314676523e-01	8.3333331347e-01	nan	nan
1943	6.9314682484e-01	8.3333331347e-01	nan	nan
1944	6.9314676523e-01	8.3333331347e-01	nan	nan
1945	6.9314670563e-01	8.3333331347e-01	nan	nan
1946	6.9314676523e-01	8.3333331347e-01	nan	nan
1947	6.9314682484e-01	8.3333331347e-01	nan	nan
1948	6.9314682484e-01	8.3333331347e-01	nan	nan
1949	6.9314676523e-01	8.3333331347e-01	nan	nan
1950	6.9314682484e-01	8.3333331347e-01	nan	nan
1951	6.9314682484e-01	8.3333331347e-01	nan	nan
1952	6.9314682484e-01	8.3333331347e-01	nan	nan
1953	6.9314682484e-01	8.3333331347e-01	nan	nan
1954	6.9314676523e-01	8.3333331347e-01	nan	nan
1955	6.9314676523e-01	8.3333331347e-01	nan	nan
1956	6.9314682484e-01	8.3333331347e-01	nan	nan
1957	6.9314676523e-01	8.3333331347e-01	nan	nan
1958	6.9314682484e-01	8.3333331347e-01	nan	nan
1959	6.9314682484e-01	8.3333331347e-01	nan	nan
1960	6.9314676523e-01	8.3333331347e-01	nan	nan
1961	6.9314682484e-01	8.3333331347e-01	nan	nan
1962	6.9314676523e-01	8.3333331347e-01	nan	nan
1963	6.9314682484e-01	8.3333331347e-01	nan	nan
1964	6.9314676523e-01	8.3333331347e-01	nan	nan
1965	6.9314676523e-01	8.3333331347e-01	nan	nan
1966	6.9314676523e-01	8.3333331347e-01	nan	nan
1967	6.9314676523e-01	8.3333331347e-01	nan	nan
1968	6.9314682484e-01	8.3333331347e-01	nan	nan
1969	6.9314676523e-01	8.3333331347e-01	nan	nan
1970	6.9314676523e-01	8.3333331347e-01	nan	nan
1971	6.9314676523e-01	8.3333331347e-01	nan	nan
1972	6.9314676523e-01	8.3333331347e-01	nan	nan
1973	6.9314676523e-01	8.3333331347e-01	nan	nan
1974	6.9314676523e-01	8.3333331347e-01	nan	nan
1975	6.9314682484e-01	8.3333331347e-01	nan	nan
1976	6.9314682484e-01	8.3333331347e-01	nan	nan
1977	6.9314676523e-01	8.3333331347e-01	nan	nan
1978	6.9314676523e-01	8.3333331347e-01	nan	nan
1979	6.9314682484e-01	8.3333331347e-01	nan	nan
1980	6.9314682484e-01	8.3333331347e-01	nan	nan
1981	6.9314676523e-01	8.3333331347e-01	nan	nan
1982	6.9314676523e-01	8.3333331347e-01	nan	nan
1983	6.9314676523e-01	8.3333331347e-01	nan	nan
1984	6.9314682484e-01	8.3333331347e-01	nan	nan
1985	6.9314682484e-01	8.3333331347e-01	nan	nan
1986	6.9314682484e-01	8.3333331347e-01	nan	nan
1987	6.9314682484e-01	8.3333331347e-01	nan	nan
1988	6.9314676523e-01	8.3333331347e-01	nan	nan
1989	6.9314676523e-01	8.3333331347e-01	nan	nan
1990	6.9314676523e-01	8.3333331347e-01	nan	nan
1991	6.9314682484e-01	8.3333331347e-01	nan	nan
1992	6.9314682484e-01	8.3333331347e-01	nan	nan
1993	6.9314676523e-01	8.3333331347e-01	nan	nan
1994	6.9314676523e-01	8.3333331347e-01	nan	nan
1995	6.9314682484e-01	8.3333331347e-01	nan	nan
1996	6.9314676523e-01	8.3333331347e-01	nan	nan
1997	6.9314682484e-01	8.3333331347e-01	nan	nan
1998	6.9314682484e-01	8.3333331347e-01	nan	nan
1999	6.9314676523e-01	8.3333331347e-01	nan	nan
2000	6.9314670563e-01	8.3333331347e-01	nan	nan
