Label	Class	n_sample
0	dogs	791
1	cats	791

Epoch	AvgTrainLoss	AvgTrainAcc	AvgValLoss	AvgValAcc
1	7.2854709625e-01	5.0824654102e-01	6.9315910339e-01	5.0000000000e-01
2	6.9322586060e-01	4.9891492724e-01	6.9314253330e-01	5.0000000000e-01
3	6.9312185049e-01	4.9869790673e-01	6.9257664680e-01	5.0000000000e-01
4	6.9223874807e-01	5.0130206347e-01	6.9150644541e-01	5.0632911921e-01
5	6.9244843721e-01	5.0368922949e-01	6.9312763214e-01	5.0000000000e-01
6	6.9325584173e-01	4.9797454476e-01	6.9314438105e-01	5.0000000000e-01
7	6.9315576553e-01	5.0303822756e-01	6.9309371710e-01	5.0000000000e-01
8	6.9308334589e-01	4.9848091602e-01	6.9256532192e-01	5.0000000000e-01
9	6.9245624542e-01	5.0368922949e-01	6.9321990013e-01	5.0000000000e-01
10	6.9590884447e-01	5.3378182650e-01	6.8084114790e-01	5.2531647682e-01
11	6.8653780222e-01	5.3342014551e-01	6.9351929426e-01	5.0000000000e-01
12	6.9091159105e-01	5.0000000000e-01	6.8712359667e-01	5.0000000000e-01
13	6.8416684866e-01	5.0376158953e-01	6.8343108892e-01	4.6202531457e-01
14	6.8040370941e-01	5.9461802244e-01	6.7436844110e-01	5.5696201324e-01
15	6.6874903440e-01	6.2405961752e-01	6.6808056831e-01	5.5696201324e-01
16	6.6415852308e-01	6.4257812500e-01	7.5301396847e-01	5.6962025166e-01
17	6.8603962660e-01	5.6076389551e-01	6.6801947355e-01	5.6962025166e-01
18	6.4870834351e-01	6.4937788248e-01	6.9786280394e-01	5.5696201324e-01
19	6.6457974911e-01	6.1212384701e-01	6.6305327415e-01	5.8860760927e-01
20	6.4129221439e-01	6.5183740854e-01	6.7247486115e-01	6.3291138411e-01
21	6.3425874710e-01	6.4445894957e-01	6.9575840235e-01	5.9493672848e-01
22	6.3768875599e-01	6.4301216602e-01	6.4642369747e-01	6.0759490728e-01
23	6.3641184568e-01	6.4547163248e-01	6.6736531258e-01	6.0126584768e-01
24	6.3838380575e-01	6.4402490854e-01	6.9377464056e-01	5.8860760927e-01
25	6.3194137812e-01	6.5509259701e-01	6.4767473936e-01	6.2658226490e-01
26	6.1982613802e-01	6.6710066795e-01	6.5716648102e-01	6.2025314569e-01
27	6.2709462643e-01	6.6673898697e-01	6.7422688007e-01	6.0759490728e-01
28	6.2680917978e-01	6.5060764551e-01	6.5221297741e-01	5.8860760927e-01
29	6.2412089109e-01	6.5747976303e-01	6.6444319487e-01	6.0126584768e-01
30	6.1286354065e-01	6.5248841047e-01	7.7313625813e-01	5.8227849007e-01
31	6.1768233776e-01	6.5400749445e-01	6.8890827894e-01	5.8860760927e-01
32	6.0303086042e-01	6.7795139551e-01	6.6213953495e-01	6.3291138411e-01
33	6.0798251629e-01	6.7115163803e-01	6.4743542671e-01	6.3291138411e-01
34	6.0655516386e-01	6.7867475748e-01	6.8371111155e-01	6.1392402649e-01
35	5.9244203568e-01	6.8004918098e-01	7.4962967634e-01	6.2025314569e-01
36	5.9033435583e-01	6.8265336752e-01	6.7015993595e-01	6.4556962252e-01
37	6.0065835714e-01	6.7418980598e-01	6.5952271223e-01	6.1392402649e-01
38	5.8455044031e-01	7.0044851303e-01	6.6805714369e-01	6.3924050331e-01
39	5.8754450083e-01	6.8706601858e-01	7.2930449247e-01	6.3924050331e-01
40	5.8122092485e-01	6.9574648142e-01	6.4529001713e-01	6.3291138411e-01
41	5.7412797213e-01	6.8482351303e-01	6.5974235535e-01	6.5822786093e-01
42	5.9605973959e-01	6.8901914358e-01	6.2569117546e-01	6.4556962252e-01
43	5.6416207552e-01	7.2099250555e-01	6.2211328745e-01	6.5189874172e-01
44	5.4080080986e-01	7.2735816240e-01	5.7770401239e-01	6.7088609934e-01
45	6.1333721876e-01	6.8395543098e-01	6.3157582283e-01	6.1392402649e-01
46	6.3828384876e-01	6.5147572756e-01	6.7642825842e-01	5.6329113245e-01
47	6.0967952013e-01	6.7129629850e-01	7.8390669823e-01	6.3924050331e-01
48	5.9214735031e-01	6.8547457457e-01	6.7698502541e-01	5.8860760927e-01
49	5.6788867712e-01	7.0695894957e-01	6.4636081457e-01	6.4556962252e-01
50	5.6922161579e-01	6.9972515106e-01	6.2216484547e-01	6.0126584768e-01
51	6.1798304319e-01	6.4518231153e-01	6.5513575077e-01	6.9620251656e-01
52	5.8264976740e-01	6.8026620150e-01	5.7901459932e-01	7.2784811258e-01
53	5.8138436079e-01	7.0522278547e-01	5.5245625973e-01	7.0886075497e-01
54	5.5027705431e-01	7.1752023697e-01	5.5456191301e-01	7.1518987417e-01
55	5.4930955172e-01	7.2511577606e-01	5.6709384918e-01	6.9620251656e-01
56	5.2318954468e-01	7.4240452051e-01	5.5753540993e-01	7.0886075497e-01
57	5.4235875607e-01	7.2880500555e-01	5.4245215654e-01	7.1518987417e-01
58	5.1152789593e-01	7.5238710642e-01	5.7210940123e-01	7.2151899338e-01
59	5.1688677073e-01	7.4168109894e-01	5.5372554064e-01	7.0886075497e-01
60	5.0348001719e-01	7.5875288248e-01	5.7053250074e-01	7.2151899338e-01
61	5.1833987236e-01	7.4175351858e-01	5.6071001291e-01	7.2784811258e-01
62	5.0662690401e-01	7.5940394402e-01	5.7693976164e-01	7.0886075497e-01
63	5.2170681953e-01	7.4703413248e-01	6.6862016916e-01	6.6455698013e-01
64	4.9717414379e-01	7.7112269402e-01	6.6691094637e-01	7.0253163576e-01
65	4.5990410447e-01	7.8493922949e-01	6.5307801962e-01	6.9620251656e-01
66	4.6561059356e-01	7.6837378740e-01	7.2599935532e-01	6.7721521854e-01
67	4.6522974968e-01	7.7662038803e-01	6.2588596344e-01	7.0253163576e-01
68	4.5424166322e-01	7.9593461752e-01	6.9824397564e-01	6.8987339735e-01
69	4.6534052491e-01	7.7473956347e-01	7.8151994944e-01	6.7721521854e-01
70	4.7168457508e-01	7.7886289358e-01	7.3385226727e-01	6.6455698013e-01
71	4.6403685212e-01	7.7604168653e-01	7.1531462669e-01	6.6455698013e-01
72	4.2975080013e-01	8.0237269402e-01	7.7091079950e-01	6.9620251656e-01
73	4.3434858322e-01	7.9535585642e-01	6.0567700863e-01	7.0886075497e-01
74	4.1734781861e-01	8.1459778547e-01	6.3216191530e-01	7.2151899338e-01
75	4.0505054593e-01	8.1886577606e-01	6.2152194977e-01	7.0253163576e-01
76	4.0779420733e-01	8.1749129295e-01	6.0443949699e-01	7.1518987417e-01
77	4.3481394649e-01	7.9875582457e-01	8.5113793612e-01	7.0253163576e-01
78	4.0307596326e-01	8.1221061945e-01	7.6924026012e-01	7.0253163576e-01
79	3.8906976581e-01	8.3492475748e-01	7.7868872881e-01	7.1518987417e-01
80	4.2890369892e-01	7.8414350748e-01	5.5063235760e-01	7.7215188742e-01
81	4.1142717004e-01	8.0461519957e-01	5.9188765287e-01	7.4683547020e-01
82	4.1113504767e-01	8.0541086197e-01	5.9503144026e-01	6.8987339735e-01
83	3.7183269858e-01	8.2689523697e-01	6.9146078825e-01	7.5316452980e-01
84	3.9020511508e-01	8.1727433205e-01	6.3017106056e-01	7.0253163576e-01
85	3.8278865814e-01	8.4577542543e-01	7.5352019072e-01	7.2151899338e-01
86	3.8634443283e-01	8.1488710642e-01	8.8178843260e-01	6.5189874172e-01
87	3.9208242297e-01	8.1973379850e-01	9.4806373119e-01	6.9620251656e-01
88	3.7307679653e-01	8.3051210642e-01	6.9242346287e-01	7.4683547020e-01
89	3.6392331123e-01	8.3152484894e-01	6.4718329906e-01	7.4683547020e-01
90	3.3908441663e-01	8.5496234894e-01	5.8155483007e-01	7.4683547020e-01
91	4.0313506126e-01	8.1872105598e-01	6.8168884516e-01	7.0253163576e-01
92	3.8370046020e-01	8.1893807650e-01	8.6345654726e-01	7.4683547020e-01
93	3.9760494232e-01	8.1293398142e-01	6.2564456463e-01	7.7215188742e-01
94	3.7164184451e-01	8.2378476858e-01	8.4856462479e-01	7.0886075497e-01
95	3.9182862639e-01	8.1669563055e-01	6.3430517912e-01	7.0253163576e-01
96	3.8038125634e-01	8.2154226303e-01	7.1228522062e-01	6.9620251656e-01
97	3.5833680630e-01	8.3825230598e-01	6.8937426805e-01	7.0253163576e-01
98	3.1502792239e-01	8.6349827051e-01	7.8910106421e-01	7.0886075497e-01
99	3.4998407960e-01	8.4027773142e-01	9.9696564674e-01	6.8987339735e-01
100	3.2796859741e-01	8.4968167543e-01	7.7445530891e-01	7.0886075497e-01
101	6.2750059366e-01	6.8004918098e-01	6.0472077131e-01	5.8860760927e-01
102	6.2294822931e-01	6.4539927244e-01	6.1704623699e-01	6.3291138411e-01
103	6.0422247648e-01	6.8033856153e-01	6.3494515419e-01	6.7088609934e-01
104	6.0101956129e-01	7.0392066240e-01	5.6429451704e-01	7.3417723179e-01
105	5.7132679224e-01	6.9097226858e-01	5.5144679546e-01	7.3417723179e-01
106	5.5607765913e-01	7.2388601303e-01	5.4677522182e-01	7.9746836424e-01
107	5.5547529459e-01	7.3213249445e-01	5.2815002203e-01	8.0379748344e-01
108	5.3790467978e-01	7.4146413803e-01	5.1651728153e-01	7.0886075497e-01
109	5.2710628510e-01	7.3784726858e-01	5.1092612743e-01	7.5316452980e-01
110	5.1721650362e-01	7.4522566795e-01	4.6128332615e-01	7.9746836424e-01
111	4.8739877343e-01	7.6866316795e-01	4.4141444564e-01	8.1645572186e-01
112	4.9431777000e-01	7.5513601303e-01	4.5399126410e-01	7.5949364901e-01
113	4.9046146870e-01	7.7792245150e-01	4.4333881140e-01	7.9113924503e-01
114	4.5193588734e-01	7.9311341047e-01	4.2091843486e-01	8.3544301987e-01
115	4.5221984386e-01	7.8327542543e-01	3.9408057928e-01	8.1012660265e-01
116	4.9676942825e-01	7.7669268847e-01	4.2713603377e-01	8.1012660265e-01
117	5.1394855976e-01	7.4088543653e-01	4.6941065788e-01	8.1012660265e-01
118	4.7793540359e-01	7.6504629850e-01	4.2714914680e-01	7.9113924503e-01
119	4.5112887025e-01	7.7973085642e-01	3.6641007662e-01	8.4177213907e-01
120	4.3008637428e-01	8.0201101303e-01	3.7319761515e-01	8.6708861589e-01
121	4.0406557918e-01	8.2725691795e-01	3.6553385854e-01	8.6075949669e-01
122	3.9638614655e-01	8.2110816240e-01	5.0738894939e-01	7.9746836424e-01
123	4.5032224059e-01	7.8551793098e-01	4.4545778632e-01	8.1645572186e-01
124	4.3579590321e-01	7.8378182650e-01	3.2359242439e-01	8.8607597351e-01
125	4.1415205598e-01	8.0794268847e-01	3.5979384184e-01	8.5443037748e-01
126	4.2414018512e-01	8.0345773697e-01	4.3921130896e-01	8.1012660265e-01
127	4.3096932769e-01	7.9427081347e-01	3.4442344308e-01	8.7341773510e-01
128	4.0522518754e-01	8.1286168098e-01	3.5481423140e-01	8.6075949669e-01
129	4.1809877753e-01	8.1727433205e-01	4.2843878269e-01	8.6075949669e-01
130	4.2455765605e-01	7.9846644402e-01	4.4719338417e-01	8.1645572186e-01
131	4.3216729164e-01	8.0396413803e-01	4.2703083158e-01	8.0379748344e-01
132	3.9110326767e-01	8.2175922394e-01	3.3202233911e-01	8.6075949669e-01
133	3.8877055049e-01	8.2132524252e-01	4.1396167874e-01	8.4177213907e-01
134	4.2206883430e-01	8.1047457457e-01	3.5996374488e-01	8.4177213907e-01
135	3.7632668018e-01	8.2942706347e-01	3.0849882960e-01	8.6075949669e-01
136	3.6921191216e-01	8.4114581347e-01	3.4580186009e-01	8.5443037748e-01
137	3.6171638966e-01	8.4678816795e-01	3.8507208228e-01	8.4177213907e-01
138	3.5271176696e-01	8.4707754850e-01	4.6069648862e-01	8.1645572186e-01
139	3.7869819999e-01	8.3217591047e-01	4.3822517991e-01	8.2911390066e-01
140	3.7123426795e-01	8.3680558205e-01	4.3746697903e-01	8.3544301987e-01
141	3.6728417873e-01	8.3948206902e-01	3.5736402869e-01	8.6075949669e-01
142	3.5672894120e-01	8.2769101858e-01	3.9033767581e-01	8.4810125828e-01
143	3.4982207417e-01	8.5033273697e-01	5.6949210167e-01	8.2278478146e-01
144	3.2295003533e-01	8.6140042543e-01	3.3923417330e-01	8.4177213907e-01
145	3.2569721341e-01	8.6508971453e-01	3.5908728838e-01	8.7341773510e-01
146	3.3574828506e-01	8.5214120150e-01	3.8781061769e-01	8.7341773510e-01
147	3.2570746541e-01	8.6168980598e-01	3.6675870419e-01	8.6075949669e-01
148	3.1462976336e-01	8.6212378740e-01	4.7252088785e-01	8.4810125828e-01
149	3.3936259151e-01	8.5677081347e-01	4.2259985209e-01	8.3544301987e-01
150	3.3964395523e-01	8.5018807650e-01	3.8197502494e-01	8.5443037748e-01
151	8.8777631521e-01	6.6833043098e-01	5.5342978239e-01	6.7088609934e-01
152	6.0905832052e-01	6.4749711752e-01	5.2648615837e-01	7.3417723179e-01
153	5.9008598328e-01	6.9560188055e-01	5.3755611181e-01	7.7848100662e-01
154	5.8174228668e-01	7.1375870705e-01	5.1479631662e-01	7.9113924503e-01
155	5.5016058683e-01	7.5137442350e-01	5.2262306213e-01	7.5316452980e-01
156	5.5972254276e-01	7.1477144957e-01	5.6756526232e-01	6.8987339735e-01
157	5.4692775011e-01	7.2540503740e-01	5.1952856779e-01	7.8481012583e-01
158	5.0430452824e-01	7.6048898697e-01	4.9590754509e-01	7.9113924503e-01
159	4.8403581977e-01	7.6511859894e-01	4.8853036761e-01	7.6582276821e-01
160	4.9403515458e-01	7.7683734894e-01	4.8111888766e-01	7.9113924503e-01
161	4.8780286312e-01	7.5578707457e-01	5.4767960310e-01	7.5949364901e-01
162	4.9092531204e-01	7.7076101303e-01	5.0229763985e-01	7.4683547020e-01
163	4.8802113533e-01	7.6765042543e-01	5.1844388247e-01	7.7215188742e-01
164	4.8937201500e-01	7.6931422949e-01	5.2055907249e-01	7.6582276821e-01
165	5.2187329531e-01	7.4023437500e-01	5.1114660501e-01	7.4050635099e-01
166	4.6930062771e-01	7.7611398697e-01	4.3024054170e-01	8.1012660265e-01
167	4.2805436254e-01	8.1076389551e-01	4.7770607471e-01	8.1645572186e-01
168	4.0684619546e-01	8.2183164358e-01	4.5563250780e-01	8.0379748344e-01
169	4.0325126052e-01	8.0881077051e-01	4.0749812126e-01	8.2911390066e-01
170	4.1408231854e-01	8.0186629295e-01	4.6119937301e-01	8.0379748344e-01
171	4.0623486042e-01	8.1626158953e-01	5.5917704105e-01	8.0379748344e-01
172	3.8131079078e-01	8.3716726303e-01	4.2768010497e-01	8.1645572186e-01
173	3.9674678445e-01	8.1980609894e-01	4.3495085835e-01	8.1645572186e-01
174	3.9376592636e-01	8.2089120150e-01	4.5670130849e-01	8.0379748344e-01
175	3.9897620678e-01	8.2060188055e-01	4.5257917047e-01	7.7215188742e-01
176	4.3989637494e-01	7.8833913803e-01	4.1669937968e-01	8.1645572186e-01
177	4.0312919021e-01	8.1792539358e-01	3.9988237619e-01	8.2278478146e-01
178	3.8973963261e-01	8.1098085642e-01	5.5181747675e-01	7.8481012583e-01
179	4.1162773967e-01	8.0504918098e-01	4.4245490432e-01	8.2911390066e-01
180	4.1349521279e-01	8.0678528547e-01	3.9271578193e-01	8.3544301987e-01
181	3.8801583648e-01	8.2024019957e-01	3.7905618548e-01	8.5443037748e-01
182	3.6499810219e-01	8.4389466047e-01	4.0099900961e-01	8.4177213907e-01
183	3.5482659936e-01	8.4150749445e-01	4.0841940045e-01	8.2911390066e-01
184	3.3977821469e-01	8.5105609894e-01	4.1433256865e-01	8.1645572186e-01
185	3.4676030278e-01	8.4143519402e-01	4.0924751759e-01	8.4810125828e-01
186	3.5307225585e-01	8.4432870150e-01	3.7308266759e-01	8.4177213907e-01
187	4.0905651450e-01	8.1423610449e-01	3.8561844826e-01	8.1012660265e-01
188	3.5126399994e-01	8.4114581347e-01	4.1820961237e-01	8.2911390066e-01
189	3.4343168139e-01	8.5134547949e-01	3.8701224327e-01	8.3544301987e-01
190	3.4084305167e-01	8.4859663248e-01	3.5740295053e-01	8.3544301987e-01
191	3.1482797861e-01	8.5850691795e-01	3.5016486049e-01	8.3544301987e-01
192	3.6913684011e-01	8.2855898142e-01	4.3054151535e-01	8.1645572186e-01
193	3.9378163218e-01	8.2385706902e-01	3.9353299141e-01	8.2911390066e-01
194	3.6468815804e-01	8.4063941240e-01	3.7789666653e-01	8.5443037748e-01
195	3.9268028736e-01	8.3116316795e-01	4.0521895885e-01	8.5443037748e-01
196	3.5937425494e-01	8.4244793653e-01	3.5097613931e-01	8.5443037748e-01
197	3.5077869892e-01	8.4302663803e-01	3.3714160323e-01	8.7341773510e-01
198	3.3755281568e-01	8.5503476858e-01	4.0863487124e-01	8.4810125828e-01
199	3.3066478372e-01	8.5011577606e-01	3.7345668674e-01	8.6708861589e-01
200	3.3939170837e-01	8.4801793098e-01	3.3212515712e-01	8.5443037748e-01
